 
****************************************
Report : area
Design : dp
Version: F-2011.09-SP3
Date   : Fri Jan 17 17:45:41 2020
****************************************

Library(s) Used:

    NangateOpenCellLibrary (File: /home/mg.lowpower/do/libnangate/NangateOpenCellLibrary_typical_ecsm.db)

Number of ports:                          154
Number of nets:                           299
Number of cells:                           57
Number of combinational cells:             13
Number of sequential cells:                29
Number of macros:                           0
Number of buf/inv:                          5
Number of references:                      21

Combinational area:       13018.572007
Noncombinational area:    14141.890432
Net Interconnect area:      undefined  (Wire load has zero net area)

Total cell area:          27160.462439
Total area:                 undefined
1
