Information: Updating design information... (UID-85)
Information: Propagating switching activity (low effort zero delay simulation). (PWR-6)
 
****************************************
Report : power
        -analysis_effort low
Design : dp
Version: F-2011.09-SP3
Date   : Fri Jan 17 17:52:33 2020
****************************************


Library(s) Used:

    NangateOpenCellLibrary (File: /home/mg.lowpower/do/libnangate/NangateOpenCellLibrary_typical_ecsm.db)


Operating Conditions: typical   Library: NangateOpenCellLibrary
Wire Load Model Mode: top

Design        Wire Load Model            Library
------------------------------------------------
dp                     5K_hvratio_1_1    NangateOpenCellLibrary


Global Operating Voltage = 1.1  
Power-specific unit information :
    Voltage Units = 1V
    Capacitance Units = 1.000000ff
    Time Units = 1ns
    Dynamic Power Units = 1uW    (derived from V,C,T units)
    Leakage Power Units = 1nW


  Cell Internal Power  =   3.2239 mW   (75%)
  Net Switching Power  =   1.0512 mW   (25%)
                         ---------
Total Dynamic Power    =   4.2751 mW  (100%)

Cell Leakage Power     = 491.5770 uW


                 Internal         Switching           Leakage            Total
Power Group      Power            Power               Power              Power   (   %    )  Attrs
--------------------------------------------------------------------------------------------------
io_pad             0.0000            0.0000            0.0000            0.0000  (   0.00%)
memory             0.0000            0.0000            0.0000            0.0000  (   0.00%)
black_box          0.0000            0.0000            0.0000            0.0000  (   0.00%)
clock_network    463.6342          725.0539        1.1001e+04        1.1997e+03  (  25.17%)
register       2.5851e+03           27.4538        2.1632e+05        2.8289e+03  (  59.35%)
sequential         0.0000            0.0000            0.0000            0.0000  (   0.00%)
combinational    175.1634          298.6616        2.6425e+05          738.0777  (  15.48%)
--------------------------------------------------------------------------------------------------
Total          3.2239e+03 uW     1.0512e+03 uW     4.9157e+05 nW     4.7666e+03 uW
1
