 
****************************************
Report : area
Design : top
Version: O-2018.06-SP4
Date   : Tue Apr 28 19:50:39 2020
****************************************

Information: Updating design information... (UID-85)
Library(s) Used:

    NangateOpenCellLibrary (File: /software/dk/nangate45/synopsys/NangateOpenCellLibrary_typical_ecsm_nowlm.db)

Number of ports:                        17117
Number of nets:                         31835
Number of cells:                        13791
Number of combinational cells:          10184
Number of sequential cells:              2543
Number of macros/black boxes:               0
Number of buf/inv:                       3746
Number of references:                       3

Combinational area:              16555.574169
Buf/Inv area:                     2107.518009
Noncombinational area:           14519.610311
Macro/Black Box area:                0.000000
Net Interconnect area:      undefined  (Wire load has zero net area)

Total cell area:                 31075.184480
Total area:                 undefined
1
