 
****************************************
Report : power
        -hier
        -analysis_effort low
Design : top
Version: O-2018.06-SP4
Date   : Tue Apr 28 19:51:16 2020
****************************************


Library(s) Used:

    NangateOpenCellLibrary (File: /software/dk/nangate45/synopsys/NangateOpenCellLibrary_typical_ecsm_nowlm.db)


Operating Conditions: typical   Library: NangateOpenCellLibrary
Wire Load Model Mode: top

Design        Wire Load Model            Library
------------------------------------------------
top                    5K_hvratio_1_1    NangateOpenCellLibrary


Global Operating Voltage = 1.1  
Power-specific unit information :
    Voltage Units = 1V
    Capacitance Units = 1.000000ff
    Time Units = 1ns
    Dynamic Power Units = 1uW    (derived from V,C,T units)
    Leakage Power Units = 1nW


--------------------------------------------------------------------------------
                                       Switch   Int      Leak     Total
Hierarchy                              Power    Power    Power    Power    %
--------------------------------------------------------------------------------
top                                     539.159 1.87e+03 5.13e+05 2.92e+03 100.0
  dp_1 (dp)                             522.203 1.81e+03 4.81e+05 2.81e+03  96.2
    p_2_2_i_3 (p_2_2_0)                   0.499    1.541 2.55e+03    4.587   0.2
      round_1 (round_N_I6_N_O4_0)         0.000    0.000  314.693    0.315   0.0
    p_2_2_i_2 (p_2_2_1)                   0.499    1.541 2.55e+03    4.587   0.2
      round_1 (round_N_I6_N_O4_1)         0.000    0.000  314.693    0.315   0.0
    p_2_2_i_1 (p_2_2_2)                   0.499    1.541 2.55e+03    4.587   0.2
      round_1 (round_N_I6_N_O4_2)         0.000    0.000  314.693    0.315   0.0
    p_2_2_i_0 (p_2_2_3)                   0.499    1.563 2.55e+03    4.609   0.2
      round_1 (round_N_I6_N_O4_3)         0.000    0.000  314.693    0.315   0.0
    relu_i_7 (relu_N_I16_N_O4_0)          0.000    0.000  468.405    0.468   0.0
    relu_i_6 (relu_N_I16_N_O4_1)          0.000    0.000  468.405    0.468   0.0
    relu_i_5 (relu_N_I16_N_O4_2)          0.000    0.000  468.405    0.468   0.0
    relu_i_4 (relu_N_I16_N_O4_3)          0.000    0.000  468.405    0.468   0.0
    relu_i_3 (relu_N_I16_N_O4_4)          0.000    0.000  468.405    0.468   0.0
    relu_i_2 (relu_N_I16_N_O4_5)          0.000    0.000  468.405    0.468   0.0
    relu_i_1 (relu_N_I16_N_O4_6)          0.000    0.000  468.405    0.468   0.0
    relu_i_0 (relu_N_I16_N_O4_7)          0.000    0.000  468.405    0.468   0.0
    npu_1 (npu)                         459.133 1.69e+03 4.25e+05 2.57e+03  87.9
      pe_i_7_7 (pe_0)                     6.624   26.577 6.51e+03   39.714   1.4
        addsub_1 (addsub_N16_0)           0.644    0.982 2.88e+03    4.504   0.2
          add_104 (addsub_N16_0_DW01_add_0)
                                       1.74e-02 5.29e-02  771.465    0.842   0.0
          sub_108 (addsub_N16_0_DW01_sub_0)
                                          0.254    0.550 1.35e+03    2.156   0.1
      pe_i_7_6 (pe_1)                     6.744   26.708 6.51e+03   39.966   1.4
        addsub_1 (addsub_N16_1)           0.672    1.030 2.88e+03    4.581   0.2
          add_104 (addsub_N16_1_DW01_add_0)
                                       1.83e-02 5.60e-02  771.676    0.846   0.0
          sub_108 (addsub_N16_1_DW01_sub_0)
                                          0.269    0.581 1.35e+03    2.201   0.1
      pe_i_7_5 (pe_2)                     6.757   26.745 6.51e+03   40.016   1.4
        addsub_1 (addsub_N16_2)           0.662    1.015 2.88e+03    4.556   0.2
          add_104 (addsub_N16_2_DW01_add_0)
                                       1.83e-02 5.60e-02  771.614    0.846   0.0
          sub_108 (addsub_N16_2_DW01_sub_0)
                                          0.265    0.572 1.35e+03    2.189   0.1
      pe_i_7_4 (pe_3)                     6.756   26.732 6.51e+03   40.001   1.4
        addsub_1 (addsub_N16_3)           0.671    1.024 2.88e+03    4.573   0.2
          add_104 (addsub_N16_3_DW01_add_0)
                                       1.82e-02 5.58e-02  771.563    0.846   0.0
          sub_108 (addsub_N16_3_DW01_sub_0)
                                          0.266    0.573 1.35e+03    2.191   0.1
      pe_i_7_3 (pe_4)                     6.754   26.775 6.51e+03   40.042   1.4
        addsub_1 (addsub_N16_4)           0.674    1.033 2.88e+03    4.586   0.2
          add_104 (addsub_N16_4_DW01_add_0)
                                       1.83e-02 5.61e-02  771.526    0.846   0.0
          sub_108 (addsub_N16_4_DW01_sub_0)
                                          0.270    0.583 1.35e+03    2.204   0.1
      pe_i_7_2 (pe_5)                     6.702   26.512 6.53e+03   39.742   1.4
        addsub_1 (addsub_N16_5)           0.638    0.977 2.88e+03    4.494   0.2
          add_104 (addsub_N16_5_DW01_add_0)
                                       1.74e-02 5.35e-02  771.521    0.842   0.0
          sub_108 (addsub_N16_5_DW01_sub_0)
                                          0.257    0.555 1.35e+03    2.164   0.1
      pe_i_7_1 (pe_6)                     6.814   26.507 6.53e+03   39.850   1.4
        addsub_1 (addsub_N16_6)           0.655    1.000 2.88e+03    4.534   0.2
          add_104 (addsub_N16_6_DW01_add_0)
                                       1.68e-02 5.15e-02  771.390    0.840   0.0
          sub_108 (addsub_N16_6_DW01_sub_0)
                                          0.259    0.564 1.35e+03    2.175   0.1
      pe_i_7_0 (pe_7)                     6.708   26.357 6.53e+03   39.594   1.4
        addsub_1 (addsub_N16_7)           0.657    1.003 2.88e+03    4.538   0.2
          add_104 (addsub_N16_7_DW01_add_0)
                                       1.61e-02 4.92e-02  771.714    0.837   0.0
          sub_108 (addsub_N16_7_DW01_sub_0)
                                          0.257    0.563 1.35e+03    2.172   0.1
      pe_i_6_7 (pe_8)                     6.817   26.363 6.53e+03   39.704   1.4
        addsub_1 (addsub_N16_8)           0.660    1.010 2.88e+03    4.550   0.2
          add_104 (addsub_N16_8_DW01_add_0)
                                       1.81e-02 5.52e-02  771.540    0.845   0.0
          sub_108 (addsub_N16_8_DW01_sub_0)
                                          0.265    0.574 1.35e+03    2.191   0.1
      pe_i_6_6 (pe_9)                     6.836   26.439 6.53e+03   39.800   1.4
        addsub_1 (addsub_N16_9)           0.670    1.025 2.88e+03    4.573   0.2
          add_104 (addsub_N16_9_DW01_add_0)
                                       1.85e-02 5.66e-02  771.513    0.847   0.0
          sub_108 (addsub_N16_9_DW01_sub_0)
                                          0.269    0.581 1.35e+03    2.202   0.1
      pe_i_6_5 (pe_10)                    6.839   26.445 6.53e+03   39.809   1.4
        addsub_1 (addsub_N16_10)          0.672    1.036 2.88e+03    4.587   0.2
          add_104 (addsub_N16_10_DW01_add_0)
                                       1.89e-02 5.78e-02  771.397    0.848   0.0
          sub_108 (addsub_N16_10_DW01_sub_0)
                                          0.275    0.594 1.35e+03    2.221   0.1
      pe_i_6_4 (pe_11)                    6.841   26.443 6.52e+03   39.809   1.4
        addsub_1 (addsub_N16_11)          0.681    1.044 2.88e+03    4.603   0.2
          add_104 (addsub_N16_11_DW01_add_0)
                                       1.83e-02 5.59e-02  771.423    0.846   0.0
          sub_108 (addsub_N16_11_DW01_sub_0)
                                          0.273    0.594 1.35e+03    2.219   0.1
      pe_i_6_3 (pe_12)                    6.843   26.429 6.52e+03   39.797   1.4
        addsub_1 (addsub_N16_12)          0.675    1.032 2.88e+03    4.586   0.2
          add_104 (addsub_N16_12_DW01_add_0)
                                       1.87e-02 5.73e-02  771.413    0.847   0.0
          sub_108 (addsub_N16_12_DW01_sub_0)
                                          0.270    0.583 1.35e+03    2.205   0.1
      pe_i_6_2 (pe_13)                    6.820   26.409 6.52e+03   39.754   1.4
        addsub_1 (addsub_N16_13)          0.663    1.017 2.88e+03    4.558   0.2
          add_104 (addsub_N16_13_DW01_add_0)
                                       1.81e-02 5.54e-02  771.376    0.845   0.0
          sub_108 (addsub_N16_13_DW01_sub_0)
                                          0.270    0.584 1.35e+03    2.206   0.1
      pe_i_6_1 (pe_14)                    6.817   26.394 6.52e+03   39.735   1.4
        addsub_1 (addsub_N16_14)          0.665    1.021 2.88e+03    4.564   0.2
          add_104 (addsub_N16_14_DW01_add_0)
                                       1.79e-02 5.48e-02  771.542    0.844   0.0
          sub_108 (addsub_N16_14_DW01_sub_0)
                                          0.269    0.584 1.35e+03    2.204   0.1
      pe_i_6_0 (pe_15)                    6.633   26.383 6.51e+03   39.526   1.4
        addsub_1 (addsub_N16_15)          0.657    0.998 2.88e+03    4.534   0.2
          add_104 (addsub_N16_15_DW01_add_0)
                                       1.69e-02 5.15e-02  771.656    0.840   0.0
          sub_108 (addsub_N16_15_DW01_sub_0)
                                          0.258    0.562 1.35e+03    2.171   0.1
      pe_i_5_7 (pe_16)                    6.738   26.517 6.51e+03   39.761   1.4
        addsub_1 (addsub_N16_16)          0.683    1.045 2.88e+03    4.607   0.2
          add_104 (addsub_N16_16_DW01_add_0)
                                       1.92e-02 5.90e-02  771.373    0.850   0.0
          sub_108 (addsub_N16_16_DW01_sub_0)
                                          0.277    0.597 1.35e+03    2.226   0.1
      pe_i_5_6 (pe_17)                    6.710   26.339 6.52e+03   39.571   1.4
        addsub_1 (addsub_N16_17)          0.666    1.021 2.88e+03    4.566   0.2
          add_104 (addsub_N16_17_DW01_add_0)
                                       1.86e-02 5.68e-02  771.427    0.847   0.0
          sub_108 (addsub_N16_17_DW01_sub_0)
                                          0.267    0.577 1.35e+03    2.196   0.1
      pe_i_5_5 (pe_18)                    6.848   26.414 6.52e+03   39.785   1.4
        addsub_1 (addsub_N16_18)          0.686    1.052 2.88e+03    4.617   0.2
          add_104 (addsub_N16_18_DW01_add_0)
                                       1.94e-02 5.93e-02  771.503    0.850   0.0
          sub_108 (addsub_N16_18_DW01_sub_0)
                                          0.277    0.596 1.35e+03    2.225   0.1
      pe_i_5_4 (pe_19)                    6.814   26.353 6.52e+03   39.689   1.4
        addsub_1 (addsub_N16_19)          0.671    1.027 2.88e+03    4.577   0.2
          add_104 (addsub_N16_19_DW01_add_0)
                                       1.89e-02 5.78e-02  771.507    0.848   0.0
          sub_108 (addsub_N16_19_DW01_sub_0)
                                          0.270    0.583 1.35e+03    2.205   0.1
      pe_i_5_3 (pe_20)                    6.823   26.363 6.52e+03   39.708   1.4
        addsub_1 (addsub_N16_20)          0.673    1.028 2.88e+03    4.579   0.2
          add_104 (addsub_N16_20_DW01_add_0)
                                       1.86e-02 5.70e-02  771.431    0.847   0.0
          sub_108 (addsub_N16_20_DW01_sub_0)
                                          0.269    0.581 1.35e+03    2.203   0.1
      pe_i_5_2 (pe_21)                    6.837   26.417 6.52e+03   39.776   1.4
        addsub_1 (addsub_N16_21)          0.679    1.037 2.88e+03    4.594   0.2
          add_104 (addsub_N16_21_DW01_add_0)
                                       1.93e-02 5.91e-02  771.512    0.850   0.0
          sub_108 (addsub_N16_21_DW01_sub_0)
                                          0.274    0.589 1.35e+03    2.214   0.1
      pe_i_5_1 (pe_22)                    6.812   26.351 6.52e+03   39.684   1.4
        addsub_1 (addsub_N16_22)          0.666    1.016 2.88e+03    4.560   0.2
          add_104 (addsub_N16_22_DW01_add_0)
                                       1.87e-02 5.72e-02  771.333    0.847   0.0
          sub_108 (addsub_N16_22_DW01_sub_0)
                                          0.268    0.577 1.35e+03    2.197   0.1
      pe_i_5_0 (pe_23)                    6.712   26.232 6.52e+03   39.467   1.3
        addsub_1 (addsub_N16_23)          0.659    1.003 2.88e+03    4.541   0.2
          add_104 (addsub_N16_23_DW01_add_0)
                                       1.69e-02 5.17e-02  771.586    0.840   0.0
          sub_108 (addsub_N16_23_DW01_sub_0)
                                          0.261    0.569 1.35e+03    2.181   0.1
      pe_i_4_7 (pe_24)                    6.825   26.329 6.52e+03   39.674   1.4
        addsub_1 (addsub_N16_24)          0.686    1.051 2.88e+03    4.616   0.2
          add_104 (addsub_N16_24_DW01_add_0)
                                       1.92e-02 5.88e-02  771.450    0.849   0.0
          sub_108 (addsub_N16_24_DW01_sub_0)
                                          0.278    0.600 1.35e+03    2.230   0.1
      pe_i_4_6 (pe_25)                    6.836   26.356 6.52e+03   39.712   1.4
        addsub_1 (addsub_N16_25)          0.696    1.068 2.88e+03    4.643   0.2
          add_104 (addsub_N16_25_DW01_add_0)
                                       1.96e-02 6.00e-02  771.453    0.851   0.0
          sub_108 (addsub_N16_25_DW01_sub_0)
                                          0.282    0.609 1.35e+03    2.244   0.1
      pe_i_4_5 (pe_26)                    6.817   26.277 6.52e+03   39.614   1.4
        addsub_1 (addsub_N16_26)          0.688    1.060 2.88e+03    4.627   0.2
          add_104 (addsub_N16_26_DW01_add_0)
                                       1.94e-02 5.92e-02  771.425    0.850   0.0
          sub_108 (addsub_N16_26_DW01_sub_0)
                                          0.282    0.611 1.35e+03    2.245   0.1
      pe_i_4_4 (pe_27)                    6.726   26.444 6.50e+03   39.674   1.4
        addsub_1 (addsub_N16_27)          0.681    1.038 2.88e+03    4.597   0.2
          add_104 (addsub_N16_27_DW01_add_0)
                                       1.89e-02 5.79e-02  771.327    0.848   0.0
          sub_108 (addsub_N16_27_DW01_sub_0)
                                          0.273    0.590 1.35e+03    2.216   0.1
      pe_i_4_3 (pe_28)                    6.695   26.388 6.50e+03   39.588   1.4
        addsub_1 (addsub_N16_28)          0.676    1.041 2.88e+03    4.595   0.2
          add_104 (addsub_N16_28_DW01_add_0)
                                       1.90e-02 5.83e-02  771.394    0.849   0.0
          sub_108 (addsub_N16_28_DW01_sub_0)
                                          0.279    0.604 1.35e+03    2.235   0.1
      pe_i_4_2 (pe_29)                    6.691   26.252 6.52e+03   39.464   1.3
        addsub_1 (addsub_N16_29)          0.666    1.020 2.88e+03    4.565   0.2
          add_104 (addsub_N16_29_DW01_add_0)
                                       1.86e-02 5.70e-02  771.365    0.847   0.0
          sub_108 (addsub_N16_29_DW01_sub_0)
                                          0.270    0.582 1.35e+03    2.204   0.1
      pe_i_4_1 (pe_30)                    6.846   26.337 6.52e+03   39.703   1.4
        addsub_1 (addsub_N16_30)          0.703    1.071 2.88e+03    4.653   0.2
          add_104 (addsub_N16_30_DW01_add_0)
                                       1.94e-02 5.94e-02  771.377    0.850   0.0
          sub_108 (addsub_N16_30_DW01_sub_0)
                                          0.282    0.608 1.35e+03    2.242   0.1
      pe_i_4_0 (pe_31)                    6.721   26.209 6.52e+03   39.451   1.3
        addsub_1 (addsub_N16_31)          0.676    1.034 2.88e+03    4.589   0.2
          add_104 (addsub_N16_31_DW01_add_0)
                                       1.75e-02 5.34e-02  771.664    0.843   0.0
          sub_108 (addsub_N16_31_DW01_sub_0)
                                          0.272    0.593 1.35e+03    2.216   0.1
      pe_i_3_7 (pe_32)                    6.787   26.219 6.52e+03   39.525   1.4
        addsub_1 (addsub_N16_32)          0.677    1.036 2.88e+03    4.591   0.2
          add_104 (addsub_N16_32_DW01_add_0)
                                       1.85e-02 5.68e-02  771.370    0.847   0.0
          sub_108 (addsub_N16_32_DW01_sub_0)
                                          0.276    0.598 1.35e+03    2.225   0.1
      pe_i_3_6 (pe_33)                    6.795   26.248 6.52e+03   39.562   1.4
        addsub_1 (addsub_N16_33)          0.682    1.043 2.88e+03    4.604   0.2
          add_104 (addsub_N16_33_DW01_add_0)
                                       1.87e-02 5.73e-02  771.338    0.847   0.0
          sub_108 (addsub_N16_33_DW01_sub_0)
                                          0.276    0.597 1.35e+03    2.225   0.1
      pe_i_3_5 (pe_34)                    6.812   26.272 6.52e+03   39.603   1.4
        addsub_1 (addsub_N16_34)          0.692    1.062 2.88e+03    4.633   0.2
          add_104 (addsub_N16_34_DW01_add_0)
                                       1.90e-02 5.82e-02  771.468    0.849   0.0
          sub_108 (addsub_N16_34_DW01_sub_0)
                                          0.283    0.613 1.35e+03    2.248   0.1
      pe_i_3_4 (pe_35)                    6.777   26.182 6.52e+03   39.476   1.3
        addsub_1 (addsub_N16_35)          0.675    1.033 2.88e+03    4.587   0.2
          add_104 (addsub_N16_35_DW01_add_0)
                                       1.81e-02 5.54e-02  771.452    0.845   0.0
          sub_108 (addsub_N16_35_DW01_sub_0)
                                          0.273    0.594 1.35e+03    2.219   0.1
      pe_i_3_3 (pe_36)                    6.774   26.191 6.52e+03   39.483   1.3
        addsub_1 (addsub_N16_36)          0.672    1.034 2.88e+03    4.585   0.2
          add_104 (addsub_N16_36_DW01_add_0)
                                       1.82e-02 5.58e-02  771.367    0.845   0.0
          sub_108 (addsub_N16_36_DW01_sub_0)
                                          0.276    0.600 1.35e+03    2.228   0.1
      pe_i_3_2 (pe_37)                    6.804   26.251 6.52e+03   39.573   1.4
        addsub_1 (addsub_N16_37)          0.686    1.050 2.88e+03    4.615   0.2
          add_104 (addsub_N16_37_DW01_add_0)
                                       1.92e-02 5.86e-02  771.445    0.849   0.0
          sub_108 (addsub_N16_37_DW01_sub_0)
                                          0.280    0.606 1.35e+03    2.239   0.1
      pe_i_3_1 (pe_38)                    6.791   26.227 6.52e+03   39.536   1.4
        addsub_1 (addsub_N16_38)          0.681    1.040 2.88e+03    4.599   0.2
          add_104 (addsub_N16_38_DW01_add_0)
                                       1.87e-02 5.71e-02  771.291    0.847   0.0
          sub_108 (addsub_N16_38_DW01_sub_0)
                                          0.275    0.596 1.35e+03    2.223   0.1
      pe_i_3_0 (pe_39)                    6.613   26.249 6.50e+03   39.365   1.3
        addsub_1 (addsub_N16_39)          0.669    1.020 2.88e+03    4.568   0.2
          add_104 (addsub_N16_39_DW01_add_0)
                                       1.73e-02 5.31e-02  771.453    0.842   0.0
          sub_108 (addsub_N16_39_DW01_sub_0)
                                          0.269    0.586 1.35e+03    2.206   0.1
      pe_i_2_7 (pe_40)                    6.658   26.279 6.50e+03   39.438   1.3
        addsub_1 (addsub_N16_40)          0.667    1.013 2.88e+03    4.558   0.2
          add_104 (addsub_N16_40_DW01_add_0)
                                       1.81e-02 5.53e-02  771.355    0.845   0.0
          sub_108 (addsub_N16_40_DW01_sub_0)
                                          0.267    0.579 1.35e+03    2.199   0.1
      pe_i_2_6 (pe_41)                    6.663   26.108 6.52e+03   39.287   1.3
        addsub_1 (addsub_N16_41)          0.671    1.026 2.88e+03    4.577   0.2
          add_104 (addsub_N16_41_DW01_add_0)
                                       1.80e-02 5.52e-02  771.181    0.844   0.0
          sub_108 (addsub_N16_41_DW01_sub_0)
                                          0.273    0.594 1.35e+03    2.219   0.1
      pe_i_2_5 (pe_42)                    6.759   26.172 6.52e+03   39.448   1.3
        addsub_1 (addsub_N16_42)          0.668    1.026 2.88e+03    4.572   0.2
          add_104 (addsub_N16_42_DW01_add_0)
                                       1.87e-02 5.70e-02  771.427    0.847   0.0
          sub_108 (addsub_N16_42_DW01_sub_0)
                                          0.274    0.594 1.35e+03    2.220   0.1
      pe_i_2_4 (pe_43)                    6.693   26.008 6.52e+03   39.217   1.3
        addsub_1 (addsub_N16_43)          0.632    0.966 2.88e+03    4.476   0.2
          add_104 (addsub_N16_43_DW01_add_0)
                                       1.67e-02 5.11e-02  771.152    0.839   0.0
          sub_108 (addsub_N16_43_DW01_sub_0)
                                          0.257    0.561 1.35e+03    2.170   0.1
      pe_i_2_3 (pe_44)                    6.788   26.177 6.52e+03   39.481   1.3
        addsub_1 (addsub_N16_44)          0.688    1.055 2.88e+03    4.622   0.2
          add_104 (addsub_N16_44_DW01_add_0)
                                       1.88e-02 5.76e-02  771.213    0.848   0.0
          sub_108 (addsub_N16_44_DW01_sub_0)
                                          0.282    0.612 1.35e+03    2.246   0.1
      pe_i_2_2 (pe_45)                    6.721   26.052 6.52e+03   39.289   1.3
        addsub_1 (addsub_N16_45)          0.647    0.991 2.88e+03    4.517   0.2
          add_104 (addsub_N16_45_DW01_add_0)
                                       1.72e-02 5.27e-02  771.147    0.841   0.0
          sub_108 (addsub_N16_45_DW01_sub_0)
                                          0.266    0.580 1.35e+03    2.198   0.1
      pe_i_2_1 (pe_46)                    6.716   26.006 6.52e+03   39.238   1.3
        addsub_1 (addsub_N16_46)          0.641    0.967 2.88e+03    4.488   0.2
          add_104 (addsub_N16_46_DW01_add_0)
                                       1.76e-02 5.36e-02  771.193    0.842   0.0
          sub_108 (addsub_N16_46_DW01_sub_0)
                                          0.254    0.549 1.35e+03    2.156   0.1
      pe_i_2_0 (pe_47)                    6.641   25.988 6.52e+03   39.145   1.3
        addsub_1 (addsub_N16_47)          0.634    0.958 2.88e+03    4.470   0.2
          add_104 (addsub_N16_47_DW01_add_0)
                                       1.64e-02 5.03e-02  771.280    0.838   0.0
          sub_108 (addsub_N16_47_DW01_sub_0)
                                          0.252    0.549 1.35e+03    2.153   0.1
      pe_i_1_7 (pe_48)                    6.749   26.073 6.52e+03   39.336   1.3
        addsub_1 (addsub_N16_48)          0.664    1.009 2.88e+03    4.552   0.2
          add_104 (addsub_N16_48_DW01_add_0)
                                       1.78e-02 5.46e-02  771.191    0.844   0.0
          sub_108 (addsub_N16_48_DW01_sub_0)
                                          0.270    0.586 1.35e+03    2.208   0.1
      pe_i_1_6 (pe_49)                    6.737   26.091 6.51e+03   39.343   1.3
        addsub_1 (addsub_N16_49)          0.656    0.994 2.88e+03    4.528   0.2
          add_104 (addsub_N16_49_DW01_add_0)
                                       1.82e-02 5.57e-02  771.168    0.845   0.0
          sub_108 (addsub_N16_49_DW01_sub_0)
                                          0.264    0.571 1.35e+03    2.188   0.1
      pe_i_1_5 (pe_50)                    6.754   26.081 6.51e+03   39.350   1.3
        addsub_1 (addsub_N16_50)          0.671    1.022 2.88e+03    4.572   0.2
          add_104 (addsub_N16_50_DW01_add_0)
                                       1.83e-02 5.59e-02  771.131    0.845   0.0
          sub_108 (addsub_N16_50_DW01_sub_0)
                                          0.273    0.592 1.35e+03    2.218   0.1
      pe_i_1_4 (pe_51)                    6.699   25.997 6.51e+03   39.210   1.3
        addsub_1 (addsub_N16_51)          0.638    0.971 2.88e+03    4.488   0.2
          add_104 (addsub_N16_51_DW01_add_0)
                                       1.72e-02 5.28e-02  771.142    0.841   0.0
          sub_108 (addsub_N16_51_DW01_sub_0)
                                          0.260    0.566 1.35e+03    2.179   0.1
      pe_i_1_3 (pe_52)                    6.703   25.970 6.51e+03   39.188   1.3
        addsub_1 (addsub_N16_52)          0.639    0.969 2.88e+03    4.487   0.2
          add_104 (addsub_N16_52_DW01_add_0)
                                       1.74e-02 5.33e-02  771.065    0.842   0.0
          sub_108 (addsub_N16_52_DW01_sub_0)
                                          0.258    0.559 1.35e+03    2.170   0.1
      pe_i_1_2 (pe_53)                    6.733   26.055 6.51e+03   39.302   1.3
        addsub_1 (addsub_N16_53)          0.661    1.012 2.88e+03    4.553   0.2
          add_104 (addsub_N16_53_DW01_add_0)
                                       1.76e-02 5.37e-02  771.168    0.842   0.0
          sub_108 (addsub_N16_53_DW01_sub_0)
                                          0.271    0.592 1.35e+03    2.215   0.1
      pe_i_1_1 (pe_54)                    6.688   25.955 6.51e+03   39.158   1.3
        addsub_1 (addsub_N16_54)          0.629    0.948 2.88e+03    4.456   0.2
          add_104 (addsub_N16_54_DW01_add_0)
                                       1.70e-02 5.19e-02  771.044    0.840   0.0
          sub_108 (addsub_N16_54_DW01_sub_0)
                                          0.250    0.543 1.35e+03    2.146   0.1
      pe_i_1_0 (pe_55)                    6.636   25.951 6.51e+03   39.102   1.3
        addsub_1 (addsub_N16_55)          0.635    0.960 2.88e+03    4.474   0.2
          add_104 (addsub_N16_55_DW01_add_0)
                                       1.63e-02 5.01e-02  771.280    0.838   0.0
          sub_108 (addsub_N16_55_DW01_sub_0)
                                          0.254    0.553 1.35e+03    2.158   0.1
      pe_i_0_7 (pe_56)                    6.587   25.912 6.51e+03   39.012   1.3
        addsub_1 (addsub_N16_56)          0.635    0.966 2.88e+03    4.480   0.2
          add_104 (addsub_N16_56_DW01_add_0)
                                       1.68e-02 5.14e-02  770.990    0.839   0.0
          sub_108 (addsub_N16_56_DW01_sub_0)
                                          0.260    0.568 1.35e+03    2.181   0.1
      pe_i_0_6 (pe_57)                    6.621   25.988 6.51e+03   39.122   1.3
        addsub_1 (addsub_N16_57)          0.658    1.003 2.88e+03    4.540   0.2
          add_104 (addsub_N16_57_DW01_add_0)
                                       1.78e-02 5.44e-02  771.094    0.843   0.0
          sub_108 (addsub_N16_57_DW01_sub_0)
                                          0.270    0.586 1.35e+03    2.208   0.1
      pe_i_0_5 (pe_58)                    6.632   26.000 6.51e+03   39.145   1.3
        addsub_1 (addsub_N16_58)          0.661    1.003 2.88e+03    4.544   0.2
          add_104 (addsub_N16_58_DW01_add_0)
                                       1.81e-02 5.54e-02  771.127    0.845   0.0
          sub_108 (addsub_N16_58_DW01_sub_0)
                                          0.269    0.583 1.35e+03    2.204   0.1
      pe_i_0_4 (pe_59)                    6.614   25.965 6.51e+03   39.092   1.3
        addsub_1 (addsub_N16_59)          0.652    0.988 2.88e+03    4.519   0.2
          add_104 (addsub_N16_59_DW01_add_0)
                                       1.74e-02 5.31e-02  771.097    0.842   0.0
          sub_108 (addsub_N16_59_DW01_sub_0)
                                          0.264    0.574 1.35e+03    2.190   0.1
      pe_i_0_3 (pe_60)                    6.678   26.019 6.51e+03   39.210   1.3
        addsub_1 (addsub_N16_60)          0.665    1.006 2.88e+03    4.551   0.2
          add_104 (addsub_N16_60_DW01_add_0)
                                       1.77e-02 5.41e-02  771.163    0.843   0.0
          sub_108 (addsub_N16_60_DW01_sub_0)
                                          0.268    0.584 1.35e+03    2.204   0.1
      pe_i_0_2 (pe_61)                    6.720   26.028 6.51e+03   39.261   1.3
        addsub_1 (addsub_N16_61)          0.673    1.028 2.88e+03    4.580   0.2
          add_104 (addsub_N16_61_DW01_add_0)
                                       1.79e-02 5.47e-02  771.060    0.844   0.0
          sub_108 (addsub_N16_61_DW01_sub_0)
                                          0.276    0.602 1.35e+03    2.231   0.1
      pe_i_0_1 (pe_62)                    6.680   25.941 6.51e+03   39.134   1.3
        addsub_1 (addsub_N16_62)          0.645    0.978 2.88e+03    4.502   0.2
          add_104 (addsub_N16_62_DW01_add_0)
                                       1.75e-02 5.34e-02  771.112    0.842   0.0
          sub_108 (addsub_N16_62_DW01_sub_0)
                                          0.261    0.568 1.35e+03    2.181   0.1
      pe_i_0_0 (pe_63)                    6.530   25.891 6.51e+03   38.935   1.3
        addsub_1 (addsub_N16_63)          0.646    0.975 2.88e+03    4.500   0.2
          add_104 (addsub_N16_63_DW01_add_0)
                                       1.65e-02 5.08e-02  771.276    0.839   0.0
          sub_108 (addsub_N16_63_DW01_sub_0)
                                          0.260    0.568 1.35e+03    2.181   0.1
    act_buffer_v_1 (act_buffer_v)         6.418   23.193 4.50e+03   34.108   1.2
    act_buffer_h_1 (act_buffer_h)        47.115   56.487 3.10e+04  134.580   4.6
    pipeline_stage_1 (pipeline_stage)     3.273   15.567 1.16e+03   19.996   0.7
  main_1 (main)                          16.917   62.917 3.22e+04  112.078   3.8
    addressgen_weight_1 (addressgen_weight_N16)
                                          2.270    8.335 4.64e+03   15.244   0.5
      add_29 (addressgen_weight_N16_DW01_add_0)
                                          0.172    0.208  772.170    1.152   0.0
      add_75 (addressgen_weight_N16_DW01_inc_0)
                                       8.43e-02    0.191  693.804    0.969   0.0
    addressgen_1 (addressgen_N16)         6.093   20.471 1.70e+04   43.516   1.5
      add_0_root_add_0_root_add_178_3 (addressgen_N16_DW01_add_6)
                                          0.277    0.430  781.741    1.488   0.1
      add_1_root_add_0_root_add_178_3 (addressgen_N16_DW01_add_7)
                                          0.000    0.000  768.312    0.768   0.0
      add_0_root_add_0_root_add_179_3 (addressgen_N16_DW01_add_8)
                                          0.277    0.430  781.741    1.488   0.1
      add_1_root_add_0_root_add_179_3 (addressgen_N16_DW01_add_9)
                                          0.000    0.000  768.312    0.768   0.0
      r342 (addressgen_N16_DW01_add_5)    0.575    0.438  781.925    1.795   0.1
      add_62 (addressgen_N16_DW01_add_4)
                                       1.83e-02 7.95e-02  780.055    0.878   0.0
      add_89 (addressgen_N16_DW01_add_3)
                                       1.83e-02 7.95e-02  780.055    0.878   0.0
      add_116 (addressgen_N16_DW01_add_2)
                                       3.66e-02    0.159  791.798    0.988   0.0
      add_143 (addressgen_N16_DW01_add_1)
                                       5.65e-02    0.268  790.705    1.115   0.0
      add_170 (addressgen_N16_DW01_add_0)
                                          0.360    1.064  809.839    2.234   0.1
    ctrl_top_1 (ctrl_top)                 4.951   27.695 7.49e+03   40.134   1.4
      ctrl_weight_addressgen_1 (ctrl_weight_addressgen)
                                       1.08e-02 3.18e-02   85.630    0.128   0.0
      ctrl_addressgen_1 (ctrl_addressgen)
                                       7.85e-02 8.53e-02  282.404    0.446   0.0
      ctrl_idx_cnt_1 (ctrl_idx_cnt_IDX_CNT_WIDTH4)
                                          0.622    6.501 3.67e+03   10.791   0.4
        mod_counter_4 (mod_counter_N4_0)
                                       4.03e-02    1.539  923.244    2.503   0.1
        mod_counter_3 (mod_counter_N4_1)
                                       2.29e-02    1.494  884.755    2.402   0.1
        mod_counter_2 (mod_counter_N4_2)
                                       2.35e-02    1.495  884.759    2.403   0.1
        mod_counter_1 (mod_counter_N4_3)
                                          0.535    1.972  890.083    3.398   0.1
      ctrl_mac_cnt_1 (ctrl_mac_cnt_MAC_CNT_WIDTH3)
                                          3.291   20.857 3.33e+03   27.480   0.9
        mod_counter_5 (mod_counter_N3_0)
                                       1.24e-02    1.481  673.631    2.167   0.1
        mod_counter_4 (mod_counter_N3_1)
                                          1.258    8.826  646.597   10.730   0.4
        mod_counter_3 (mod_counter_N3_2)
                                          1.253    5.100  671.108    7.024   0.2
        mod_counter_2 (mod_counter_N3_3)
                                          0.103    1.830  648.225    2.581   0.1
        mod_counter_1 (mod_counter_N3_4)
                                          0.663    3.618  647.017    4.928   0.2
    fsm_1 (ctrl_fsm)                      1.699    5.631 1.06e+03    8.393   0.3
    cfg_1 (cfg)                           1.613    0.477 1.53e+03    3.623   0.1
1
