Information: Updating design information... (UID-85)
 
****************************************
Report : timing
        -path full
        -delay max
        -max_paths 1
Design : dp
Version: F-2011.09-SP3
Date   : Fri Jan 17 19:57:00 2020
****************************************

Operating Conditions: typical   Library: NangateOpenCellLibrary
Wire Load Model Mode: top

  Startpoint: i_weight[1]
              (input port clocked by MY_CLK)
  Endpoint: npu_inst/pe_1_1_1/int_q_acc_reg[7]
            (rising edge-triggered flip-flop clocked by MY_CLK)
  Path Group: MY_CLK
  Path Type: max

  Des/Clust/Port     Wire Load Model       Library
  ------------------------------------------------
  dp                 5K_hvratio_1_1        NangateOpenCellLibrary

  Point                                                   Incr       Path
  --------------------------------------------------------------------------
  clock MY_CLK (rise edge)                                0.00       0.00
  clock network delay (ideal)                             0.00       0.00
  input external delay                                    0.50       0.50 r
  i_weight[1] (in)                                        0.00       0.50 r
  npu_inst/i_weight[1] (npu)                              0.00       0.50 r
  npu_inst/U157/Z (BUF_X1)                                0.16       0.66 r
  npu_inst/pe_1_1_1/i_weight[1] (pe_54)                   0.00       0.66 r
  npu_inst/pe_1_1_1/U120/ZN (INV_X1)                      0.05       0.71 f
  npu_inst/pe_1_1_1/U119/ZN (INV_X1)                      0.05       0.76 r
  npu_inst/pe_1_1_1/U32/ZN (AND2_X1)                      0.06       0.82 r
  npu_inst/pe_1_1_1/U24/ZN (INV_X1)                       0.03       0.85 f
  npu_inst/pe_1_1_1/U140/ZN (OR2_X1)                      0.06       0.90 f
  npu_inst/pe_1_1_1/sub_74/U2_1/CO (FA_X1)                0.09       0.99 f
  npu_inst/pe_1_1_1/sub_74/U2_2/CO (FA_X1)                0.09       1.08 f
  npu_inst/pe_1_1_1/sub_74/U2_3/CO (FA_X1)                0.09       1.18 f
  npu_inst/pe_1_1_1/U131/ZN (OR2_X1)                      0.07       1.24 f
  npu_inst/pe_1_1_1/U129/ZN (OR2_X1)                      0.06       1.31 f
  npu_inst/pe_1_1_1/U127/ZN (OR2_X1)                      0.06       1.37 f
  npu_inst/pe_1_1_1/U126/ZN (XNOR2_X1)                    0.06       1.43 f
  npu_inst/pe_1_1_1/U53/ZN (AOI222_X1)                    0.10       1.53 r
  npu_inst/pe_1_1_1/U52/ZN (INV_X1)                       0.02       1.55 f
  npu_inst/pe_1_1_1/int_q_acc_reg[7]/D (DFFR_X1)          0.01       1.56 f
  data arrival time                                                  1.56

  clock MY_CLK (rise edge)                                4.00       4.00
  clock network delay (ideal)                             0.00       4.00
  clock uncertainty                                      -0.07       3.93
  npu_inst/pe_1_1_1/int_q_acc_reg[7]/CK (DFFR_X1)         0.00       3.93 r
  library setup time                                     -0.04       3.89
  data required time                                                 3.89
  --------------------------------------------------------------------------
  data required time                                                 3.89
  data arrival time                                                 -1.56
  --------------------------------------------------------------------------
  slack (MET)                                                        2.33


1
