 
****************************************
Report : area
Design : dp
Version: F-2011.09-SP3
Date   : Tue Jan 21 21:41:39 2020
****************************************

Library(s) Used:

    NangateOpenCellLibrary (File: /home/mg.lowpower/do/libnangate/NangateOpenCellLibrary_typical_ecsm.db)

Number of ports:                          221
Number of nets:                           379
Number of cells:                           89
Number of combinational cells:             19
Number of sequential cells:                50
Number of macros:                           0
Number of buf/inv:                          7
Number of references:                      30

Combinational area:       13880.412016
Noncombinational area:    15346.870466
Net Interconnect area:      undefined  (Wire load has zero net area)

Total cell area:          29227.282481
Total area:                 undefined
1
