 
****************************************
Report : area
Design : dp_main
Version: O-2018.06-SP4
Date   : Wed Apr 29 16:28:58 2020
****************************************

Information: Updating design information... (UID-85)
Library(s) Used:

    NangateOpenCellLibrary (File: /software/dk/nangate45/synopsys/NangateOpenCellLibrary_typical_ecsm_nowlm.db)

Number of ports:                        15820
Number of nets:                         29811
Number of cells:                        12962
Number of combinational cells:           9704
Number of sequential cells:              2445
Number of macros/black boxes:               0
Number of buf/inv:                       3668
Number of references:                      23

Combinational area:              15526.952164
Buf/Inv area:                     2065.756008
Noncombinational area:           14008.890298
Macro/Black Box area:                0.000000
Net Interconnect area:      undefined  (Wire load has zero net area)

Total cell area:                 29535.842461
Total area:                 undefined
1
