Loading db file '/software/dk/nangate45/synopsys/NangateOpenCellLibrary_typical_ecsm_nowlm.db'
Information: Propagating switching activity (low effort zero delay simulation). (PWR-6)
Warning: Design has unannotated primary inputs. (PWR-414)
Warning: Design has unannotated sequential cell outputs. (PWR-415)
 
****************************************
Report : power
        -analysis_effort low
Design : dp_main
Version: O-2018.06-SP4
Date   : Wed Apr 29 16:29:03 2020
****************************************


Library(s) Used:

    NangateOpenCellLibrary (File: /software/dk/nangate45/synopsys/NangateOpenCellLibrary_typical_ecsm_nowlm.db)


Operating Conditions: typical   Library: NangateOpenCellLibrary
Wire Load Model Mode: top

Design        Wire Load Model            Library
------------------------------------------------
dp_main                5K_hvratio_1_1    NangateOpenCellLibrary


Global Operating Voltage = 1.1  
Power-specific unit information :
    Voltage Units = 1V
    Capacitance Units = 1.000000ff
    Time Units = 1ns
    Dynamic Power Units = 1uW    (derived from V,C,T units)
    Leakage Power Units = 1nW


  Cell Internal Power  =   2.5537 mW   (76%)
  Net Switching Power  = 793.1144 uW   (24%)
                         ---------
Total Dynamic Power    =   3.3468 mW  (100%)

Cell Leakage Power     = 494.4420 uW


                 Internal         Switching           Leakage            Total
Power Group      Power            Power               Power              Power   (   %    )  Attrs
--------------------------------------------------------------------------------------------------
io_pad             0.0000            0.0000            0.0000            0.0000  (   0.00%)
memory             0.0000            0.0000            0.0000            0.0000  (   0.00%)
black_box          0.0000            0.0000            0.0000            0.0000  (   0.00%)
clock_network    636.0078          387.9205        1.6079e+04        1.0400e+03  (  27.07%)
register       1.7217e+03           23.1083        1.8627e+05        1.9310e+03  (  50.27%)
sequential         0.0000            0.0000            0.0000            0.0000  (   0.00%)
combinational    196.0461          382.0849        2.9210e+05          870.2285  (  22.65%)
--------------------------------------------------------------------------------------------------
Total          2.5537e+03 uW       793.1138 uW     4.9444e+05 nW     3.8413e+03 uW
1
