 
****************************************
Report : power
        -cell
        -analysis_effort low
        -sort_mode cell_internal_power
Design : dp_main
Version: O-2018.06-SP4
Date   : Wed Apr 29 16:29:04 2020
****************************************


Library(s) Used:

    NangateOpenCellLibrary (File: /software/dk/nangate45/synopsys/NangateOpenCellLibrary_typical_ecsm_nowlm.db)


Operating Conditions: typical   Library: NangateOpenCellLibrary
Wire Load Model Mode: top

Design        Wire Load Model            Library
------------------------------------------------
dp_main                5K_hvratio_1_1    NangateOpenCellLibrary


Global Operating Voltage = 1.1  
Power-specific unit information :
    Voltage Units = 1V
    Capacitance Units = 1.000000ff
    Time Units = 1ns
    Dynamic Power Units = 1uW    (derived from V,C,T units)
    Leakage Power Units = 1nW



  Attributes
  ----------
      h  -  Hierarchical cell

                        Cell      Driven Net  Tot Dynamic      Cell
                        Internal  Switching   Power            Leakage
Cell                    Power     Power       (% Cell/Tot)     Power      Attrs
--------------------------------------------------------------------------------
npu_1                   2.261e+03       N/A        N/A (N/A)   431338.7188
                                                                          h
act_buffer_h_1            59.9167       N/A        N/A (N/A)   31568.5684 h
act_buffer_v_1            40.7653       N/A        N/A (N/A)   4595.1636  h
p_2_2_i_3                 20.3323       N/A        N/A (N/A)   2602.8406  h
p_2_2_i_0                 20.3039       N/A        N/A (N/A)   2602.8406  h
p_2_2_i_1                 20.3039       N/A        N/A (N/A)   2602.8406  h
p_2_2_i_2                 20.3039       N/A        N/A (N/A)   2602.8406  h
pipeline_stage_1          17.6010       N/A        N/A (N/A)   1211.6746  h
clk_gate_weight_fc_int_reg
                           2.1392       N/A        N/A (N/A)     59.7584  h
weight_int_reg[1]          1.7644    0.0554      1.820 (97%)     82.8412   
weight_int_reg[0]          1.7601    0.0587      1.819 (97%)     82.9370   
weight_fc_int_reg[12]      0.6852 9.965e-03      0.695 (99%)     83.4735   
weight_fc_int_reg[73]      0.6843 9.563e-03      0.694 (99%)     83.4583   
weight_fc_int_reg[86]      0.6843    0.0101      0.694 (99%)     83.4828   
weight_fc_int_reg[119]     0.6825 9.930e-03      0.692 (99%)     83.4838   
weight_fc_int_reg[8]       0.6814 9.991e-03      0.691 (99%)     83.4942   
weight_fc_int_reg[45]      0.6810    0.0105      0.691 (98%)     83.5169   
weight_fc_int_reg[70]      0.6809 9.519e-03      0.690 (99%)     83.4735   
weight_fc_int_reg[21]      0.6806 9.895e-03      0.690 (99%)     83.4924   
weight_fc_int_reg[9]       0.6802    0.0100      0.690 (99%)     83.5025   
weight_fc_int_reg[126]     0.6797 9.816e-03      0.690 (99%)     83.4926   
weight_fc_int_reg[101]     0.6795    0.0104      0.690 (98%)     83.5194   
weight_fc_int_reg[27]      0.6792    0.0102      0.689 (99%)     83.5140   
weight_fc_int_reg[93]      0.6790 9.668e-03      0.689 (99%)     83.4908   
weight_fc_int_reg[4]       0.6787    0.0101      0.689 (99%)     83.5147   
weight_fc_int_reg[35]      0.6781 9.974e-03      0.688 (99%)     83.5081   
weight_fc_int_reg[2]       0.6779 9.965e-03      0.688 (99%)     83.5119   
weight_fc_int_reg[25]      0.6776 9.764e-03      0.687 (99%)     83.5022   
weight_fc_int_reg[62]      0.6775    0.0101      0.688 (99%)     83.5176   
weight_fc_int_reg[124]     0.6775    0.0101      0.688 (99%)     83.5151   
weight_fc_int_reg[37]      0.6773    0.0103      0.688 (98%)     83.5276   
weight_fc_int_reg[81]      0.6771    0.0102      0.687 (99%)     83.5234   
weight_fc_int_reg[88]      0.6766    0.0100      0.687 (99%)     83.5189   
weight_fc_int_reg[49]      0.6766    0.0105      0.687 (98%)     83.5388   
weight_fc_int_reg[48]      0.6765 9.939e-03      0.686 (99%)     83.5146   
weight_fc_int_reg[11]      0.6762    0.0105      0.687 (98%)     83.5418   
weight_fc_int_reg[41]      0.6762    0.0104      0.687 (98%)     83.5363   
weight_fc_int_reg[108]     0.6762    0.0101      0.686 (99%)     83.5232   
weight_fc_int_reg[56]      0.6762    0.0103      0.686 (98%)     83.5338   
weight_fc_int_reg[82]      0.6757    0.0100      0.686 (99%)     83.5251   
weight_fc_int_reg[34]      0.6757 9.930e-03      0.686 (99%)     83.5203   
weight_fc_int_reg[42]      0.6756    0.0102      0.686 (99%)     83.5307   
weight_fc_int_reg[110]     0.6755    0.0102      0.686 (99%)     83.5304   
weight_fc_int_reg[59]      0.6754    0.0102      0.686 (99%)     83.5297   
weight_fc_int_reg[103]     0.6754 9.912e-03      0.685 (99%)     83.5209   
weight_fc_int_reg[44]      0.6752 9.921e-03      0.685 (99%)     83.5218   
weight_fc_int_reg[122]     0.6750 9.825e-03      0.685 (99%)     83.5189   
weight_fc_int_reg[96]      0.6750    0.0102      0.685 (99%)     83.5328   
weight_fc_int_reg[14]      0.6750 9.851e-03      0.685 (99%)     83.5199   
weight_fc_int_reg[102]     0.6749 9.921e-03      0.685 (99%)     83.5238   
weight_fc_int_reg[107]     0.6748    0.0104      0.685 (98%)     83.5429   
weight_fc_int_reg[57]      0.6748    0.0102      0.685 (99%)     83.5345   
weight_fc_int_reg[91]      0.6747    0.0103      0.685 (98%)     83.5407   
weight_fc_int_reg[65]      0.6747    0.0100      0.685 (99%)     83.5295   
weight_fc_int_reg[15]      0.6745    0.0104      0.685 (98%)     83.5471   
weight_fc_int_reg[22]      0.6744    0.0101      0.684 (99%)     83.5351   
weight_fc_int_reg[77]      0.6744    0.0102      0.685 (99%)     83.5381   
weight_fc_int_reg[84]      0.6742    0.0101      0.684 (99%)     83.5343   
weight_fc_int_reg[94]      0.6741    0.0103      0.684 (99%)     83.5420   
weight_fc_int_reg[72]      0.6740    0.0104      0.684 (98%)     83.5500   
weight_fc_int_reg[13]      0.6739 9.904e-03      0.684 (99%)     83.5302   
weight_fc_int_reg[26]      0.6739    0.0108      0.685 (98%)     83.5672   
weight_fc_int_reg[111]     0.6739    0.0102      0.684 (99%)     83.5415   
weight_fc_int_reg[68]      0.6739    0.0104      0.684 (98%)     83.5463   
weight_fc_int_reg[113]     0.6738    0.0104      0.684 (98%)     83.5501   
weight_fc_int_reg[10]      0.6738    0.0104      0.684 (98%)     83.5515   
weight_fc_int_reg[85]      0.6737    0.0100      0.684 (99%)     83.5335   
weight_fc_int_reg[50]      0.6737    0.0100      0.684 (99%)     83.5347   
weight_fc_int_reg[38]      0.6736    0.0104      0.684 (98%)     83.5494   
weight_fc_int_reg[78]      0.6735    0.0101      0.684 (99%)     83.5397   
weight_fc_int_reg[46]      0.6734    0.0100      0.683 (99%)     83.5364   
weight_fc_int_reg[127]     0.6734    0.0102      0.684 (99%)     83.5416   
weight_fc_int_reg[30]      0.6733 9.851e-03      0.683 (99%)     83.5286   
weight_fc_int_reg[71]      0.6732    0.0104      0.684 (98%)     83.5529   
weight_fc_int_reg[115]     0.6732 9.554e-03      0.683 (99%)     83.5166   
weight_fc_int_reg[43]      0.6731    0.0104      0.684 (98%)     83.5530   
weight_fc_int_reg[55]      0.6731    0.0106      0.684 (98%)     83.5607   
weight_fc_int_reg[75]      0.6730    0.0100      0.683 (99%)     83.5376   
weight_fc_int_reg[1]       0.6729    0.0102      0.683 (99%)     83.5502   
weight_fc_int_reg[114]     0.6729    0.0105      0.683 (98%)     83.5593   
weight_fc_int_reg[58]      0.6728    0.0103      0.683 (98%)     83.5507   
weight_fc_int_reg[90]      0.6725 9.886e-03      0.682 (99%)     83.5348   
weight_fc_int_reg[74]      0.6725    0.0104      0.683 (98%)     83.5572   
weight_fc_int_reg[29]      0.6724    0.0104      0.683 (98%)     83.5570   
weight_fc_int_reg[109]     0.6724    0.0102      0.683 (99%)     83.5471   
weight_fc_int_reg[112]     0.6723    0.0104      0.683 (98%)     83.5581   
weight_fc_int_reg[18]      0.6719    0.0102      0.682 (99%)     83.5508   
weight_fc_int_reg[123]     0.6715    0.0103      0.682 (98%)     83.5590   
weight_fc_int_reg[121]     0.6714    0.0105      0.682 (98%)     83.5650   
weight_fc_int_reg[0]       0.6712 9.904e-03      0.681 (99%)     83.5457   
weight_fc_int_reg[7]       0.6710    0.0105      0.682 (98%)     83.5728   
weight_fc_int_reg[100]     0.6710 9.825e-03      0.681 (99%)     83.5411   
weight_fc_int_reg[92]      0.6707    0.0107      0.681 (98%)     83.5810   
weight_fc_int_reg[19]      0.6707    0.0103      0.681 (98%)     83.5596   
weight_fc_int_reg[40]      0.6706    0.0101      0.681 (99%)     83.5515   
weight_fc_int_reg[99]      0.6705 9.589e-03      0.680 (99%)     83.5321   
weight_fc_int_reg[69]      0.6704    0.0104      0.681 (98%)     83.5690   
weight_fc_int_reg[118]     0.6703 9.947e-03      0.680 (99%)     83.5493   
weight_fc_int_reg[32]      0.6703    0.0103      0.681 (98%)     83.5656   
weight_fc_int_reg[16]      0.6702    0.0101      0.680 (99%)     83.5550   
weight_fc_int_reg[61]      0.6702 9.939e-03      0.680 (99%)     83.5501   
weight_fc_int_reg[79]      0.6701    0.0105      0.681 (98%)     83.5765   
weight_fc_int_reg[80]      0.6701    0.0100      0.680 (99%)     83.5531   
weight_fc_int_reg[28]      0.6700    0.0105      0.681 (98%)     83.5736   
weight_fc_int_reg[67]      0.6700    0.0107      0.681 (98%)     83.5823   
weight_fc_int_reg[116]     0.6700    0.0104      0.680 (98%)     83.5717   
weight_fc_int_reg[106]     0.6698    0.0104      0.680 (98%)     83.5719   
weight_fc_int_reg[89]      0.6698    0.0104      0.680 (98%)     83.5700   
weight_fc_int_reg[24]      0.6698    0.0101      0.680 (99%)     83.5576   
weight_fc_int_reg[31]      0.6697    0.0105      0.680 (98%)     83.5749   
weight_fc_int_reg[6]       0.6697    0.0102      0.680 (99%)     83.5640   
weight_fc_int_reg[47]      0.6696    0.0101      0.680 (99%)     83.5604   
weight_fc_int_reg[36]      0.6696    0.0100      0.680 (99%)     83.5564   
weight_fc_int_reg[66]      0.6695    0.0103      0.680 (98%)     83.5708   
weight_fc_int_reg[97]      0.6695    0.0100      0.680 (99%)     83.5546   
weight_fc_int_reg[117]     0.6692    0.0103      0.680 (98%)     83.5673   
weight_fc_int_reg[33]      0.6690    0.0100      0.679 (99%)     83.5596   
weight_fc_int_reg[105]     0.6687    0.0102      0.679 (98%)     83.5690   
weight_fc_int_reg[64]      0.6685    0.0101      0.679 (99%)     83.5671   
weight_fc_int_reg[20]      0.6682    0.0103      0.679 (98%)     83.5750   
weight_fc_int_reg[98]      0.6682    0.0106      0.679 (98%)     83.5899   
weight_fc_int_reg[53]      0.6678    0.0101      0.678 (99%)     83.5683   
weight_fc_int_reg[104]     0.6675    0.0103      0.678 (98%)     83.5784   
weight_fc_int_reg[87]      0.6675    0.0106      0.678 (98%)     83.5924   
weight_fc_int_reg[125]     0.6674    0.0103      0.678 (98%)     83.5789   
weight_fc_int_reg[76]      0.6673 9.886e-03      0.677 (99%)     83.5618   
weight_fc_int_reg[23]      0.6673 9.939e-03      0.677 (99%)     83.5641   
weight_fc_int_reg[5]       0.6673    0.0104      0.678 (98%)     83.5889   
weight_fc_int_reg[17]      0.6670 9.668e-03      0.677 (99%)     83.5544   
weight_fc_int_reg[54]      0.6662    0.0102      0.676 (98%)     83.5819   
weight_fc_int_reg[95]      0.6662    0.0104      0.677 (98%)     83.5891   
weight_fc_int_reg[83]      0.6661    0.0106      0.677 (98%)     83.5986   
weight_fc_int_reg[63]      0.6660    0.0103      0.676 (98%)     83.5891   
weight_fc_int_reg[51]      0.6657    0.0100      0.676 (99%)     83.5773   
weight_fc_int_reg[39]      0.6653    0.0103      0.676 (98%)     83.5906   
weight_fc_int_reg[52]      0.6651    0.0108      0.676 (98%)     83.6148   
weight_fc_int_reg[60]      0.6645 9.974e-03      0.674 (99%)     83.5808   
weight_fc_int_reg[120]     0.6633    0.0106      0.674 (98%)     83.6166   
weight_fc_int_reg[3]       0.6632    0.0102      0.673 (98%)     83.6026   
U10                        0.0628    0.7671      0.830 (8%)      21.4382   
U11                        0.0628    0.4088      0.472 (13%)     21.4382   
U12                        0.0628    0.4088      0.472 (13%)     21.4382   
U13                        0.0628    0.4088      0.472 (13%)     21.4382   
U14                        0.0628    0.4088      0.472 (13%)     21.4382   
U15                        0.0628    0.4088      0.472 (13%)     21.4382   
U16                        0.0628    0.4088      0.472 (13%)     21.4382   
U17                        0.0628    0.4088      0.472 (13%)     21.4382   
U18                        0.0628    0.4088      0.472 (13%)     21.4382   
U19                        0.0620    0.1788      0.241 (26%)     21.4382   
U20                        0.0612    0.1323      0.194 (32%)     21.4382   
U21                        0.0612    0.1323      0.194 (32%)     21.4382   
U22                        0.0612    0.1323      0.194 (32%)     21.4382   
U23                        0.0612    0.1323      0.194 (32%)     21.4382   
U38                        0.0606    0.0616      0.122 (50%)     21.4382   
U39                        0.0606    0.0616      0.122 (50%)     21.4382   
U25                        0.0599    0.0859      0.146 (41%)     21.4382   
U37                        0.0592    0.0174   7.65e-02 (77%)     25.0661   
U26                        0.0590    0.0616      0.121 (49%)     21.4382   
U27                        0.0590    0.0616      0.121 (49%)     21.4382   
U28                        0.0590    0.0616      0.121 (49%)     21.4382   
U29                        0.0590    0.0616      0.121 (49%)     21.4382   
U30                        0.0576    0.0401   9.76e-02 (59%)     21.4382   
U33                        0.0413    0.0149   5.63e-02 (73%)     38.3441   
U31                        0.0409    0.0148   5.58e-02 (73%)     38.3363   
U35                        0.0359    0.0934      0.129 (28%)     21.1995   
U36                        0.0243    0.0306   5.49e-02 (44%)     14.3532   
U32                        0.0243    0.0291   5.34e-02 (45%)     14.3532   
U34                        0.0243    0.0291   5.34e-02 (45%)     14.3532   
U24                        0.0236    0.0608   8.43e-02 (28%)     12.2984   
relu_i_0                   0.0000       N/A        N/A (N/A)    468.4053  h
relu_i_1                   0.0000       N/A        N/A (N/A)    468.4053  h
relu_i_2                   0.0000       N/A        N/A (N/A)    468.4053  h
relu_i_3                   0.0000       N/A        N/A (N/A)    468.4053  h
relu_i_4                   0.0000       N/A        N/A (N/A)    468.4053  h
relu_i_5                   0.0000       N/A        N/A (N/A)    468.4053  h
relu_i_6                   0.0000       N/A        N/A (N/A)    468.4053  h
relu_i_7                   0.0000       N/A        N/A (N/A)    468.4053  h
--------------------------------------------------------------------------------
Totals (177 cells)         2.554mW     N/A         N/A (N/A)    494.442uW
1
