 
****************************************
Report : power
        -net
        -analysis_effort low
        -sort_mode net_switching_power
Design : dp_main
Version: O-2018.06-SP4
Date   : Wed Apr 29 16:29:04 2020
****************************************


Library(s) Used:

    NangateOpenCellLibrary (File: /software/dk/nangate45/synopsys/NangateOpenCellLibrary_typical_ecsm_nowlm.db)


Operating Conditions: typical   Library: NangateOpenCellLibrary
Wire Load Model Mode: top

Design        Wire Load Model            Library
------------------------------------------------
dp_main                5K_hvratio_1_1    NangateOpenCellLibrary


Global Operating Voltage = 1.1  
Power-specific unit information :
    Voltage Units = 1V
    Capacitance Units = 1.000000ff
    Time Units = 1ns
    Dynamic Power Units = 1uW    (derived from V,C,T units)
    Leakage Power Units = 1nW



  Attributes
  ----------
      a  -  Switching activity information annotated on net
      d  -  Default switching activity information on net

                             Total      Static   Toggle   Switching
Net                          Net Load   Prob.    Rate     Power      Attrs
--------------------------------------------------------------------------------
net1521                      233.580    0.125    0.1245     17.5966  
n11                           50.719    0.500    0.0250      0.7671  d
ptr_int[RD_ADDR_H][1]         47.999    0.188    0.0145      0.4221  
n12                           27.025    0.500    0.0250      0.4088  d
n13                           27.025    0.500    0.0250      0.4088  d
n15                           27.025    0.500    0.0250      0.4088  d
n16                           27.025    0.500    0.0250      0.4088  d
n18                           27.025    0.500    0.0250      0.4088  d
n19                           27.025    0.500    0.0250      0.4088  d
n21                           27.025    0.500    0.0250      0.4088  d
n22                           27.025    0.500    0.0250      0.4088  d
n10                           11.819    0.500    0.0250      0.1788  d
n14                            8.750    0.500    0.0250      0.1323  d
n17                            8.750    0.500    0.0250      0.1323  d
n20                            8.750    0.500    0.0250      0.1323  d
n23                            8.750    0.500    0.0250      0.1323  d
ptr_int[RD_MUX_V][2]          14.895    0.180    0.0145      0.1308  
ptr_int[WR_ADDR_H][2]          8.438    0.500    0.0250      0.1276  d
ptr_int[WR_ADDR_H][1]          8.288    0.500    0.0250      0.1254  d
ptr_int[WR_ADDR_H][0]          8.239    0.500    0.0250      0.1246  d
cmd_int[EN_NPU]                8.480    0.474    0.0241      0.1237  
cmd_int[RD_PIPE]               8.285    0.474    0.0241      0.1208  
cmd_int[MEM_RD_DATA]           6.693    0.500    0.0250      0.1012  d
n1                             6.189    0.258    0.0249      0.0934  
n29                            5.678    0.500    0.0250      0.0859  d
cmd_int[EN_P_2_2]              5.148    0.500    0.0250      0.0779  d
ptr_int[RD_MUX_V][1]           8.280    0.180    0.0143      0.0717  
ptr_int[RD_MUX_V][0]           8.311    0.172    0.0142      0.0715  
ptr_int[RD_ADDR_H][2]          8.136    0.177    0.0144      0.0710  
data_fc_int[1]                 8.285    0.087    0.0137      0.0688  
data_fc_int[2]                 8.285    0.087    0.0136      0.0683  
data_fc_int[3]                 8.285    0.089    0.0134      0.0672  
data_fc_int[0]                 8.285    0.083    0.0132      0.0663  
n25                            4.070    0.500    0.0250      0.0616  d
n26                            4.070    0.500    0.0250      0.0616  d
n27                            4.070    0.500    0.0250      0.0616  d
n28                            4.070    0.500    0.0250      0.0616  d
n30                            4.070    0.500    0.0250      0.0616  d
n31                            4.070    0.500    0.0250      0.0616  d
n32                            4.030    0.742    0.0249      0.0608  
ptr_int[RD_ADDR_H][0]          6.225    0.181    0.0142      0.0535  
weight_int[0]                  8.285    0.136    0.0095      0.0478  
weight_int[1]                  8.285    0.131    0.0090      0.0452  
ptr_int[RD_MUX_H][0]           4.755    0.175    0.0145      0.0418  
n24                            2.648    0.500    0.0250      0.0401  d
cmd_int[LDH_V_N]               2.648    0.474    0.0241      0.0386  
ptr_int[RD_MUX_H][2]           4.063    0.174    0.0150      0.0368  
n33                            2.024    0.500    0.0250      0.0306  d
n34                            1.925    0.500    0.0250      0.0291  d
n35                            1.925    0.500    0.0250      0.0291  d
ptr_int[RD_MUX_H][1]           3.364    0.172    0.0139      0.0283  
N1                             1.188    0.249    0.0242      0.0174  
n9                             1.438    0.204    0.0172      0.0149  
n8                             1.438    0.211    0.0171      0.0148  
data_v_int[18]                 2.010    0.089    0.0116      0.0141  
data_v_int[21]                 2.010    0.094    0.0116      0.0141  
data_v_int[1]                  2.010    0.094    0.0113      0.0138  
data_v_int[5]                  2.010    0.092    0.0113      0.0138  
data_v_int[14]                 2.010    0.086    0.0113      0.0137  
data_v_int[0]                  2.010    0.088    0.0112      0.0136  
data_v_int[9]                  2.010    0.090    0.0111      0.0135  
data_v_int[29]                 2.010    0.087    0.0111      0.0135  
data_v_int[17]                 2.010    0.091    0.0111      0.0135  
data_v_int[6]                  2.010    0.091    0.0111      0.0134  
data_v_int[15]                 2.010    0.088    0.0111      0.0134  
data_v_int[23]                 2.010    0.085    0.0111      0.0134  
data_v_int[30]                 2.010    0.088    0.0110      0.0134  
data_v_int[19]                 2.010    0.087    0.0110      0.0134  
data_v_int[13]                 2.010    0.084    0.0110      0.0134  
data_v_int[7]                  2.010    0.088    0.0110      0.0133  
data_v_int[8]                  2.010    0.087    0.0110      0.0133  
data_v_int[22]                 2.010    0.090    0.0109      0.0133  
data_v_int[31]                 2.010    0.087    0.0109      0.0133  
data_v_int[11]                 2.010    0.083    0.0108      0.0132  
data_v_int[16]                 2.010    0.086    0.0108      0.0132  
data_v_int[3]                  2.010    0.086    0.0108      0.0132  
data_v_int[28]                 2.010    0.090    0.0108      0.0131  
data_v_int[2]                  2.010    0.086    0.0108      0.0131  
data_v_int[12]                 2.010    0.082    0.0107      0.0131  
data_v_int[20]                 2.010    0.080    0.0107      0.0130  
data_v_int[24]                 2.010    0.087    0.0107      0.0130  
data_v_int[26]                 2.010    0.083    0.0107      0.0130  
data_v_int[10]                 2.010    0.084    0.0107      0.0130  
data_v_int[27]                 2.010    0.085    0.0107      0.0130  
data_v_int[4]                  2.010    0.082    0.0105      0.0127  
data_v_int[25]                 2.010    0.085    0.0104      0.0127  
n7                             1.894    0.864    0.0095      0.0108  
weight_fc_int[52]              1.894    0.130    0.0094      0.0108  
weight_fc_int[26]              1.894    0.123    0.0094      0.0108  
weight_fc_int[92]              1.894    0.125    0.0094      0.0107  
weight_fc_int[67]              1.894    0.125    0.0094      0.0107  
weight_fc_int[98]              1.894    0.126    0.0093      0.0106  
weight_fc_int[120]             1.894    0.130    0.0093      0.0106  
weight_fc_int[87]              1.894    0.127    0.0092      0.0106  
weight_fc_int[83]              1.894    0.128    0.0092      0.0106  
weight_fc_int[55]              1.894    0.122    0.0092      0.0106  
weight_fc_int[79]              1.894    0.124    0.0092      0.0105  
weight_fc_int[7]               1.894    0.124    0.0092      0.0105  
weight_fc_int[45]              1.894    0.116    0.0092      0.0105  
weight_fc_int[114]             1.894    0.122    0.0092      0.0105  
weight_fc_int[28]              1.894    0.124    0.0092      0.0105  
weight_fc_int[49]              1.894    0.119    0.0092      0.0105  
weight_fc_int[31]              1.894    0.124    0.0091      0.0105  
weight_fc_int[11]              1.894    0.119    0.0091      0.0105  
weight_fc_int[121]             1.894    0.123    0.0091      0.0105  
weight_fc_int[72]              1.894    0.121    0.0091      0.0104  
weight_fc_int[5]               1.894    0.126    0.0091      0.0104  
weight_fc_int[41]              1.894    0.119    0.0091      0.0104  
weight_fc_int[74]              1.894    0.122    0.0091      0.0104  
weight_fc_int[43]              1.894    0.121    0.0091      0.0104  
weight_fc_int[69]              1.894    0.123    0.0091      0.0104  
weight_fc_int[106]             1.894    0.124    0.0091      0.0104  
weight_fc_int[116]             1.894    0.124    0.0091      0.0104  
weight_fc_int[113]             1.894    0.121    0.0091      0.0104  
weight_fc_int[71]              1.894    0.121    0.0091      0.0104  
weight_fc_int[101]             1.894    0.116    0.0091      0.0104  
weight_fc_int[112]             1.894    0.122    0.0091      0.0104  
weight_fc_int[29]              1.894    0.122    0.0091      0.0104  
weight_fc_int[10]              1.894    0.121    0.0091      0.0104  
weight_fc_int[95]              1.894    0.126    0.0091      0.0104  
weight_fc_int[89]              1.894    0.124    0.0091      0.0104  
weight_fc_int[38]              1.894    0.120    0.0090      0.0104  
weight_fc_int[68]              1.894    0.120    0.0090      0.0104  
weight_fc_int[107]             1.894    0.120    0.0090      0.0104  
weight_fc_int[15]              1.894    0.120    0.0090      0.0104  
weight_fc_int[63]              1.894    0.126    0.0090      0.0103  
weight_fc_int[66]              1.894    0.124    0.0090      0.0103  
weight_fc_int[123]             1.894    0.122    0.0090      0.0103  
weight_fc_int[32]              1.894    0.123    0.0090      0.0103  
weight_fc_int[37]              1.894    0.117    0.0090      0.0103  
weight_fc_int[91]              1.894    0.119    0.0090      0.0103  
weight_fc_int[20]              1.894    0.124    0.0090      0.0103  
weight_fc_int[125]             1.894    0.125    0.0090      0.0103  
weight_fc_int[56]              1.894    0.118    0.0090      0.0103  
weight_fc_int[58]              1.894    0.121    0.0090      0.0103  
weight_fc_int[39]              1.894    0.127    0.0090      0.0103  
weight_fc_int[104]             1.894    0.125    0.0090      0.0103  
weight_fc_int[94]              1.894    0.119    0.0090      0.0103  
weight_fc_int[19]              1.894    0.122    0.0089      0.0103  
weight_fc_int[117]             1.894    0.123    0.0089      0.0103  
weight_fc_int[1]               1.894    0.121    0.0089      0.0102  
weight_fc_int[3]               1.894    0.128    0.0089      0.0102  
n6                             1.894    0.869    0.0089      0.0102  
weight_fc_int[27]              1.894    0.115    0.0089      0.0102  
weight_fc_int[105]             1.894    0.123    0.0089      0.0102  
weight_fc_int[111]             1.894    0.119    0.0089      0.0102  
weight_fc_int[54]              1.894    0.125    0.0089      0.0102  
weight_fc_int[77]              1.894    0.119    0.0089      0.0102  
weight_fc_int[81]              1.894    0.117    0.0089      0.0102  
weight_fc_int[42]              1.894    0.118    0.0089      0.0102  
weight_fc_int[96]              1.894    0.118    0.0089      0.0102  
weight_fc_int[18]              1.894    0.121    0.0089      0.0102  
weight_fc_int[57]              1.894    0.118    0.0089      0.0102  
weight_fc_int[127]             1.894    0.119    0.0089      0.0102  
weight_fc_int[6]               1.894    0.123    0.0089      0.0102  
weight_fc_int[59]              1.894    0.118    0.0089      0.0102  
weight_fc_int[109]             1.894    0.120    0.0089      0.0102  
weight_fc_int[110]             1.894    0.118    0.0089      0.0102  
weight_fc_int[64]              1.894    0.123    0.0089      0.0101  
weight_fc_int[22]              1.894    0.118    0.0089      0.0101  
weight_fc_int[47]              1.894    0.122    0.0089      0.0101  
weight_fc_int[86]              1.894    0.111    0.0088      0.0101  
weight_fc_int[4]               1.894    0.115    0.0088      0.0101  
weight_fc_int[62]              1.894    0.116    0.0088      0.0101  
weight_fc_int[78]              1.894    0.119    0.0088      0.0101  
weight_fc_int[84]              1.894    0.118    0.0088      0.0101  
weight_fc_int[108]             1.894    0.117    0.0088      0.0101  
weight_fc_int[24]              1.894    0.122    0.0088      0.0101  
weight_fc_int[124]             1.894    0.115    0.0088      0.0101  
weight_fc_int[16]              1.894    0.121    0.0088      0.0101  
weight_fc_int[40]              1.894    0.121    0.0088      0.0101  
weight_fc_int[53]              1.894    0.123    0.0088      0.0101  
weight_fc_int[50]              1.894    0.118    0.0088      0.0100  
weight_fc_int[65]              1.894    0.118    0.0088      0.0100  
weight_fc_int[82]              1.894    0.117    0.0088      0.0100  
weight_fc_int[33]              1.894    0.122    0.0088      0.0100  
weight_fc_int[36]              1.894    0.122    0.0088      0.0100  
weight_fc_int[51]              1.894    0.125    0.0088      0.0100  
weight_fc_int[75]              1.894    0.119    0.0088      0.0100  
weight_fc_int[9]               1.894    0.114    0.0088      0.0100  
weight_fc_int[46]              1.894    0.119    0.0088      0.0100  
weight_fc_int[80]              1.894    0.121    0.0088      0.0100  
weight_fc_int[88]              1.894    0.116    0.0088      0.0100  
weight_fc_int[85]              1.894    0.118    0.0087      0.0100  
weight_fc_int[97]              1.894    0.121    0.0087      0.0100  
weight_fc_int[8]               1.894    0.112    0.0087      0.0100  
weight_fc_int[35]              1.894    0.114    0.0087      0.0100  
weight_fc_int[60]              1.894    0.125    0.0087      0.0100  
weight_fc_int[2]               1.894    0.115    0.0087      0.0100  
weight_fc_int[12]              1.894    0.109    0.0087      0.0100  
weight_fc_int[118]             1.894    0.120    0.0087      0.0099  
weight_fc_int[23]              1.894    0.123    0.0087      0.0099  
weight_fc_int[48]              1.894    0.115    0.0087      0.0099  
weight_fc_int[61]              1.894    0.121    0.0087      0.0099  
weight_fc_int[34]              1.894    0.116    0.0087      0.0099  
weight_fc_int[119]             1.894    0.111    0.0087      0.0099  
weight_fc_int[44]              1.894    0.116    0.0087      0.0099  
weight_fc_int[102]             1.894    0.117    0.0087      0.0099  
weight_fc_int[103]             1.894    0.116    0.0087      0.0099  
weight_fc_int[0]               1.894    0.120    0.0086      0.0099  
weight_fc_int[13]              1.894    0.118    0.0086      0.0099  
weight_fc_int[21]              1.894    0.112    0.0086      0.0099  
weight_fc_int[76]              1.894    0.122    0.0086      0.0099  
weight_fc_int[90]              1.894    0.118    0.0086      0.0099  
weight_fc_int[14]              1.894    0.116    0.0086      0.0099  
weight_fc_int[30]              1.894    0.117    0.0086      0.0099  
weight_fc_int[100]             1.894    0.119    0.0086      0.0098  
weight_fc_int[122]             1.894    0.116    0.0086      0.0098  
weight_fc_int[126]             1.894    0.112    0.0086      0.0098  
weight_fc_int[25]              1.894    0.114    0.0085      0.0098  
weight_fc_int[17]              1.894    0.121    0.0084      0.0097  
weight_fc_int[93]              1.894    0.112    0.0084      0.0097  
weight_fc_int[99]              1.894    0.118    0.0084      0.0096  
weight_fc_int[73]              1.894    0.107    0.0083      0.0096  
weight_fc_int[115]             1.894    0.116    0.0083      0.0096  
weight_fc_int[70]              1.894    0.109    0.0083      0.0095  
data_h_int[16]                 2.010    0.052    0.0069      0.0084  
data_h_int[3]                  2.010    0.053    0.0068      0.0083  
data_h_int[17]                 2.010    0.052    0.0068      0.0083  
data_h_int[1]                  2.010    0.050    0.0068      0.0082  
data_h_int[24]                 2.010    0.049    0.0067      0.0081  
data_h_int[22]                 2.010    0.053    0.0067      0.0081  
data_h_int[28]                 2.010    0.050    0.0067      0.0081  
data_h_int[20]                 2.010    0.055    0.0066      0.0081  
data_h_int[21]                 2.010    0.052    0.0066      0.0081  
data_h_int[30]                 2.010    0.052    0.0066      0.0080  
data_h_int[26]                 2.010    0.048    0.0065      0.0079  
data_h_int[31]                 2.010    0.054    0.0065      0.0079  
data_h_int[19]                 2.010    0.052    0.0065      0.0079  
data_h_int[18]                 2.010    0.048    0.0065      0.0079  
data_h_int[0]                  2.010    0.049    0.0065      0.0079  
data_h_int[29]                 2.010    0.052    0.0064      0.0078  
data_h_int[8]                  2.010    0.048    0.0064      0.0078  
data_h_int[23]                 2.010    0.051    0.0063      0.0077  
data_h_int[12]                 2.010    0.051    0.0063      0.0077  
data_h_int[5]                  2.010    0.046    0.0063      0.0076  
data_h_int[4]                  2.010    0.052    0.0063      0.0076  
data_h_int[2]                  2.010    0.045    0.0062      0.0076  
data_h_int[11]                 2.010    0.045    0.0062      0.0076  
data_h_int[27]                 2.010    0.047    0.0062      0.0075  
data_h_int[25]                 2.010    0.050    0.0062      0.0075  
data_h_int[6]                  2.010    0.049    0.0061      0.0075  
data_h_int[7]                  2.010    0.048    0.0060      0.0073  
data_h_int[14]                 2.010    0.047    0.0060      0.0073  
data_h_int[13]                 2.010    0.043    0.0060      0.0072  
data_h_int[10]                 2.010    0.043    0.0058      0.0070  
data_h_int[15]                 2.010    0.044    0.0057      0.0070  
data_h_int[9]                  2.010    0.042    0.0056      0.0068  
*Logic0*                     219.760    0.000    0.0000      0.0000  d
data_npu_int[0]                1.909    0.000    0.0000      0.0000  
data_npu_int[1]                1.909    0.000    0.0000      0.0000  
data_npu_int[2]                1.909    0.000    0.0000      0.0000  
data_npu_int[3]                1.909    0.000    0.0000      0.0000  
data_npu_int[4]                2.073    0.000    0.0000      0.0000  
data_npu_int[5]                1.926    0.000    0.0000      0.0000  
data_npu_int[6]                1.974    0.000    0.0000      0.0000  
data_npu_int[7]                2.073    0.000    0.0000      0.0000  
data_npu_int[8]                1.926    0.000    0.0000      0.0000  
data_npu_int[9]                1.974    0.000    0.0000      0.0000  
data_npu_int[10]               1.961    0.000    0.0000      0.0000  
data_npu_int[11]               2.024    0.000    0.0000      0.0000  
data_npu_int[12]               2.073    0.000    0.0000      0.0000  
data_npu_int[13]               1.926    0.000    0.0000      0.0000  
data_npu_int[14]               1.974    0.000    0.0000      0.0000  
data_npu_int[15]               2.010    0.000    0.0000      0.0000  
data_npu_int[16]               1.909    0.000    0.0000      0.0000  
data_npu_int[17]               1.909    0.000    0.0000      0.0000  
data_npu_int[18]               1.909    0.000    0.0000      0.0000  
data_npu_int[19]               1.909    0.000    0.0000      0.0000  
data_npu_int[20]               2.073    0.000    0.0000      0.0000  
data_npu_int[21]               1.926    0.000    0.0000      0.0000  
data_npu_int[22]               1.974    0.000    0.0000      0.0000  
data_npu_int[23]               2.073    0.000    0.0000      0.0000  
data_npu_int[24]               1.926    0.000    0.0000      0.0000  
data_npu_int[25]               1.974    0.000    0.0000      0.0000  
data_npu_int[26]               1.961    0.000    0.0000      0.0000  
data_npu_int[27]               2.024    0.000    0.0000      0.0000  
data_npu_int[28]               2.073    0.000    0.0000      0.0000  
data_npu_int[29]               1.926    0.000    0.0000      0.0000  
data_npu_int[30]               1.974    0.000    0.0000      0.0000  
data_npu_int[31]               2.010    0.000    0.0000      0.0000  
data_npu_int[32]               1.909    0.000    0.0000      0.0000  
data_npu_int[33]               1.909    0.000    0.0000      0.0000  
data_npu_int[34]               1.909    0.000    0.0000      0.0000  
data_npu_int[35]               1.909    0.000    0.0000      0.0000  
data_npu_int[36]               2.073    0.000    0.0000      0.0000  
data_npu_int[37]               1.926    0.000    0.0000      0.0000  
data_npu_int[38]               1.974    0.000    0.0000      0.0000  
data_npu_int[39]               2.073    0.000    0.0000      0.0000  
data_npu_int[40]               1.926    0.000    0.0000      0.0000  
data_npu_int[41]               1.974    0.000    0.0000      0.0000  
data_npu_int[42]               1.961    0.000    0.0000      0.0000  
data_npu_int[43]               2.024    0.000    0.0000      0.0000  
data_npu_int[44]               2.073    0.000    0.0000      0.0000  
data_npu_int[45]               1.926    0.000    0.0000      0.0000  
data_npu_int[46]               1.974    0.000    0.0000      0.0000  
data_npu_int[47]               2.010    0.000    0.0000      0.0000  
data_npu_int[48]               1.909    0.000    0.0000      0.0000  
data_npu_int[49]               1.909    0.000    0.0000      0.0000  
data_npu_int[50]               1.909    0.000    0.0000      0.0000  
data_npu_int[51]               1.909    0.000    0.0000      0.0000  
data_npu_int[52]               2.073    0.000    0.0000      0.0000  
data_npu_int[53]               1.926    0.000    0.0000      0.0000  
data_npu_int[54]               1.974    0.000    0.0000      0.0000  
data_npu_int[55]               2.073    0.000    0.0000      0.0000  
data_npu_int[56]               1.926    0.000    0.0000      0.0000  
data_npu_int[57]               1.974    0.000    0.0000      0.0000  
data_npu_int[58]               1.961    0.000    0.0000      0.0000  
data_npu_int[59]               2.024    0.000    0.0000      0.0000  
data_npu_int[60]               2.073    0.000    0.0000      0.0000  
data_npu_int[61]               1.926    0.000    0.0000      0.0000  
data_npu_int[62]               1.974    0.000    0.0000      0.0000  
data_npu_int[63]               2.010    0.000    0.0000      0.0000  
data_npu_int[64]               1.909    0.000    0.0000      0.0000  
data_npu_int[65]               1.909    0.000    0.0000      0.0000  
data_npu_int[66]               1.909    0.000    0.0000      0.0000  
data_npu_int[67]               1.909    0.000    0.0000      0.0000  
data_npu_int[68]               2.073    0.000    0.0000      0.0000  
data_npu_int[69]               1.926    0.000    0.0000      0.0000  
data_npu_int[70]               1.974    0.000    0.0000      0.0000  
data_npu_int[71]               2.073    0.000    0.0000      0.0000  
data_npu_int[72]               1.926    0.000    0.0000      0.0000  
data_npu_int[73]               1.974    0.000    0.0000      0.0000  
data_npu_int[74]               1.961    0.000    0.0000      0.0000  
data_npu_int[75]               2.024    0.000    0.0000      0.0000  
data_npu_int[76]               2.073    0.000    0.0000      0.0000  
data_npu_int[77]               1.926    0.000    0.0000      0.0000  
data_npu_int[78]               1.974    0.000    0.0000      0.0000  
data_npu_int[79]               2.010    0.000    0.0000      0.0000  
data_npu_int[80]               1.909    0.000    0.0000      0.0000  
data_npu_int[81]               1.909    0.000    0.0000      0.0000  
data_npu_int[82]               1.909    0.000    0.0000      0.0000  
data_npu_int[83]               1.909    0.000    0.0000      0.0000  
data_npu_int[84]               2.073    0.000    0.0000      0.0000  
data_npu_int[85]               1.926    0.000    0.0000      0.0000  
data_npu_int[86]               1.974    0.000    0.0000      0.0000  
data_npu_int[87]               2.073    0.000    0.0000      0.0000  
data_npu_int[88]               1.926    0.000    0.0000      0.0000  
data_npu_int[89]               1.974    0.000    0.0000      0.0000  
data_npu_int[90]               1.961    0.000    0.0000      0.0000  
data_npu_int[91]               2.024    0.000    0.0000      0.0000  
data_npu_int[92]               2.073    0.000    0.0000      0.0000  
data_npu_int[93]               1.926    0.000    0.0000      0.0000  
data_npu_int[94]               1.974    0.000    0.0000      0.0000  
data_npu_int[95]               2.010    0.000    0.0000      0.0000  
data_npu_int[96]               1.909    0.000    0.0000      0.0000  
data_npu_int[97]               1.909    0.000    0.0000      0.0000  
data_npu_int[98]               1.909    0.000    0.0000      0.0000  
data_npu_int[99]               1.909    0.000    0.0000      0.0000  
data_npu_int[100]              2.073    0.000    0.0000      0.0000  
data_npu_int[101]              1.926    0.000    0.0000      0.0000  
data_npu_int[102]              1.974    0.000    0.0000      0.0000  
data_npu_int[103]              2.073    0.000    0.0000      0.0000  
data_npu_int[104]              1.926    0.000    0.0000      0.0000  
data_npu_int[105]              1.974    0.000    0.0000      0.0000  
data_npu_int[106]              1.961    0.000    0.0000      0.0000  
data_npu_int[107]              2.024    0.000    0.0000      0.0000  
data_npu_int[108]              2.073    0.000    0.0000      0.0000  
data_npu_int[109]              1.926    0.000    0.0000      0.0000  
data_npu_int[110]              1.974    0.000    0.0000      0.0000  
data_npu_int[111]              2.010    0.000    0.0000      0.0000  
data_npu_int[112]              1.909    0.000    0.0000      0.0000  
data_npu_int[113]              1.909    0.000    0.0000      0.0000  
data_npu_int[114]              1.909    0.000    0.0000      0.0000  
data_npu_int[115]              1.909    0.000    0.0000      0.0000  
data_npu_int[116]              2.073    0.000    0.0000      0.0000  
data_npu_int[117]              1.926    0.000    0.0000      0.0000  
data_npu_int[118]              1.974    0.000    0.0000      0.0000  
data_npu_int[119]              2.073    0.000    0.0000      0.0000  
data_npu_int[120]              1.926    0.000    0.0000      0.0000  
data_npu_int[121]              1.974    0.000    0.0000      0.0000  
data_npu_int[122]              1.961    0.000    0.0000      0.0000  
data_npu_int[123]              2.024    0.000    0.0000      0.0000  
data_npu_int[124]              2.073    0.000    0.0000      0.0000  
data_npu_int[125]              1.926    0.000    0.0000      0.0000  
data_npu_int[126]              1.974    0.000    0.0000      0.0000  
data_npu_int[127]              2.010    0.000    0.0000      0.0000  
data_relu_int[0]               1.438    0.000    0.0000      0.0000  
data_relu_int[1]               1.438    0.000    0.0000      0.0000  
data_relu_int[2]               1.438    0.000    0.0000      0.0000  
data_relu_int[3]               1.438    0.000    0.0000      0.0000  
data_relu_int[4]               1.438    0.000    0.0000      0.0000  
data_relu_int[5]               1.438    0.000    0.0000      0.0000  
data_relu_int[6]               1.438    0.000    0.0000      0.0000  
data_relu_int[7]               1.438    0.000    0.0000      0.0000  
data_relu_int[8]               1.438    0.000    0.0000      0.0000  
data_relu_int[9]               1.438    0.000    0.0000      0.0000  
data_relu_int[10]              1.438    0.000    0.0000      0.0000  
data_relu_int[11]              1.438    0.000    0.0000      0.0000  
data_relu_int[12]              1.438    0.000    0.0000      0.0000  
data_relu_int[13]              1.438    0.000    0.0000      0.0000  
data_relu_int[14]              1.438    0.000    0.0000      0.0000  
data_relu_int[15]              1.438    0.000    0.0000      0.0000  
data_relu_int[16]              1.438    0.000    0.0000      0.0000  
data_relu_int[17]              1.438    0.000    0.0000      0.0000  
data_relu_int[18]              1.438    0.000    0.0000      0.0000  
data_relu_int[19]              1.438    0.000    0.0000      0.0000  
data_relu_int[20]              1.438    0.000    0.0000      0.0000  
data_relu_int[21]              1.438    0.000    0.0000      0.0000  
data_relu_int[22]              1.438    0.000    0.0000      0.0000  
data_relu_int[23]              1.438    0.000    0.0000      0.0000  
data_relu_int[24]              1.438    0.000    0.0000      0.0000  
data_relu_int[25]              1.438    0.000    0.0000      0.0000  
data_relu_int[26]              1.438    0.000    0.0000      0.0000  
data_relu_int[27]              1.438    0.000    0.0000      0.0000  
data_relu_int[28]              1.438    0.000    0.0000      0.0000  
data_relu_int[29]              1.438    0.000    0.0000      0.0000  
data_relu_int[30]              1.438    0.000    0.0000      0.0000  
data_relu_int[31]              1.438    0.000    0.0000      0.0000  
net1522                        0.777    0.000    0.0000      0.0000  d
--------------------------------------------------------------------------------
Total (410 nets)                                            27.2569 uW
1
