 
****************************************
Report : power
        -net
        -analysis_effort low
        -sort_mode net_switching_power
Design : dp_extra
Version: O-2018.06-SP4
Date   : Wed Apr 29 16:30:40 2020
****************************************


Library(s) Used:

    NangateOpenCellLibrary (File: /software/dk/nangate45/synopsys/NangateOpenCellLibrary_typical_ecsm_nowlm.db)


Operating Conditions: typical   Library: NangateOpenCellLibrary
Wire Load Model Mode: top

Design        Wire Load Model            Library
------------------------------------------------
dp_extra               5K_hvratio_1_1    NangateOpenCellLibrary


Global Operating Voltage = 1.1  
Power-specific unit information :
    Voltage Units = 1V
    Capacitance Units = 1.000000ff
    Time Units = 1ns
    Dynamic Power Units = 1uW    (derived from V,C,T units)
    Leakage Power Units = 1nW



  Attributes
  ----------
      a  -  Switching activity information annotated on net
      d  -  Default switching activity information on net

                             Total      Static   Toggle   Switching
Net                          Net Load   Prob.    Rate     Power      Attrs
--------------------------------------------------------------------------------
dp_ptr_o[WR_ADDR_H][0]        12.592    0.186    0.0658      0.5015  
dp_ptr_o[RD_MUX_H][0]         12.592    0.175    0.0577      0.4398  
addr_weight_o[0]               5.229    0.191    0.0673      0.2129  
fsm_flag_o[TC_MAC][KY]         7.862    0.150    0.0371      0.1764  
fsm_flag_o[TC_MAC][KX]         7.927    0.151    0.0352      0.1689  
dp_ptr_o[RD_ADDR_H][0]         3.712    0.186    0.0658      0.1478  
dp_ptr_o[WR_ADDR_H][1]         7.118    0.168    0.0324      0.1396  
dp_ptr_o[RD_MUX_V][0]          3.712    0.175    0.0577      0.1296  
n23                           16.563    0.935    0.0122      0.1218  
addr_data_even_o[13]           3.712    0.223    0.0535      0.1202  
addr_data_odd_o[13]            3.712    0.222    0.0535      0.1201  
addr_data_even_o[12]           3.712    0.222    0.0535      0.1201  
addr_data_odd_o[12]            3.712    0.221    0.0535      0.1201  
addr_data_odd_o[7]             3.712    0.221    0.0534      0.1199  
addr_data_even_o[7]            3.712    0.222    0.0533      0.1198  
addr_data_odd_o[9]             3.712    0.222    0.0532      0.1194  
addr_data_even_o[9]            3.712    0.222    0.0531      0.1192  
addr_data_odd_o[10]            3.712    0.222    0.0529      0.1188  
addr_data_even_o[10]           3.712    0.222    0.0529      0.1187  
addr_data_even_o[5]            3.712    0.221    0.0529      0.1187  
addr_data_odd_o[2]             3.712    0.214    0.0529      0.1187  
addr_data_even_o[4]            3.712    0.223    0.0528      0.1187  
addr_data_odd_o[5]             3.712    0.220    0.0528      0.1187  
fsm_flag_o[TC_MAC][RE]         5.815    0.143    0.0337      0.1186  
addr_data_odd_o[4]             3.712    0.222    0.0528      0.1185  
addr_data_even_o[2]            3.712    0.215    0.0527      0.1184  
addr_data_odd_o[11]            3.712    0.219    0.0526      0.1181  
addr_data_even_o[11]           3.712    0.220    0.0525      0.1180  
addr_data_odd_o[1]             3.712    0.212    0.0525      0.1179  
addr_data_even_o[1]            3.712    0.213    0.0525      0.1179  
addr_data_even_o[3]            3.712    0.223    0.0524      0.1177  
addr_data_even_o[8]            3.712    0.221    0.0524      0.1177  
addr_data_even_o[15]           3.712    0.221    0.0524      0.1177  
addr_data_even_o[14]           3.712    0.217    0.0523      0.1175  
addr_data_odd_o[8]             3.712    0.221    0.0523      0.1175  
addr_data_odd_o[3]             3.712    0.223    0.0523      0.1174  
addr_data_odd_o[15]            3.712    0.220    0.0523      0.1174  
addr_data_odd_o[14]            3.712    0.216    0.0523      0.1173  
dp_ptr_o[RD_MUX_H][1]          7.118    0.129    0.0271      0.1169  
addr_data_even_o[0]            3.712    0.189    0.0520      0.1168  
addr_data_even_o[6]            3.712    0.220    0.0520      0.1167  
addr_data_odd_o[0]             3.712    0.187    0.0519      0.1166  
addr_data_odd_o[6]             3.712    0.219    0.0518      0.1163  
addr_weight_o[1]               5.229    0.163    0.0327      0.1034  
n24                           14.862    0.943    0.0112      0.1005  
n10                            6.276    0.245    0.0241      0.0914  
n7                             6.213    0.749    0.0241      0.0905  
fsm_flag_o[TC_IDX][NIF]        7.181    0.071    0.0198      0.0861  
n8                             4.128    0.619    0.0312      0.0780  
n9                             4.128    0.370    0.0304      0.0760  
fsm_flag_o[TC_IDX][BLOCK_X]   10.766    0.057    0.0112      0.0728  
dp_ptr_o[RD_ADDR_H][1]         3.712    0.168    0.0324      0.0728  
fsm_flag_o[TC_IDX][BLOCK_Y]    9.370    0.065    0.0122      0.0689  
n25                            4.128    0.500    0.0250      0.0624  d
dp_ptr_o[RD_MUX_V][1]          3.712    0.129    0.0271      0.0610  
idx_cnt_en_int[BLOCK_Y]        6.954    0.038    0.0143      0.0601  
addr_cmd_int[CLR_WORD]         3.346    0.472    0.0297      0.0600  
addr_weight_o[2]               5.229    0.131    0.0149      0.0471  
dp_ptr_o[WR_ADDR_H][2]         5.075    0.128    0.0150      0.0460  
n11                            4.128    0.124    0.0175      0.0436  
n6                             4.128    0.882    0.0172      0.0429  
fsm_flag_o[TC_IDX][NOF]        5.815    0.061    0.0118      0.0414  
dp_ptr_o[RD_ADDR_H][2]         3.712    0.128    0.0150      0.0336  
dp_ptr_o[RD_MUX_H][2]          5.075    0.080    0.0108      0.0331  
fsm_flag_o[TC_MAC][NPU]        5.815    0.026    0.0088      0.0311  
n26                            2.024    0.755    0.0241      0.0295  
addr_cmd_int[CLR_NIF]          3.346    0.038    0.0143      0.0289  
addr_weight_cmd_int[CLR_OFFS]
                               3.346    0.038    0.0143      0.0289  
n27                            1.936    0.251    0.0241      0.0282  
dp_ckg_rmask_o[0]              3.712    0.057    0.0116      0.0261  
n12                            3.374    0.066    0.0121      0.0248  
dp_ptr_o[RD_MUX_V][2]          3.712    0.080    0.0108      0.0242  
dp_ckg_cmask_o[0]              3.712    0.049    0.0105      0.0236  
dp_ckg_rmask_o[1]              3.712    0.047    0.0104      0.0233  
dp_ckg_cmask_o[1]              3.712    0.041    0.0093      0.0210  
dp_ckg_rmask_o[2]              3.712    0.040    0.0092      0.0207  
addr_cmd_int[EN_NIF]           1.252    0.500    0.0250      0.0189  d
addr_cmd_int[EN_WORD]          1.252    0.500    0.0250      0.0189  d
addr_weight_cmd_int[EN_OFFS]   1.252    0.500    0.0250      0.0189  d
dp_ckg_cmask_o[2]              3.712    0.034    0.0083      0.0185  
addr_weight_o[3]               5.229    0.075    0.0057      0.0181  
dp_ckg_rmask_o[3]              3.712    0.032    0.0074      0.0167  
dp_ckg_cmask_o[3]              3.712    0.027    0.0067      0.0151  
dpc_i_int                      2.024    0.061    0.0121      0.0148  
dp_ckg_rmask_o[4]              3.712    0.024    0.0062      0.0139  
dp_ckg_cmask_o[4]              3.712    0.020    0.0053      0.0119  
addr_cmd_int[EN_BLOCK_Y]       1.252    0.038    0.0143      0.0108  
dp_ckg_rmask_o[5]              3.712    0.015    0.0041      0.0091  
idx_cnt_en_int[BLOCK_X]        9.116    0.003    0.0015      0.0084  
dp_ckg_cmask_o[5]              3.712    0.013    0.0036      0.0081  
dp_ckg_cmask_o[6]              3.712    0.006    0.0021      0.0046  
dp_ckg_rmask_o[6]              3.712    0.006    0.0020      0.0044  
addr_weight_o[4]               5.229    0.022    0.0013      0.0042  
addr_cmd_int[CLR_BLOCK_Y]      3.346    0.003    0.0015      0.0031  
idx_cnt_q_int[BLOCK_X][0]      5.431    0.012    0.0008      0.0025  
addr_cmd_int[EN_BLOCK_X_EVEN]
                               1.252    0.003    0.0014      0.0011  
fsm_flag_o[TC_MAC][LDK]        5.815    0.997    0.0001      0.0004  
idx_cnt_en_int[NOF]            4.038    0.000    0.0001      0.0003  
addr_cmd_int[CLR_BLOCK_X_EVEN]
                               3.346    0.000    0.0001      0.0002  
addr_cmd_int[CLR_BLOCK_X_ODD]
                               3.346    0.000    0.0001      0.0002  
addr_weight_o[5]               5.229    0.002    0.46e-4     0.0001  
addr_cmd_int[EN_BLOCK_X_ODD]   1.252    0.000    0.0002      0.0001  
addr_weight_cmd_int[EN_BASE]   1.257    0.000    0.0001   8.120e-05  
addr_weight_cmd_int[CLR_BASE]
                               0.942    0.000    0.0000      0.0000  d
addr_weight_o[6]               5.229    0.000    0.0000      0.0000  
addr_weight_o[7]               5.229    0.000    0.0000      0.0000  
addr_weight_o[8]               5.229    0.000    0.0000      0.0000  
addr_weight_o[9]               5.229    0.000    0.0000      0.0000  
addr_weight_o[10]              5.229    0.000    0.0000      0.0000  
addr_weight_o[11]              5.229    0.000    0.0000      0.0000  
addr_weight_o[12]              5.229    0.000    0.0000      0.0000  
addr_weight_o[13]              5.229    0.000    0.0000      0.0000  
addr_weight_o[14]              5.229    0.000    0.0000      0.0000  
addr_weight_o[15]              5.229    0.000    0.0000      0.0000  
dp_ckg_cmask_o[7]              3.712    0.000    0.0000      0.0000  d
dp_ckg_rmask_o[7]              3.712    0.000    0.0000      0.0000  d
n14                            1.700    1.000    0.0000      0.0000  d
n16                            1.700    1.000    0.0000      0.0000  d
--------------------------------------------------------------------------------
Total (118 nets)                                             7.9657 uW
1
