Information: Updating design information... (UID-85)
Information: Propagating switching activity (low effort zero delay simulation). (PWR-6)
 
****************************************
Report : power
        -analysis_effort low
Design : dp
Version: F-2011.09-SP3
Date   : Sat Jan 18 18:35:27 2020
****************************************


Library(s) Used:

    NangateOpenCellLibrary (File: /home/mg.lowpower/do/libnangate/NangateOpenCellLibrary_typical_ecsm.db)


Operating Conditions: typical   Library: NangateOpenCellLibrary
Wire Load Model Mode: top

Design        Wire Load Model            Library
------------------------------------------------
dp                     5K_hvratio_1_1    NangateOpenCellLibrary


Global Operating Voltage = 1.1  
Power-specific unit information :
    Voltage Units = 1V
    Capacitance Units = 1.000000ff
    Time Units = 1ns
    Dynamic Power Units = 1uW    (derived from V,C,T units)
    Leakage Power Units = 1nW


  Cell Internal Power  =   6.7149 mW   (62%)
  Net Switching Power  =   4.1453 mW   (38%)
                         ---------
Total Dynamic Power    =  10.8602 mW  (100%)

Cell Leakage Power     = 513.7183 uW


                 Internal         Switching           Leakage            Total
Power Group      Power            Power               Power              Power   (   %    )  Attrs
--------------------------------------------------------------------------------------------------
io_pad             0.0000            0.0000            0.0000            0.0000  (   0.00%)
memory             0.0000            0.0000            0.0000            0.0000  (   0.00%)
black_box          0.0000            0.0000            0.0000            0.0000  (   0.00%)
clock_network    851.5255        1.5679e+03        1.1040e+04        2.4305e+03  (  21.37%)
register       4.4205e+03           75.3000        2.1951e+05        4.7153e+03  (  41.46%)
sequential         0.0000            0.0000            0.0000            0.0000  (   0.00%)
combinational  1.4429e+03        2.5020e+03        2.8317e+05        4.2281e+03  (  37.17%)
--------------------------------------------------------------------------------------------------
Total          6.7149e+03 uW     4.1453e+03 uW     5.1372e+05 nW     1.1374e+04 uW
1
