Information: Updating design information... (UID-85)
 
****************************************
Report : timing
        -path full
        -delay max
        -max_paths 1
Design : dp
Version: F-2011.09-SP3
Date   : Fri Jan 31 02:59:48 2020
****************************************

Operating Conditions: typical   Library: NangateOpenCellLibrary
Wire Load Model Mode: top

  Startpoint: i_weight_addr_gen_inst/int_base_addr_reg[0]
              (rising edge-triggered flip-flop clocked by MY_CLK)
  Endpoint: i_weight_addr[15]
            (output port clocked by MY_CLK)
  Path Group: MY_CLK
  Path Type: max

  Des/Clust/Port     Wire Load Model       Library
  ------------------------------------------------
  dp                 5K_hvratio_1_1        NangateOpenCellLibrary

  Point                                                   Incr       Path
  --------------------------------------------------------------------------
  clock MY_CLK (rise edge)                                0.00       0.00
  clock network delay (ideal)                             0.00       0.00
  i_weight_addr_gen_inst/int_base_addr_reg[0]/CK (DFFR_X1)
                                                          0.00       0.00 r
  i_weight_addr_gen_inst/int_base_addr_reg[0]/QN (DFFR_X1)
                                                          0.07       0.07 r
  i_weight_addr_gen_inst/U65/ZN (INV_X1)                  0.02       0.09 f
  i_weight_addr_gen_inst/add_32/A[0] (addr_gen_N16_DW01_add_3)
                                                          0.00       0.09 f
  i_weight_addr_gen_inst/add_32/U48/ZN (AND2_X1)          0.04       0.13 f
  i_weight_addr_gen_inst/add_32/U1_1/CO (FA_X1)           0.09       0.22 f
  i_weight_addr_gen_inst/add_32/U1_2/CO (FA_X1)           0.09       0.31 f
  i_weight_addr_gen_inst/add_32/U1_3/CO (FA_X1)           0.09       0.40 f
  i_weight_addr_gen_inst/add_32/U1_4/CO (FA_X1)           0.09       0.50 f
  i_weight_addr_gen_inst/add_32/U1_5/CO (FA_X1)           0.10       0.60 f
  i_weight_addr_gen_inst/add_32/U5/ZN (NAND2_X1)          0.04       0.63 r
  i_weight_addr_gen_inst/add_32/U7/ZN (NAND3_X1)          0.05       0.68 f
  i_weight_addr_gen_inst/add_32/U23/ZN (NAND2_X1)         0.04       0.71 r
  i_weight_addr_gen_inst/add_32/U25/ZN (NAND3_X1)         0.05       0.76 f
  i_weight_addr_gen_inst/add_32/U31/ZN (NAND2_X1)         0.04       0.80 r
  i_weight_addr_gen_inst/add_32/U33/ZN (NAND3_X1)         0.04       0.84 f
  i_weight_addr_gen_inst/add_32/U1_9/CO (FA_X1)           0.09       0.93 f
  i_weight_addr_gen_inst/add_32/U1_10/CO (FA_X1)          0.10       1.03 f
  i_weight_addr_gen_inst/add_32/U37/ZN (NAND2_X1)         0.05       1.07 r
  i_weight_addr_gen_inst/add_32/U26/ZN (NAND3_X1)         0.04       1.11 f
  i_weight_addr_gen_inst/add_32/U45/ZN (NAND2_X1)         0.03       1.14 r
  i_weight_addr_gen_inst/add_32/U47/ZN (NAND3_X1)         0.05       1.19 f
  i_weight_addr_gen_inst/add_32/U11/ZN (NAND2_X1)         0.04       1.22 r
  i_weight_addr_gen_inst/add_32/U13/ZN (NAND3_X1)         0.04       1.27 f
  i_weight_addr_gen_inst/add_32/U17/ZN (NAND2_X1)         0.03       1.30 r
  i_weight_addr_gen_inst/add_32/U19/ZN (NAND3_X1)         0.04       1.34 f
  i_weight_addr_gen_inst/add_32/U40/ZN (XNOR2_X1)         0.06       1.40 f
  i_weight_addr_gen_inst/add_32/SUM[15] (addr_gen_N16_DW01_add_3)
                                                          0.00       1.40 f
  i_weight_addr_gen_inst/addr[15] (addr_gen_N16)          0.00       1.40 f
  i_weight_addr[15] (out)                                 0.03       1.43 f
  data arrival time                                                  1.43

  clock MY_CLK (rise edge)                                2.00       2.00
  clock network delay (ideal)                             0.00       2.00
  clock uncertainty                                      -0.07       1.93
  output external delay                                  -0.50       1.43
  data required time                                                 1.43
  --------------------------------------------------------------------------
  data required time                                                 1.43
  data arrival time                                                 -1.43
  --------------------------------------------------------------------------
  slack (MET)                                                        0.00


1
