Information: Updating design information... (UID-85)
Information: Propagating switching activity (low effort zero delay simulation). (PWR-6)
 
****************************************
Report : power
        -analysis_effort low
Design : dp
Version: F-2011.09-SP3
Date   : Sat Jan 18 18:41:46 2020
****************************************


Library(s) Used:

    NangateOpenCellLibrary (File: /home/mg.lowpower/do/libnangate/NangateOpenCellLibrary_typical_ecsm.db)


Operating Conditions: typical   Library: NangateOpenCellLibrary
Wire Load Model Mode: top

Design        Wire Load Model            Library
------------------------------------------------
dp                     5K_hvratio_1_1    NangateOpenCellLibrary


Global Operating Voltage = 1.1  
Power-specific unit information :
    Voltage Units = 1V
    Capacitance Units = 1.000000ff
    Time Units = 1ns
    Dynamic Power Units = 1uW    (derived from V,C,T units)
    Leakage Power Units = 1nW


  Cell Internal Power  =   6.8094 mW   (66%)
  Net Switching Power  =   3.5043 mW   (34%)
                         ---------
Total Dynamic Power    =  10.3138 mW  (100%)

Cell Leakage Power     = 739.2374 uW


                 Internal         Switching           Leakage            Total
Power Group      Power            Power               Power              Power   (   %    )  Attrs
--------------------------------------------------------------------------------------------------
io_pad             0.0000            0.0000            0.0000            0.0000  (   0.00%)
memory             0.0000            0.0000            0.0000            0.0000  (   0.00%)
black_box          0.0000            0.0000            0.0000            0.0000  (   0.00%)
clock_network  3.3012e+03          340.4877        5.3981e+04        3.6957e+03  (  33.44%)
register       1.8940e+03           62.6852        4.0123e+05        2.3579e+03  (  21.33%)
sequential         0.0000            0.0000            0.0000            0.0000  (   0.00%)
combinational  1.6142e+03        3.1012e+03        2.8402e+05        4.9994e+03  (  45.23%)
--------------------------------------------------------------------------------------------------
Total          6.8095e+03 uW     3.5043e+03 uW     7.3923e+05 nW     1.1053e+04 uW
1
