Flow report for conv2d
Tue Jun 18 11:04:28 2019
Quartus II 32-bit Version 11.1 Build 259 01/25/2012 Service Pack 2 SJ Web Edition


---------------------
; Table of Contents ;
---------------------
  1. Legal Notice
  2. Flow Summary
  3. Flow Settings
  4. Flow Non-Default Global Settings
  5. Flow Elapsed Time
  6. Flow OS Summary
  7. Flow Log



----------------
; Legal Notice ;
----------------
Copyright (C) 1991-2011 Altera Corporation
Your use of Altera Corporation's design tools, logic functions 
and other software and tools, and its AMPP partner logic 
functions, and any output files from any of the foregoing 
(including device programming or simulation files), and any 
associated documentation or information are expressly subject 
to the terms and conditions of the Altera Program License 
Subscription Agreement, Altera MegaCore Function License 
Agreement, or other applicable license agreement, including, 
without limitation, that your use is for the sole purpose of 
programming logic devices manufactured by Altera and sold by 
Altera or its authorized distributors.  Please refer to the 
applicable agreement for further details.



+------------------------------------------------------------------------------------+
; Flow Summary                                                                       ;
+------------------------------------+-----------------------------------------------+
; Flow Status                        ; Successful - Tue Jun 18 11:03:52 2019         ;
; Quartus II 32-bit Version          ; 11.1 Build 259 01/25/2012 SP 2 SJ Web Edition ;
; Revision Name                      ; conv2d                                        ;
; Top-level Entity Name              ; conv2d                                        ;
; Family                             ; Cyclone II                                    ;
; Total logic elements               ; 3,188 / 33,216 ( 10 % )                       ;
;     Total combinational functions  ; 2,610 / 33,216 ( 8 % )                        ;
;     Dedicated logic registers      ; 1,979 / 33,216 ( 6 % )                        ;
; Total registers                    ; 1979                                          ;
; Total pins                         ; 278 / 322 ( 86 % )                            ;
; Total virtual pins                 ; 0                                             ;
; Total memory bits                  ; 1,856 / 483,840 ( < 1 % )                     ;
; Embedded Multiplier 9-bit elements ; 36 / 70 ( 51 % )                              ;
; Total PLLs                         ; 0 / 4 ( 0 % )                                 ;
; Device                             ; EP2C35F484C6                                  ;
; Timing Models                      ; Final                                         ;
+------------------------------------+-----------------------------------------------+


+-----------------------------------------+
; Flow Settings                           ;
+-------------------+---------------------+
; Option            ; Setting             ;
+-------------------+---------------------+
; Start date & time ; 06/18/2019 11:01:23 ;
; Main task         ; Compilation         ;
; Revision Name     ; conv2d              ;
+-------------------+---------------------+


+----------------------------------------------------------------------------------------------------------------------+
; Flow Non-Default Global Settings                                                                                     ;
+-------------------------------------+---------------------------------+---------------+-------------+----------------+
; Assignment Name                     ; Value                           ; Default Value ; Entity Name ; Section Id     ;
+-------------------------------------+---------------------------------+---------------+-------------+----------------+
; COMPILER_SIGNATURE_ID               ; 128534987764828.156084848215256 ; --            ; --          ; --             ;
; EDA_OUTPUT_DATA_FORMAT              ; Vhdl                            ; --            ; --          ; eda_simulation ;
; EDA_SIMULATION_TOOL                 ; ModelSim-Altera (VHDL)          ; <None>        ; --          ; --             ;
; PARTITION_COLOR                     ; 16764057                        ; --            ; --          ; Top            ;
; PARTITION_FITTER_PRESERVATION_LEVEL ; PLACEMENT_AND_ROUTING           ; --            ; --          ; Top            ;
; PARTITION_NETLIST_TYPE              ; SOURCE                          ; --            ; --          ; Top            ;
+-------------------------------------+---------------------------------+---------------+-------------+----------------+


+-------------------------------------------------------------------------------------------------------------------------------+
; Flow Elapsed Time                                                                                                             ;
+---------------------------+--------------+-------------------------+---------------------+------------------------------------+
; Module Name               ; Elapsed Time ; Average Processors Used ; Peak Virtual Memory ; Total CPU Time (on all processors) ;
+---------------------------+--------------+-------------------------+---------------------+------------------------------------+
; Analysis & Synthesis      ; 00:00:55     ; 1.0                     ; 399 MB              ; 00:00:50                           ;
; Fitter                    ; 00:01:23     ; 1.0                     ; 463 MB              ; 00:01:00                           ;
; TimeQuest Timing Analyzer ; 00:00:27     ; 1.0                     ; 346 MB              ; 00:00:18                           ;
; Total                     ; 00:02:45     ; --                      ; --                  ; 00:02:08                           ;
+---------------------------+--------------+-------------------------+---------------------+------------------------------------+


+----------------------------------------------------------------------------------------+
; Flow OS Summary                                                                        ;
+---------------------------+------------------+-----------+------------+----------------+
; Module Name               ; Machine Hostname ; OS Name   ; OS Version ; Processor type ;
+---------------------------+------------------+-----------+------------+----------------+
; Analysis & Synthesis      ; AS-3459DV        ; Windows 7 ; 6.2        ; x86_64         ;
; Fitter                    ; AS-3459DV        ; Windows 7 ; 6.2        ; x86_64         ;
; TimeQuest Timing Analyzer ; AS-3459DV        ; Windows 7 ; 6.2        ; x86_64         ;
+---------------------------+------------------+-----------+------------+----------------+


------------
; Flow Log ;
------------
quartus_map --read_settings_files=on --write_settings_files=off conv2d -c conv2d
quartus_fit --read_settings_files=off --write_settings_files=off conv2d -c conv2d
quartus_sta conv2d -c conv2d



