\BOOKMARK [0][-]{chapter.1}{Introduction}{}% 1
\BOOKMARK [1][-]{section.1.1}{Introduction to the laboratory experience}{chapter.1}% 2
\BOOKMARK [1][-]{section.1.2}{Structure explanation}{chapter.1}% 3
\BOOKMARK [1][-]{section.1.3}{Behavior of the memory}{chapter.1}% 4
\BOOKMARK [0][-]{chapter.2}{Delay}{}% 5
\BOOKMARK [1][-]{section.2.1}{Delay computation}{chapter.2}% 6
\BOOKMARK [2][-]{subsection.2.1.1}{Precharge unit delay}{section.2.1}% 7
\BOOKMARK [2][-]{subsection.2.1.2}{Block decoder delay}{section.2.1}% 8
\BOOKMARK [2][-]{subsection.2.1.3}{Row decoder}{section.2.1}% 9
\BOOKMARK [2][-]{subsection.2.1.4}{Bit line delay}{section.2.1}% 10
\BOOKMARK [2][-]{subsection.2.1.5}{Sense amplifier delay}{section.2.1}% 11
\BOOKMARK [2][-]{subsection.2.1.6}{Delay of the column pass transistor and of the slice transistor}{section.2.1}% 12
\BOOKMARK [2][-]{subsection.2.1.7}{Total delay}{section.2.1}% 13
\BOOKMARK [1][-]{section.2.2}{Simulation result}{chapter.2}% 14
\BOOKMARK [0][-]{chapter.3}{Power Analysis}{}% 15
\BOOKMARK [1][-]{section.3.1}{Capacitance modeling}{chapter.3}% 16
\BOOKMARK [2][-]{subsection.3.1.1}{Floating gate transistor capacitances}{section.3.1}% 17
\BOOKMARK [2][-]{subsection.3.1.2}{Lines capacitances}{section.3.1}% 18
\BOOKMARK [2][-]{subsection.3.1.3}{Decoders capacitance}{section.3.1}% 19
\BOOKMARK [2][-]{subsection.3.1.4}{Sense Amplifier}{section.3.1}% 20
\BOOKMARK [1][-]{section.3.2}{Read Dynamic Power}{chapter.3}% 21
\BOOKMARK [2][-]{subsection.3.2.1}{Decoding stage}{section.3.2}% 22
\BOOKMARK [2][-]{subsection.3.2.2}{Precharge}{section.3.2}% 23
\BOOKMARK [2][-]{subsection.3.2.3}{Read operation}{section.3.2}% 24
\BOOKMARK [2][-]{subsection.3.2.4}{Sense Amplifier}{section.3.2}% 25
\BOOKMARK [2][-]{subsection.3.2.5}{Total Power}{section.3.2}% 26
\BOOKMARK [1][-]{section.3.3}{Write Dynamic Power}{chapter.3}% 27
\BOOKMARK [1][-]{section.3.4}{Erase power}{chapter.3}% 28
\BOOKMARK [1][-]{section.3.5}{Simulation results}{chapter.3}% 29
\BOOKMARK [0][-]{chapter.4}{Area and Volume}{}% 30
\BOOKMARK [1][-]{section.4.1}{Memory array}{chapter.4}% 31
\BOOKMARK [1][-]{section.4.2}{Decoders}{chapter.4}% 32
\BOOKMARK [1][-]{section.4.3}{Pass Transistors and Precharge Transistors}{chapter.4}% 33
\BOOKMARK [1][-]{section.4.4}{Sense Amplifier}{chapter.4}% 34
\BOOKMARK [1][-]{section.4.5}{Total Area and Total Volume}{chapter.4}% 35
\BOOKMARK [1][-]{section.4.6}{Simulation result}{chapter.4}% 36
\BOOKMARK [0][-]{chapter.5}{Matlab code}{}% 37
\BOOKMARK [1][-]{section.5.1}{InputParameters.m}{chapter.5}% 38
\BOOKMARK [1][-]{section.5.2}{Memories3D.m}{chapter.5}% 39
