 
****************************************
Report : area
Design : dp
Version: F-2011.09-SP3
Date   : Sat Jan 18 22:46:56 2020
****************************************

Library(s) Used:

    NangateOpenCellLibrary (File: /home/mg.lowpower/do/libnangate/NangateOpenCellLibrary_typical_ecsm.db)

Number of ports:                          232
Number of nets:                           441
Number of cells:                           65
Number of combinational cells:             13
Number of sequential cells:                29
Number of macros:                           0
Number of buf/inv:                          5
Number of references:                      30

Combinational area:       16719.962009
Noncombinational area:    15676.710479
Net Interconnect area:      undefined  (Wire load has zero net area)

Total cell area:          32396.672487
Total area:                 undefined
1
