Information: Updating design information... (UID-85)
 
****************************************
Report : timing
        -path full
        -delay max
        -max_paths 1
Design : dp
Version: F-2011.09-SP3
Date   : Sat Jan 18 22:46:56 2020
****************************************

Operating Conditions: typical   Library: NangateOpenCellLibrary
Wire Load Model Mode: top

  Startpoint: i_gamma[7] (input port clocked by MY_CLK)
  Endpoint: prod_sum_i_0/int_prod_reg[15]
            (rising edge-triggered flip-flop clocked by MY_CLK)
  Path Group: MY_CLK
  Path Type: max

  Des/Clust/Port     Wire Load Model       Library
  ------------------------------------------------
  dp                 5K_hvratio_1_1        NangateOpenCellLibrary

  Point                                                   Incr       Path
  --------------------------------------------------------------------------
  clock MY_CLK (rise edge)                                0.00       0.00
  clock network delay (ideal)                             0.00       0.00
  input external delay                                    0.50       0.50 f
  i_gamma[7] (in)                                         0.00       0.50 f
  prod_sum_i_0/i_gamma[7] (prod_sum_7)                    0.00       0.50 f
  prod_sum_i_0/mult_45/B[7] (prod_sum_7_DW02_mult_0)      0.00       0.50 f
  prod_sum_i_0/mult_45/U39/ZN (INV_X1)                    0.08       0.58 r
  prod_sum_i_0/mult_45/U103/ZN (NOR2_X1)                  0.04       0.62 f
  prod_sum_i_0/mult_45/U9/Z (XOR2_X1)                     0.08       0.70 f
  prod_sum_i_0/mult_45/S2_2_5/S (FA_X1)                   0.13       0.84 r
  prod_sum_i_0/mult_45/S2_3_4/S (FA_X1)                   0.11       0.95 f
  prod_sum_i_0/mult_45/S2_4_3/S (FA_X1)                   0.14       1.09 r
  prod_sum_i_0/mult_45/S2_5_2/S (FA_X1)                   0.11       1.20 f
  prod_sum_i_0/mult_45/S2_6_1/S (FA_X1)                   0.14       1.33 r
  prod_sum_i_0/mult_45/S4_0/S (FA_X1)                     0.11       1.45 f
  prod_sum_i_0/mult_45/S14_7_0/CO (FA_X1)                 0.09       1.54 f
  prod_sum_i_0/mult_45/FS_1/B[6] (prod_sum_7_DW01_add_1)
                                                          0.00       1.54 f
  prod_sum_i_0/mult_45/FS_1/U9/ZN (INV_X1)                0.03       1.57 r
  prod_sum_i_0/mult_45/FS_1/U39/ZN (NOR2_X1)              0.03       1.60 f
  prod_sum_i_0/mult_45/FS_1/U38/ZN (OAI21_X1)             0.05       1.65 r
  prod_sum_i_0/mult_45/FS_1/U8/ZN (INV_X1)                0.02       1.67 f
  prod_sum_i_0/mult_45/FS_1/U37/ZN (AOI21_X1)             0.07       1.74 r
  prod_sum_i_0/mult_45/FS_1/U34/ZN (OAI21_X1)             0.04       1.78 f
  prod_sum_i_0/mult_45/FS_1/U31/ZN (AOI21_X1)             0.06       1.84 r
  prod_sum_i_0/mult_45/FS_1/U29/ZN (OAI21_X1)             0.04       1.88 f
  prod_sum_i_0/mult_45/FS_1/U21/ZN (AOI21_X1)             0.06       1.95 r
  prod_sum_i_0/mult_45/FS_1/U19/ZN (OAI21_X1)             0.04       1.99 f
  prod_sum_i_0/mult_45/FS_1/U17/Z (XOR2_X1)               0.07       2.06 f
  prod_sum_i_0/mult_45/FS_1/SUM[13] (prod_sum_7_DW01_add_1)
                                                          0.00       2.06 f
  prod_sum_i_0/mult_45/PRODUCT[15] (prod_sum_7_DW02_mult_0)
                                                          0.00       2.06 f
  prod_sum_i_0/int_prod_reg[15]/D (DFFR_X1)               0.01       2.06 f
  data arrival time                                                  2.06

  clock MY_CLK (rise edge)                                4.00       4.00
  clock network delay (ideal)                             0.00       4.00
  clock uncertainty                                      -0.07       3.93
  prod_sum_i_0/int_prod_reg[15]/CK (DFFR_X1)              0.00       3.93 r
  library setup time                                     -0.04       3.89
  data required time                                                 3.89
  --------------------------------------------------------------------------
  data required time                                                 3.89
  data arrival time                                                 -2.06
  --------------------------------------------------------------------------
  slack (MET)                                                        1.82


1
