 
****************************************
Report : area
Design : dp
Version: F-2011.09-SP3
Date   : Mon Jan 20 21:51:35 2020
****************************************

Library(s) Used:

    NangateOpenCellLibrary (File: /home/mg.lowpower/do/libnangate/NangateOpenCellLibrary_typical_ecsm.db)

Number of ports:                          200
Number of nets:                           332
Number of cells:                           61
Number of combinational cells:             15
Number of sequential cells:                30
Number of macros:                           0
Number of buf/inv:                          5
Number of references:                      24

Combinational area:       13907.544015
Noncombinational area:    14551.530440
Net Interconnect area:      undefined  (Wire load has zero net area)

Total cell area:          28459.074455
Total area:                 undefined
1
