 
****************************************
Report : area
Design : dp
Version: F-2011.09-SP3
Date   : Fri Jan 31 20:02:57 2020
****************************************

Library(s) Used:

    NangateOpenCellLibrary (File: /home/mg.lowpower/do/libnangate/NangateOpenCellLibrary_typical_ecsm.db)

Number of ports:                          145
Number of nets:                           339
Number of cells:                          107
Number of combinational cells:             56
Number of sequential cells:                19
Number of macros:                           0
Number of buf/inv:                         14
Number of references:                      43

Combinational area:       14540.890017
Noncombinational area:    15525.090471
Net Interconnect area:      undefined  (Wire load has zero net area)

Total cell area:          30065.980488
Total area:                 undefined
1
