Information: Updating design information... (UID-85)
Warning: Design 'dp' contains 1 high-fanout nets. A fanout number of 1000 will be used for delay calculations involving these nets. (TIM-134)
Information: Propagating switching activity (low effort zero delay simulation). (PWR-6)
 
****************************************
Report : power
        -analysis_effort low
Design : dp
Version: F-2011.09-SP3
Date   : Mon Jan 20 21:48:47 2020
****************************************


Library(s) Used:

    NangateOpenCellLibrary (File: /home/mg.lowpower/do/libnangate/NangateOpenCellLibrary_typical_ecsm.db)


Operating Conditions: typical   Library: NangateOpenCellLibrary
Wire Load Model Mode: top

Design        Wire Load Model            Library
------------------------------------------------
dp                     5K_hvratio_1_1    NangateOpenCellLibrary


Global Operating Voltage = 1.1  
Power-specific unit information :
    Voltage Units = 1V
    Capacitance Units = 1.000000ff
    Time Units = 1ns
    Dynamic Power Units = 1uW    (derived from V,C,T units)
    Leakage Power Units = 1nW


  Cell Internal Power  =   4.3003 mW   (76%)
  Net Switching Power  =   1.3557 mW   (24%)
                         ---------
Total Dynamic Power    =   5.6560 mW  (100%)

Cell Leakage Power     = 544.9625 uW


                 Internal         Switching           Leakage            Total
Power Group      Power            Power               Power              Power   (   %    )  Attrs
--------------------------------------------------------------------------------------------------
io_pad             0.0000            0.0000            0.0000            0.0000  (   0.00%)
memory             0.0000            0.0000            0.0000            0.0000  (   0.00%)
black_box          0.0000            0.0000            0.0000            0.0000  (   0.00%)
clock_network      0.0000            0.0000            0.0000            0.0000  (   0.00%)
register       3.5591e+03           42.8735        2.2559e+05        3.8276e+03  (  61.73%)
sequential         0.0000            0.0000            0.0000            0.0000  (   0.00%)
combinational    741.1318        1.3129e+03        3.1938e+05        2.3734e+03  (  38.27%)
--------------------------------------------------------------------------------------------------
Total          4.3003e+03 uW     1.3557e+03 uW     5.4496e+05 nW     6.2010e+03 uW
1
