 
****************************************
Report : area
Design : dp
Version: O-2018.06-SP4
Date   : Tue Apr 28 22:22:03 2020
****************************************

Library(s) Used:

    NangateOpenCellLibrary (File: /software/dk/nangate45/synopsys/NangateOpenCellLibrary_typical_ecsm_nowlm.db)

Number of ports:                          263
Number of nets:                         14273
Number of cells:                        12146
Number of combinational cells:           9699
Number of sequential cells:              2445
Number of macros/black boxes:               0
Number of buf/inv:                       3663
Number of references:                      27

Combinational area:              15522.962164
Buf/Inv area:                     2061.766008
Noncombinational area:           14008.890298
Macro/Black Box area:                0.000000
Net Interconnect area:      undefined  (Wire load has zero net area)

Total cell area:                 29531.852461
Total area:                 undefined
1
