Loading db file '/software/dk/nangate45/synopsys/NangateOpenCellLibrary_typical_ecsm_nowlm.db'
Information: Propagating switching activity (low effort zero delay simulation). (PWR-6)
Warning: Design has unannotated primary inputs. (PWR-414)
Warning: Design has unannotated sequential cell outputs. (PWR-415)
 
****************************************
Report : power
        -analysis_effort low
Design : dp
Version: O-2018.06-SP4
Date   : Tue Apr 28 22:16:23 2020
****************************************


Library(s) Used:

    NangateOpenCellLibrary (File: /software/dk/nangate45/synopsys/NangateOpenCellLibrary_typical_ecsm_nowlm.db)


Operating Conditions: typical   Library: NangateOpenCellLibrary
Wire Load Model Mode: top

Design        Wire Load Model            Library
------------------------------------------------
dp                     5K_hvratio_1_1    NangateOpenCellLibrary


Global Operating Voltage = 1.1  
Power-specific unit information :
    Voltage Units = 1V
    Capacitance Units = 1.000000ff
    Time Units = 1ns
    Dynamic Power Units = 1uW    (derived from V,C,T units)
    Leakage Power Units = 1nW


  Cell Internal Power  =   2.5534 mW   (76%)
  Net Switching Power  = 792.5577 uW   (24%)
                         ---------
Total Dynamic Power    =   3.3460 mW  (100%)

Cell Leakage Power     = 494.3348 uW


                 Internal         Switching           Leakage            Total
Power Group      Power            Power               Power              Power   (   %    )  Attrs
--------------------------------------------------------------------------------------------------
io_pad             0.0000            0.0000            0.0000            0.0000  (   0.00%)
memory             0.0000            0.0000            0.0000            0.0000  (   0.00%)
black_box          0.0000            0.0000            0.0000            0.0000  (   0.00%)
clock_network    636.0129          387.9205        1.6079e+04        1.0400e+03  (  27.08%)
register       1.7217e+03           23.1083        1.8627e+05        1.9310e+03  (  50.28%)
sequential         0.0000            0.0000            0.0000            0.0000  (   0.00%)
combinational    195.7472          381.5282        2.9199e+05          869.2659  (  22.64%)
--------------------------------------------------------------------------------------------------
Total          2.5534e+03 uW       792.5571 uW     4.9433e+05 nW     3.8403e+03 uW
1
