 
****************************************
Report : area
Design : dp
Version: F-2011.09-SP3
Date   : Mon Jan 20 21:44:08 2020
****************************************

Library(s) Used:

    NangateOpenCellLibrary (File: /home/mg.lowpower/do/libnangate/NangateOpenCellLibrary_typical_ecsm.db)

Number of ports:                          200
Number of nets:                           387
Number of cells:                          100
Number of combinational cells:             56
Number of sequential cells:                30
Number of macros:                           0
Number of buf/inv:                         10
Number of references:                      24

Combinational area:       15144.710038
Noncombinational area:    13720.280443
Net Interconnect area:      undefined  (Wire load has zero net area)

Total cell area:          28864.990481
Total area:                 undefined
1
