Information: Updating design information... (UID-85)
Information: Propagating switching activity (low effort zero delay simulation). (PWR-6)
 
****************************************
Report : power
        -analysis_effort low
Design : dp
Version: F-2011.09-SP3
Date   : Fri Jan 17 20:11:08 2020
****************************************


Library(s) Used:

    NangateOpenCellLibrary (File: /home/mg.lowpower/do/libnangate/NangateOpenCellLibrary_typical_ecsm.db)


Operating Conditions: typical   Library: NangateOpenCellLibrary
Wire Load Model Mode: top

Design        Wire Load Model            Library
------------------------------------------------
dp                     5K_hvratio_1_1    NangateOpenCellLibrary


Global Operating Voltage = 1.1  
Power-specific unit information :
    Voltage Units = 1V
    Capacitance Units = 1.000000ff
    Time Units = 1ns
    Dynamic Power Units = 1uW    (derived from V,C,T units)
    Leakage Power Units = 1nW


  Cell Internal Power  =   3.3575 mW   (62%)
  Net Switching Power  =   2.0726 mW   (38%)
                         ---------
Total Dynamic Power    =   5.4301 mW  (100%)

Cell Leakage Power     = 513.7183 uW


                 Internal         Switching           Leakage            Total
Power Group      Power            Power               Power              Power   (   %    )  Attrs
--------------------------------------------------------------------------------------------------
io_pad             0.0000            0.0000            0.0000            0.0000  (   0.00%)
memory             0.0000            0.0000            0.0000            0.0000  (   0.00%)
black_box          0.0000            0.0000            0.0000            0.0000  (   0.00%)
clock_network    425.7627          783.9611        1.1040e+04        1.2208e+03  (  20.54%)
register       2.2102e+03           37.6500        2.1951e+05        2.4674e+03  (  41.51%)
sequential         0.0000            0.0000            0.0000            0.0000  (   0.00%)
combinational    721.4650        1.2510e+03        2.8317e+05        2.2556e+03  (  37.95%)
--------------------------------------------------------------------------------------------------
Total          3.3575e+03 uW     2.0726e+03 uW     5.1372e+05 nW     5.9438e+03 uW
1
