 
****************************************
Report : area
Design : dp
Version: F-2011.09-SP3
Date   : Fri Jan 17 01:43:27 2020
****************************************

Library(s) Used:

    NangateOpenCellLibrary (File: /home/mg.lowpower/do/libnangate/NangateOpenCellLibrary_typical_ecsm.db)

Number of ports:                          186
Number of nets:                           523
Number of cells:                          143
Number of combinational cells:             85
Number of sequential cells:                45
Number of macros:                           0
Number of buf/inv:                          8
Number of references:                      23

Combinational area:       22839.558128
Noncombinational area:    23727.200766
Net Interconnect area:      undefined  (Wire load has zero net area)

Total cell area:          46566.758894
Total area:                 undefined
1
