Loading db file '/home/mg.lowpower/do/libnangate/NangateOpenCellLibrary_typical_ecsm.db'
Information: Propagating switching activity (low effort zero delay simulation). (PWR-6)
Warning: Design has unannotated primary inputs. (PWR-414)
Warning: Design has unannotated sequential cell outputs. (PWR-415)
 
****************************************
Report : power
        -analysis_effort low
Design : dp
Version: F-2011.09-SP3
Date   : Fri Jan 17 19:57:03 2020
****************************************


Library(s) Used:

    NangateOpenCellLibrary (File: /home/mg.lowpower/do/libnangate/NangateOpenCellLibrary_typical_ecsm.db)


Operating Conditions: typical   Library: NangateOpenCellLibrary
Wire Load Model Mode: top

Design        Wire Load Model            Library
------------------------------------------------
dp                     5K_hvratio_1_1    NangateOpenCellLibrary


Global Operating Voltage = 1.1  
Power-specific unit information :
    Voltage Units = 1V
    Capacitance Units = 1.000000ff
    Time Units = 1ns
    Dynamic Power Units = 1uW    (derived from V,C,T units)
    Leakage Power Units = 1nW


  Cell Internal Power  =   2.6264 mW   (76%)
  Net Switching Power  = 850.4893 uW   (24%)
                         ---------
Total Dynamic Power    =   3.4769 mW  (100%)

Cell Leakage Power     = 702.1050 uW


                 Internal         Switching           Leakage            Total
Power Group      Power            Power               Power              Power   (   %    )  Attrs
--------------------------------------------------------------------------------------------------
io_pad             0.0000            0.0000            0.0000            0.0000  (   0.00%)
memory             0.0000            0.0000            0.0000            0.0000  (   0.00%)
black_box          0.0000            0.0000            0.0000            0.0000  (   0.00%)
clock_network  1.4713e+03          182.5380        5.4135e+04        1.7080e+03  (  40.87%)
register         974.2734           12.7314        3.7094e+05        1.3579e+03  (  32.49%)
sequential         0.0000            0.0000            0.0000            0.0000  (   0.00%)
combinational    180.7907          655.2216        2.7703e+05        1.1130e+03  (  26.63%)
--------------------------------------------------------------------------------------------------
Total          2.6264e+03 uW       850.4910 uW     7.0210e+05 nW     4.1790e+03 uW
1
