 
****************************************
Report : area
Design : dp
Version: F-2011.09-SP3
Date   : Sat Jan 18 18:38:26 2020
****************************************

Library(s) Used:

    NangateOpenCellLibrary (File: /home/mg.lowpower/do/libnangate/NangateOpenCellLibrary_typical_ecsm.db)

Number of ports:                          184
Number of nets:                           415
Number of cells:                           71
Number of combinational cells:             11
Number of sequential cells:                45
Number of macros:                           0
Number of buf/inv:                          3
Number of references:                      22

Combinational area:       14954.519971
Noncombinational area:    29319.850654
Net Interconnect area:      undefined  (Wire load has zero net area)

Total cell area:          44274.370625
Total area:                 undefined
1
