This is LuaTeX, Version 1.07.0 (MiKTeX 2.9.6730)  (format=lualatex 2018.10.7)  9 JUN 2019 15:52
 system commands enabled.
**IST_Report_RegisterFile.tex
(./IST_Report_RegisterFile.tex
LaTeX2e <2018-04-01> patch level 5
Lua module: luaotfload-main 2017/01/29 2.80001 OpenType layout system.
Lua module: lualibs 2017-02-01 2.5 ConTeXt Lua standard libraries.
Lua module: lualibs-extended 2017-02-01 2.5 ConTeXt Lua libraries -- extended co
llection.(using cache: C:/Users/chiar/AppData/Local/MiKTeX/2.9/luatex-cache/gene
ric)
luaotfload | conf : Root cache directory is C:/Users/chiar/AppData/Local/MiKTeX/
2.9/luatex-cache/generic/names.
luaotfload | init : Loading fontloader “fontloader-2017-02-11.lua” from kpse
-resolved path “D:/Programmi/MiKTeX 2.9/tex/luatex/luaotfload/fontloader-2017-
02-11.lua”.
Lua-only attribute luaotfload@state = 1
Lua-only attribute luaotfload@noligature = 2
Lua-only attribute luaotfload@syllabe = 3
luaotfload | init : Context OpenType loader version “3.027”
Inserting `luaotfload.node_processor' at position 1 in `pre_linebreak_filter'.
Inserting `luaotfload.node_processor' at position 1 in `hpack_filter'.
Inserting `luaotfload.define_font' at position 1 in `define_font'.
Lua-only attribute luaotfload_color_attribute = 4
luaotfload | conf : Root cache directory is C:/Users/chiar/AppData/Local/MiKTeX/
2.9/luatex-cache/generic/names.
Inserting `luaotfload.aux.set_sscale_dimens' at position 1 in `luaotfload.patch_
font'.
Inserting `luaotfload.aux.patch_cambria_domh' at position 2 in `luaotfload.patch
_font'.
Inserting `luaotfload.aux.fixup_fontdata' at position 1 in `luaotfload.patch_fon
t_unsafe'.
Inserting `luaotfload.aux.set_capheight' at position 3 in `luaotfload.patch_font
'.
Inserting `luaotfload.rewrite_fontname' at position 4 in `luaotfload.patch_font'
.
luaotfload | main : initialization completed in 0.844 seconds
("D:/Programmi/MiKTeX 2.9/tex/latex/base/book.cls"
Document Class: book 2014/09/29 v1.4h Standard LaTeX document class
("D:/Programmi/MiKTeX 2.9/tex/latex/base/bk12.clo"
File: bk12.clo 2014/09/29 v1.4h Standard LaTeX file (size option)
luaotfload | db : Font names database loaded from C:/Users/chiar/AppData/Local/M
iKTeX/2.9/luatex-cache/generic/names/luaotfload-names.luc(load luc: C:/Users/chi
ar/AppData/Local/MiKTeX/2.9/luatex-cache/generic/fonts/otl/lmroman12-regular.luc
))
\c@part=\count80
\c@chapter=\count81
\c@section=\count82
\c@subsection=\count83
\c@subsubsection=\count84
\c@paragraph=\count85
\c@subparagraph=\count86
\c@figure=\count87
\c@table=\count88
\abovecaptionskip=\skip41
\belowcaptionskip=\skip42
\bibindent=\dimen102
)
("D:/Programmi/MiKTeX 2.9/tex/generic/babel/babel.sty"
Package: babel 2018/06/05 3.22 The Babel package

("D:/Programmi/MiKTeX 2.9/tex/generic/babel/switch.def"
File: switch.def 2018/06/05 3.22 Babel switching mechanism
)
("D:/Programmi/MiKTeX 2.9/tex/generic/babel/luababel.def"
\l@afrikaans=\language2
Package babel Info: Non-standard hyphenation setup on input line 114.
\l@ancientgreek=\language3
\l@arabic=\language4
\l@armenian=\language5
\l@assamese=\language6
\l@basque=\language7
\l@bengali=\language8
\l@bokmal=\language9
\l@bulgarian=\language10
\l@catalan=\language11
\l@classiclatin=\language12
\l@coptic=\language13
\l@croatian=\language14
\l@czech=\language15
\l@danish=\language16
\l@dutch=\language17
\l@esperanto=\language18
\l@estonian=\language19
\l@farsi=\language20
\l@finnish=\language21
\l@french=\language22
\l@galician=\language23
\l@georgian=\language24
\l@german=\language25
\l@german-x-2018-03-31=\language26
\l@greek=\language27
\l@gujarati=\language28
\l@hindi=\language29
\l@hungarian=\language30
\l@icelandic=\language31
\l@indonesian=\language32
\l@interlingua=\language33
\l@irish=\language34
\l@italian=\language35
\l@kannada=\language36
\l@kurmanji=\language37
\l@latin=\language38
\l@latvian=\language39
\l@lithuanian=\language40
\l@malayalam=\language41
\l@marathi=\language42
\l@mongolian=\language43
\l@mongolianlmc=\language44
\l@monogreek=\language45
\l@ngerman=\language46
\l@ngerman-x-2018-03-31=\language47
\l@nynorsk=\language48
\l@oriya=\language49
\l@panjabi=\language50
\l@piedmontese=\language51
\l@pinyin=\language52
\l@polish=\language53
\l@portuguese=\language54
\l@romanian=\language55
\l@romansh=\language56
\l@russian=\language57
\l@sanskrit=\language58
\l@serbian=\language59
\l@serbianc=\language60
\l@slovak=\language61
\l@slovenian=\language62
\l@spanish=\language63
\l@swedish=\language64
\l@swissgerman=\language65
\l@tamil=\language66
\l@telugu=\language67
\l@thai=\language68
\l@turkish=\language69
\l@turkmen=\language70
\l@ukenglish=\language71
\l@ukrainian=\language72
\l@uppersorbian=\language73
\l@usenglishmax=\language74
\l@welsh=\language75
)
*************************************
* Local config file bblopts.cfg used
*
("D:/Programmi/MiKTeX 2.9/tex/latex/arabi/bblopts.cfg"
File: bblopts.cfg 2005/09/08 v0.1 add Arabic and Farsi to "declared" options of 
babel
)
("D:/Programmi/MiKTeX 2.9/tex/latex/babel-english/english.ldf"
Language: english 2017/06/06 v3.3r English support from the babel system

("D:/Programmi/MiKTeX 2.9/tex/generic/babel/babel.def"
File: babel.def 2018/06/05 3.22 Babel common definitions
\babel@savecnt=\count89
\U@D=\dimen103

("D:/Programmi/MiKTeX 2.9/tex/generic/babel/luababel.def"))
\l@canadian = a dialect from \language\l@american 
\l@australian = a dialect from \language\l@british 
\l@newzealand = a dialect from \language\l@british 
))
("D:/Programmi/MiKTeX 2.9/tex/latex/base/inputenc.sty"
Package: inputenc 2018/04/06 v1.3b Input encoding file
\inpenc@prehook=\toks14
\inpenc@posthook=\toks15


Package inputenc Warning: inputenc package ignored with utf8 based engines.

) ("D:/Programmi/MiKTeX 2.9/tex/latex/amsmath/amsmath.sty"
Package: amsmath 2017/09/02 v2.17a AMS math features
\@mathmargin=\skip43

For additional information on amsmath, use the `?' option.
("D:/Programmi/MiKTeX 2.9/tex/latex/amsmath/amstext.sty"
Package: amstext 2000/06/29 v2.01 AMS text

("D:/Programmi/MiKTeX 2.9/tex/latex/amsmath/amsgen.sty"
File: amsgen.sty 1999/11/30 v2.0 generic functions
\@emptytoks=\toks16
\ex@=\dimen104
))
("D:/Programmi/MiKTeX 2.9/tex/latex/amsmath/amsbsy.sty"
Package: amsbsy 1999/11/29 v1.2d Bold Symbols
\pmbraise@=\dimen105
)
("D:/Programmi/MiKTeX 2.9/tex/latex/amsmath/amsopn.sty"
Package: amsopn 2016/03/08 v2.02 operator names
)
\inf@bad=\count90
LaTeX Info: Redefining \frac on input line 213.
\uproot@=\count91
\leftroot@=\count92
LaTeX Info: Redefining \overline on input line 375.
\classnum@=\count93
\DOTSCASE@=\count94
LaTeX Info: Redefining \ldots on input line 472.
LaTeX Info: Redefining \dots on input line 475.
LaTeX Info: Redefining \cdots on input line 596.
\Mathstrutbox@=\box26
\strutbox@=\box27
\big@size=\dimen106
LaTeX Font Info:    Redeclaring font encoding OML on input line 712.
LaTeX Font Info:    Redeclaring font encoding OMS on input line 713.
\macc@depth=\count95
\c@MaxMatrixCols=\count96
\dotsspace@=\muskip10
\c@parentequation=\count97
\dspbrk@lvl=\count98
\tag@help=\toks17
\row@=\count99
\column@=\count100
\maxfields@=\count101
\andhelp@=\toks18
\eqnshift@=\dimen107
\alignsep@=\dimen108
\tagshift@=\dimen109
\tagwidth@=\dimen110
\totwidth@=\dimen111
\lineht@=\dimen112
\@envbody=\toks19
\multlinegap=\skip44
\multlinetaggap=\skip45
\mathdisplay@stack=\toks20
LaTeX Info: Redefining \[ on input line 2817.
LaTeX Info: Redefining \] on input line 2818.
)
("D:/Programmi/MiKTeX 2.9/tex/latex/base/textcomp.sty"
Package: textcomp 2017/04/05 v2.0i Standard LaTeX package
Package textcomp Info: Sub-encoding information:
(textcomp)               5 = only ISO-Adobe without \textcurrency
(textcomp)               4 = 5 + \texteuro
(textcomp)               3 = 4 + \textohm
(textcomp)               2 = 3 + \textestimated + \textcurrency
(textcomp)               1 = TS1 - \textcircled - \t
(textcomp)               0 = TS1 (full)
(textcomp)             Font families with sub-encoding setting implement
(textcomp)             only a restricted character set as indicated.
(textcomp)             Family '?' is the default used for unknown fonts.
(textcomp)             See the documentation for details.
Package textcomp Info: Setting ? sub-encoding to TS1/1 on input line 79.

("D:/Programmi/MiKTeX 2.9/tex/latex/base/ts1enc.def"
File: ts1enc.def 2001/06/05 v3.0e (jk/car/fm) Standard LaTeX file
)
LaTeX Info: Redefining \oldstylenums on input line 334.
Package textcomp Info: Setting cmr sub-encoding to TS1/0 on input line 349.
Package textcomp Info: Setting cmss sub-encoding to TS1/0 on input line 350.
Package textcomp Info: Setting cmtt sub-encoding to TS1/0 on input line 351.
Package textcomp Info: Setting cmvtt sub-encoding to TS1/0 on input line 352.
Package textcomp Info: Setting cmbr sub-encoding to TS1/0 on input line 353.
Package textcomp Info: Setting cmtl sub-encoding to TS1/0 on input line 354.
Package textcomp Info: Setting ccr sub-encoding to TS1/0 on input line 355.
Package textcomp Info: Setting ptm sub-encoding to TS1/4 on input line 356.
Package textcomp Info: Setting pcr sub-encoding to TS1/4 on input line 357.
Package textcomp Info: Setting phv sub-encoding to TS1/4 on input line 358.
Package textcomp Info: Setting ppl sub-encoding to TS1/3 on input line 359.
Package textcomp Info: Setting pag sub-encoding to TS1/4 on input line 360.
Package textcomp Info: Setting pbk sub-encoding to TS1/4 on input line 361.
Package textcomp Info: Setting pnc sub-encoding to TS1/4 on input line 362.
Package textcomp Info: Setting pzc sub-encoding to TS1/4 on input line 363.
Package textcomp Info: Setting bch sub-encoding to TS1/4 on input line 364.
Package textcomp Info: Setting put sub-encoding to TS1/5 on input line 365.
Package textcomp Info: Setting uag sub-encoding to TS1/5 on input line 366.
Package textcomp Info: Setting ugq sub-encoding to TS1/5 on input line 367.
Package textcomp Info: Setting ul8 sub-encoding to TS1/4 on input line 368.
Package textcomp Info: Setting ul9 sub-encoding to TS1/4 on input line 369.
Package textcomp Info: Setting augie sub-encoding to TS1/5 on input line 370.
Package textcomp Info: Setting dayrom sub-encoding to TS1/3 on input line 371.
Package textcomp Info: Setting dayroms sub-encoding to TS1/3 on input line 372.
Package textcomp Info: Setting pxr sub-encoding to TS1/0 on input line 373.
Package textcomp Info: Setting pxss sub-encoding to TS1/0 on input line 374.
Package textcomp Info: Setting pxtt sub-encoding to TS1/0 on input line 375.
Package textcomp Info: Setting txr sub-encoding to TS1/0 on input line 376.
Package textcomp Info: Setting txss sub-encoding to TS1/0 on input line 377.
Package textcomp Info: Setting txtt sub-encoding to TS1/0 on input line 378.
Package textcomp Info: Setting lmr sub-encoding to TS1/0 on input line 379.
Package textcomp Info: Setting lmdh sub-encoding to TS1/0 on input line 380.
Package textcomp Info: Setting lmss sub-encoding to TS1/0 on input line 381.
Package textcomp Info: Setting lmssq sub-encoding to TS1/0 on input line 382.
Package textcomp Info: Setting lmvtt sub-encoding to TS1/0 on input line 383.
Package textcomp Info: Setting lmtt sub-encoding to TS1/0 on input line 384.
Package textcomp Info: Setting qhv sub-encoding to TS1/0 on input line 385.
Package textcomp Info: Setting qag sub-encoding to TS1/0 on input line 386.
Package textcomp Info: Setting qbk sub-encoding to TS1/0 on input line 387.
Package textcomp Info: Setting qcr sub-encoding to TS1/0 on input line 388.
Package textcomp Info: Setting qcs sub-encoding to TS1/0 on input line 389.
Package textcomp Info: Setting qpl sub-encoding to TS1/0 on input line 390.
Package textcomp Info: Setting qtm sub-encoding to TS1/0 on input line 391.
Package textcomp Info: Setting qzc sub-encoding to TS1/0 on input line 392.
Package textcomp Info: Setting qhvc sub-encoding to TS1/0 on input line 393.
Package textcomp Info: Setting futs sub-encoding to TS1/4 on input line 394.
Package textcomp Info: Setting futx sub-encoding to TS1/4 on input line 395.
Package textcomp Info: Setting futj sub-encoding to TS1/4 on input line 396.
Package textcomp Info: Setting hlh sub-encoding to TS1/3 on input line 397.
Package textcomp Info: Setting hls sub-encoding to TS1/3 on input line 398.
Package textcomp Info: Setting hlst sub-encoding to TS1/3 on input line 399.
Package textcomp Info: Setting hlct sub-encoding to TS1/5 on input line 400.
Package textcomp Info: Setting hlx sub-encoding to TS1/5 on input line 401.
Package textcomp Info: Setting hlce sub-encoding to TS1/5 on input line 402.
Package textcomp Info: Setting hlcn sub-encoding to TS1/5 on input line 403.
Package textcomp Info: Setting hlcw sub-encoding to TS1/5 on input line 404.
Package textcomp Info: Setting hlcf sub-encoding to TS1/5 on input line 405.
Package textcomp Info: Setting pplx sub-encoding to TS1/3 on input line 406.
Package textcomp Info: Setting pplj sub-encoding to TS1/3 on input line 407.
Package textcomp Info: Setting ptmx sub-encoding to TS1/4 on input line 408.
Package textcomp Info: Setting ptmj sub-encoding to TS1/4 on input line 409.
)
("D:/Programmi/MiKTeX 2.9/tex/latex/amsfonts/amsfonts.sty"
Package: amsfonts 2013/01/14 v3.01 Basic AMSFonts support
\symAMSa=\mathgroup4
\symAMSb=\mathgroup5
LaTeX Font Info:    Overwriting math alphabet `\mathfrak' in version `bold'
(Font)                  U/euf/m/n --> U/euf/b/n on input line 106.
)
("D:/Programmi/MiKTeX 2.9/tex/latex/amsfonts/amssymb.sty"
Package: amssymb 2013/01/14 v3.01 AMS font symbols
)
("D:/Programmi/MiKTeX 2.9/tex/latex/base/fontenc.sty"
Package: fontenc 2017/04/05 v2.0i Standard LaTeX package

("D:/Programmi/MiKTeX 2.9/tex/latex/base/t1enc.def"
File: t1enc.def 2017/04/05 v2.0i Standard LaTeX file
LaTeX Font Info:    Redeclaring font encoding T1 on input line 48.
)
LaTeX Font Info:    Try loading font information for T1+lmr on input line 105.

("D:/Programmi/MiKTeX 2.9/tex/latex/lm/t1lmr.fd"
File: t1lmr.fd 2009/10/30 v1.6 Font defs for Latin Modern
))
("D:/Programmi/MiKTeX 2.9/tex/latex/graphics/graphicx.sty"
Package: graphicx 2017/06/01 v1.1a Enhanced LaTeX Graphics (DPC,SPQR)

("D:/Programmi/MiKTeX 2.9/tex/latex/graphics/keyval.sty"
Package: keyval 2014/10/28 v1.15 key=value parser (DPC)
\KV@toks@=\toks21
)
("D:/Programmi/MiKTeX 2.9/tex/latex/graphics/graphics.sty"
Package: graphics 2017/06/25 v1.2c Standard LaTeX Graphics (DPC,SPQR)

("D:/Programmi/MiKTeX 2.9/tex/latex/graphics/trig.sty"
Package: trig 2016/01/03 v1.10 sin cos tan (DPC)
)
("D:/Programmi/MiKTeX 2.9/tex/latex/graphics-cfg/graphics.cfg"
File: graphics.cfg 2016/06/04 v1.11 sample graphics configuration
)
Package graphics Info: Driver file: luatex.def on input line 99.

("D:/Programmi/MiKTeX 2.9/tex/latex/graphics-def/luatex.def"
File: luatex.def 2018/01/08 v1.0l Graphics/color driver for luatex
))
\Gin@req@height=\dimen113
\Gin@req@width=\dimen114
)
("D:/Programmi/MiKTeX 2.9/tex/latex/float/float.sty"
Package: float 2001/11/08 v1.3d Float enhancements (AL)
\c@float@type=\count102
\float@exts=\toks22
\float@box=\box28
\@float@everytoks=\toks23
\@floatcapt=\box29
)
("D:/Programmi/MiKTeX 2.9/tex/latex/siunitx/siunitx.sty"
("D:/Programmi/MiKTeX 2.9/tex/latex/l3kernel/expl3.sty"
Package: expl3 2018-09-24 L3 programming layer (loader) 

("D:/Programmi/MiKTeX 2.9/tex/latex/l3kernel/expl3-code.tex"
Package: expl3 2018-09-24 L3 programming layer (code)
\ucharcat@table=\catcodetable5
\c_max_int=\count103
\l_tmpa_int=\count104
\l_tmpb_int=\count105
\g_tmpa_int=\count106
\g_tmpb_int=\count107
\g__kernel_prg_map_int=\count108
\c_log_iow=\count109
\l_iow_line_count_int=\count110
\l__iow_line_target_int=\count111
\l__iow_one_indent_int=\count112
\l__iow_indent_int=\count113
\c_zero_dim=\dimen115
\c_max_dim=\dimen116
\l_tmpa_dim=\dimen117
\l_tmpb_dim=\dimen118
\g_tmpa_dim=\dimen119
\g_tmpb_dim=\dimen120
\c_zero_skip=\skip46
\c_max_skip=\skip47
\l_tmpa_skip=\skip48
\l_tmpb_skip=\skip49
\g_tmpa_skip=\skip50
\g_tmpb_skip=\skip51
\c_zero_muskip=\muskip11
\c_max_muskip=\muskip12
\l_tmpa_muskip=\muskip13
\l_tmpb_muskip=\muskip14
\g_tmpa_muskip=\muskip15
\g_tmpb_muskip=\muskip16
\l_keys_choice_int=\count114
\l__intarray_loop_int=\count115
\c__intarray_sp_dim=\dimen121
\g__intarray_font_int=\count116
\c__fp_leading_shift_int=\count117
\c__fp_middle_shift_int=\count118
\c__fp_trailing_shift_int=\count119
\c__fp_big_leading_shift_int=\count120
\c__fp_big_middle_shift_int=\count121
\c__fp_big_trailing_shift_int=\count122
\c__fp_Bigg_leading_shift_int=\count123
\c__fp_Bigg_middle_shift_int=\count124
\c__fp_Bigg_trailing_shift_int=\count125
\g__fp_array_int=\count126
\l__fp_array_loop_int=\count127
\l__sort_length_int=\count128
\l__sort_min_int=\count129
\l__sort_top_int=\count130
\l__sort_max_int=\count131
\l__sort_true_max_int=\count132
\l__sort_block_int=\count133
\l__sort_begin_int=\count134
\l__sort_end_int=\count135
\l__sort_A_int=\count136
\l__sort_B_int=\count137
\l__sort_C_int=\count138
\l__tl_analysis_normal_int=\count139
\l__tl_analysis_index_int=\count140
\l__tl_analysis_nesting_int=\count141
\l__tl_analysis_type_int=\count142
\l__regex_internal_a_int=\count143
\l__regex_internal_b_int=\count144
\l__regex_internal_c_int=\count145
\l__regex_balance_int=\count146
\l__regex_group_level_int=\count147
\l__regex_mode_int=\count148
\c__regex_cs_in_class_mode_int=\count149
\c__regex_cs_mode_int=\count150
\l__regex_catcodes_int=\count151
\l__regex_default_catcodes_int=\count152
\c__regex_catcode_L_int=\count153
\c__regex_catcode_O_int=\count154
\c__regex_catcode_A_int=\count155
\c__regex_all_catcodes_int=\count156
\l__regex_show_lines_int=\count157
\l__regex_min_state_int=\count158
\l__regex_max_state_int=\count159
\l__regex_left_state_int=\count160
\l__regex_right_state_int=\count161
\l__regex_capturing_group_int=\count162
\l__regex_min_pos_int=\count163
\l__regex_max_pos_int=\count164
\l__regex_curr_pos_int=\count165
\l__regex_start_pos_int=\count166
\l__regex_success_pos_int=\count167
\l__regex_curr_char_int=\count168
\l__regex_curr_catcode_int=\count169
\l__regex_last_char_int=\count170
\l__regex_case_changed_char_int=\count171
\l__regex_curr_state_int=\count172
\l__regex_step_int=\count173
\l__regex_min_active_int=\count174
\l__regex_max_active_int=\count175
\l__regex_replacement_csnames_int=\count176
\l__regex_match_count_int=\count177
\l__regex_min_submatch_int=\count178
\l__regex_submatch_int=\count179
\l__regex_zeroth_submatch_int=\count180
\g__regex_trace_regex_int=\count181
\c_empty_box=\box30
\l_tmpa_box=\box31
\l_tmpb_box=\box32
\g_tmpa_box=\box33
\g_tmpb_box=\box34
\l__box_top_dim=\dimen122
\l__box_bottom_dim=\dimen123
\l__box_left_dim=\dimen124
\l__box_right_dim=\dimen125
\l__box_top_new_dim=\dimen126
\l__box_bottom_new_dim=\dimen127
\l__box_left_new_dim=\dimen128
\l__box_right_new_dim=\dimen129
\l__box_internal_box=\box35
\l__coffin_internal_box=\box36
\l__coffin_internal_dim=\dimen130
\l__coffin_offset_x_dim=\dimen131
\l__coffin_offset_y_dim=\dimen132
\l__coffin_x_dim=\dimen133
\l__coffin_y_dim=\dimen134
\l__coffin_x_prime_dim=\dimen135
\l__coffin_y_prime_dim=\dimen136
\c_empty_coffin=\box37
\l__coffin_aligned_coffin=\box38
\l__coffin_aligned_internal_coffin=\box39
\l_tmpa_coffin=\box40
\l_tmpb_coffin=\box41
\l__coffin_display_coffin=\box42
\l__coffin_display_coord_coffin=\box43
\l__coffin_display_pole_coffin=\box44
\l__coffin_display_offset_dim=\dimen137
\l__coffin_display_x_dim=\dimen138
\l__coffin_display_y_dim=\dimen139
\g__file_internal_ior=\read1
\l__coffin_bounding_shift_dim=\dimen140
\l__coffin_left_corner_dim=\dimen141
\l__coffin_right_corner_dim=\dimen142
\l__coffin_bottom_corner_dim=\dimen143
\l__coffin_top_corner_dim=\dimen144
\l__coffin_scaled_total_height_dim=\dimen145
\l__coffin_scaled_width_dim=\dimen146
\l__seq_internal_a_int=\count182
\l__seq_internal_b_int=\count183
)
("D:/Programmi/MiKTeX 2.9/tex/latex/l3kernel/l3pdfmode.def"
File: l3pdfmode.def 2018-09-24 v L3 Experimental driver: PDF mode
\l__driver_color_stack_int=\count184
))
("D:/Programmi/MiKTeX 2.9/tex/latex/l3packages/xparse/xparse.sty"
Package: xparse 2018-09-24 L3 Experimental document command parser
\l__xparse_current_arg_int=\count185
\g__xparse_grabber_int=\count186
\l__xparse_m_args_int=\count187
\l__xparse_mandatory_args_int=\count188
\l__xparse_v_nesting_int=\count189
)
Package: siunitx 2018/05/17 v2.7s A comprehensive (SI) units package

("D:/Programmi/MiKTeX 2.9/tex/latex/tools/array.sty"
Package: array 2018/04/30 v2.4h Tabular extension package (FMi)
\col@sep=\dimen147
\ar@mcellbox=\box45
\extrarowheight=\dimen148
\NC@list=\toks24
\extratabsurround=\skip52
\backup@length=\skip53
\ar@cellbox=\box46
)
("D:/Programmi/MiKTeX 2.9/tex/latex/l3packages/l3keys2e/l3keys2e.sty"
Package: l3keys2e 2018-09-24 LaTeX2e option processing using LaTeX3 keys
)
\l__siunitx_tmp_box=\box47
\l__siunitx_tmp_dim=\dimen149
\l__siunitx_tmp_int=\count190
\l__siunitx_number_mantissa_length_int=\count191
\l__siunitx_number_uncert_length_int=\count192
\l__siunitx_round_int=\count193
\l__siunitx_process_decimal_int=\count194
\l__siunitx_process_uncertainty_int=\count195
\l__siunitx_process_fixed_int=\count196
\l__siunitx_process_integer_min_int=\count197
\l__siunitx_process_precision_int=\count198
\l__siunitx_group_min_int=\count199
\l__siunitx_angle_marker_box=\box48
\l__siunitx_angle_unit_box=\box49
\l__siunitx_angle_marker_dim=\dimen150
\l__siunitx_angle_unit_dim=\dimen151
\l__siunitx_unit_int=\count266
\l__siunitx_unit_denominator_int=\count267
\l__siunitx_unit_numerator_int=\count268
\l__siunitx_unit_prefix_int=\count269
\l__siunitx_unit_prefix_base_int=\count270
\l__siunitx_unit_prefix_gram_int=\count271
\l__siunitx_number_product_int=\count272
\c__siunitx_one_fill_skip=\skip54
\l__siunitx_table_unit_align_skip=\skip55
\l__siunitx_table_exponent_dim=\dimen152
\l__siunitx_table_integer_dim=\dimen153
\l__siunitx_table_mantissa_dim=\dimen154
\l__siunitx_table_marker_dim=\dimen155
\l__siunitx_table_result_dim=\dimen156
\l__siunitx_table_uncert_dim=\dimen157
\l__siunitx_table_fill_pre_dim=\dimen158
\l__siunitx_table_fill_post_dim=\dimen159
\l__siunitx_table_fill_mid_dim=\dimen160
\l__siunitx_table_pre_box=\box50
\l__siunitx_table_post_box=\box51
\l__siunitx_table_mantissa_box=\box52
\l__siunitx_table_result_box=\box53
\l__siunitx_table_number_align_skip=\skip56
\l__siunitx_table_text_align_skip=\skip57
.................................................
. LaTeX info: "xparse/define-command"
. 
. Defining command \DeclareBinaryPrefix with sig. 'mmm' on line 7237.
.................................................
.................................................
. LaTeX info: "xparse/define-command"
. 
. Defining command \DeclareSIPostPower with sig. 'mm' on line 7240.
.................................................
.................................................
. LaTeX info: "xparse/define-command"
. 
. Defining command \DeclareSIPrefix with sig. 'mmm' on line 7243.
.................................................
.................................................
. LaTeX info: "xparse/define-command"
. 
. Defining command \DeclareSIPrePower with sig. 'mm' on line 7246.
.................................................
.................................................
. LaTeX info: "xparse/define-command"
. 
. Defining command \DeclareSIQualifier with sig. 'mm' on line 7249.
.................................................
.................................................
. LaTeX info: "xparse/define-command"
. 
. Defining command \DeclareSIUnit with sig. 'O{}mm' on line 7252.
.................................................
.................................................
. LaTeX info: "xparse/define-command"
. 
. Defining command \DeclareSIUnitWithOptions with sig. 'mmm' on line 7255.
.................................................
.................................................
. LaTeX info: "xparse/define-command"
. 
. Defining command \ang with sig. 'o>{\SplitArgument {2}{;}}m' on line 7270.
.................................................
.................................................
. LaTeX info: "xparse/define-command"
. 
. Defining command \num with sig. 'om' on line 7279.
.................................................
.................................................
. LaTeX info: "xparse/define-command"
. 
. Defining command \numlist with sig. 'o>{\SplitList {;}}m' on line 7288.
.................................................
.................................................
. LaTeX info: "xparse/define-command"
. 
. Defining command \numrange with sig. 'omm' on line 7297.
.................................................
.................................................
. LaTeX info: "xparse/define-command"
. 
. Defining command \SIlist with sig. 'o>{\SplitList {;}}mm' on line 7309.
.................................................
.................................................
. LaTeX info: "xparse/define-command"
. 
. Defining command \SIrange with sig. 'ommm' on line 7321.
.................................................
.................................................
. LaTeX info: "xparse/define-command"
. 
. Defining command \SI with sig. 'omom' on line 7333.
.................................................
.................................................
. LaTeX info: "xparse/define-command"
. 
. Defining command \sisetup with sig. 'm' on line 7336.
.................................................
.................................................
. LaTeX info: "xparse/define-command"
. 
. Defining command \tablenum with sig. 'om' on line 7351.
.................................................
.................................................
. LaTeX info: "xparse/define-command"
. 
. Defining command \si with sig. 'om' on line 7363.
.................................................
.................................................
. LaTeX info: "xparse/define-command"
. 
. Defining command \numInBookmark with sig. 'om' on line 7410.
.................................................
.................................................
. LaTeX info: "xparse/define-command"
. 
. Defining command \numrangeInBookmark with sig. 'omm' on line 7412.
.................................................
.................................................
. LaTeX info: "xparse/define-command"
. 
. Defining command \SIInBookmark with sig. 'omom' on line 7414.
.................................................
.................................................
. LaTeX info: "xparse/define-command"
. 
. Defining command \SIlistInBookmark with sig. 'omm' on line 7416.
.................................................
.................................................
. LaTeX info: "xparse/define-command"
. 
. Defining command \SIrangeInBookmark with sig. 'ommm' on line 7418.
.................................................
.................................................
. LaTeX info: "xparse/define-command"
. 
. Defining command \siInBookmark with sig. 'om' on line 7419.
.................................................

("D:/Programmi/MiKTeX 2.9/tex/latex/translator/translator.sty"
Package: translator 2018/01/04 v1.12 Easy translation of strings in LaTeX
))
("D:/Programmi/MiKTeX 2.9/tex/latex/subfigure/subfigure.sty"
Package: subfigure 2002/07/30 v2.1.4 subfigure package
\subfigtopskip=\skip58
\subfigcapskip=\skip59
\subfigcaptopadj=\dimen161
\subfigbottomskip=\skip60
\subfigcapmargin=\dimen162
\subfiglabelskip=\skip61
\c@subfigure=\count273
\c@lofdepth=\count274
\c@subtable=\count275
\c@lotdepth=\count276

****************************************
* Local config file subfigure.cfg used *
****************************************
("D:/Programmi/MiKTeX 2.9/tex/latex/subfigure/subfigure.cfg")
\subfig@top=\skip62
\subfig@bottom=\skip63
)
("D:/Programmi/MiKTeX 2.9/tex/latex/colortbl/colortbl.sty"
Package: colortbl 2018/05/02 v1.0c Color table columns (DPC)

("D:/Programmi/MiKTeX 2.9/tex/latex/graphics/color.sty"
Package: color 2016/07/10 v1.1e Standard LaTeX Color (DPC)

("D:/Programmi/MiKTeX 2.9/tex/latex/graphics-cfg/color.cfg"
File: color.cfg 2016/01/02 v1.6 sample color configuration
)
Package color Info: Driver file: luatex.def on input line 147.
)
\everycr=\toks25
\minrowclearance=\skip64
)
("D:/Programmi/MiKTeX 2.9/tex/latex/xcolor/xcolor.sty"
Package: xcolor 2016/05/11 v2.12 LaTeX color extensions (UK)

("D:/Programmi/MiKTeX 2.9/tex/latex/graphics-cfg/color.cfg"
File: color.cfg 2016/01/02 v1.6 sample color configuration
)
Package xcolor Info: Driver file: luatex.def on input line 225.
LaTeX Info: Redefining \color on input line 709.
Package xcolor Info: Model `cmy' substituted by `cmy0' on input line 1348.
Package xcolor Info: Model `hsb' substituted by `rgb' on input line 1352.
Package xcolor Info: Model `RGB' extended on input line 1364.
Package xcolor Info: Model `HTML' substituted by `rgb' on input line 1366.
Package xcolor Info: Model `Hsb' substituted by `hsb' on input line 1367.
Package xcolor Info: Model `tHsb' substituted by `hsb' on input line 1368.
Package xcolor Info: Model `HSB' substituted by `hsb' on input line 1369.
Package xcolor Info: Model `Gray' substituted by `gray' on input line 1370.
Package xcolor Info: Model `wave' substituted by `hsb' on input line 1371.
)
("D:/Programmi/MiKTeX 2.9/tex/latex/tools/verbatim.sty"
Package: verbatim 2014/10/28 v1.5q LaTeX2e package for verbatim enhancements
\every@verbatim=\toks26
\verbatim@line=\toks27
\verbatim@in@stream=\read2
)
("D:/Programmi/MiKTeX 2.9/tex/latex/footmisc/footmisc.sty"
Package: footmisc 2011/06/06 v5.5b a miscellany of footnote facilities
\FN@temptoken=\toks28
\footnotemargin=\dimen163
\c@pp@next@reset=\count277
Package footmisc Info: Declaring symbol style bringhurst on input line 855.
Package footmisc Info: Declaring symbol style chicago on input line 863.
Package footmisc Info: Declaring symbol style wiley on input line 872.
Package footmisc Info: Declaring symbol style lamport-robust on input line 883.
Package footmisc Info: Declaring symbol style lamport* on input line 903.
Package footmisc Info: Declaring symbol style lamport*-robust on input line 924.

)
("D:/Programmi/MiKTeX 2.9/tex/latex/hyperref/hyperref.sty"
Package: hyperref 2018/02/06 v6.86b Hypertext links for LaTeX

("D:/Programmi/MiKTeX 2.9/tex/generic/oberdiek/hobsub-hyperref.sty"
Package: hobsub-hyperref 2016/05/16 v1.14 Bundle oberdiek, subset hyperref (HO)

("D:/Programmi/MiKTeX 2.9/tex/generic/oberdiek/hobsub-generic.sty"
Package: hobsub-generic 2016/05/16 v1.14 Bundle oberdiek, subset generic (HO)
Package: hobsub 2016/05/16 v1.14 Construct package bundles (HO)
Package: infwarerr 2016/05/16 v1.4 Providing info/warning/error messages (HO)
Package: ltxcmds 2016/05/16 v1.23 LaTeX kernel commands for general use (HO)
Package: ifluatex 2016/05/16 v1.4 Provides the ifluatex switch (HO)
Package ifluatex Info: LuaTeX detected.
Package: ifvtex 2016/05/16 v1.6 Detect VTeX and its facilities (HO)
Package ifvtex Info: VTeX not detected.
Package: intcalc 2016/05/16 v1.2 Expandable calculations with integers (HO)
Package: ifpdf 2017/03/15 v3.2 Provides the ifpdf switch
Package: etexcmds 2016/05/16 v1.6 Avoid name clashes with e-TeX commands (HO)
Package: kvsetkeys 2016/05/16 v1.17 Key value parser (HO)
Package: kvdefinekeys 2016/05/16 v1.4 Define keys (HO)
Package: luatex-loader 2016/05/16 v0.6 Lua module loader (HO)

(D:/Programmi/MiKTeX 2.9/scripts/oberdiek/oberdiek.luatex.lua)
Package: pdftexcmds 2018/01/30 v0.27 Utility functions of pdfTeX for LuaTeX (HO)

Package pdftexcmds Info: \pdf@primitive is available.
Package pdftexcmds Info: \pdf@ifprimitive is available.
Package pdftexcmds Info: \pdfdraftmode found.
\pdftexcmds@toks=\toks29
Package: pdfescape 2016/05/16 v1.14 Implements pdfTeX's escape features (HO)
Package: bigintcalc 2016/05/16 v1.4 Expandable calculations on big integers (HO)

Package: bitset 2016/05/16 v1.2 Handle bit-vector datatype (HO)
Package: uniquecounter 2016/05/16 v1.3 Provide unlimited unique counter (HO)
)
Package hobsub Info: Skipping package `hobsub' (already loaded).
Package: letltxmacro 2016/05/16 v1.5 Let assignment for LaTeX macros (HO)
Package: hopatch 2016/05/16 v1.3 Wrapper for package hooks (HO)
Package: xcolor-patch 2016/05/16 xcolor patch
Package: atveryend 2016/05/16 v1.9 Hooks at the very end of document (HO)
Package atveryend Info: \enddocument detected (standard20110627).
Package: atbegshi 2016/06/09 v1.18 At begin shipout hook (HO)
Package: refcount 2016/05/16 v3.5 Data extraction from label references (HO)
Package: hycolor 2016/05/16 v1.8 Color options for hyperref/bookmark (HO)
)
("D:/Programmi/MiKTeX 2.9/tex/generic/ifxetex/ifxetex.sty"
Package: ifxetex 2010/09/12 v0.6 Provides ifxetex conditional
)
("D:/Programmi/MiKTeX 2.9/tex/latex/oberdiek/auxhook.sty"
Package: auxhook 2016/05/16 v1.4 Hooks for auxiliary files (HO)
)
("D:/Programmi/MiKTeX 2.9/tex/latex/oberdiek/kvoptions.sty"
Package: kvoptions 2016/05/16 v3.12 Key value format for package options (HO)
)
\@linkdim=\dimen164
\Hy@linkcounter=\count278
\Hy@pagecounter=\count279

("D:/Programmi/MiKTeX 2.9/tex/latex/hyperref/pd1enc.def"
File: pd1enc.def 2018/02/06 v6.86b Hyperref: PDFDocEncoding definition (HO)
)
\Hy@SavedSpaceFactor=\count280

("D:/Programmi/MiKTeX 2.9/tex/latex/00miktex/hyperref.cfg"
File: hyperref.cfg 2002/06/06 v1.2 hyperref configuration of TeXLive
)
Package hyperref Info: Option `colorlinks' set `true' on input line 4383.
Package hyperref Info: Hyper figures OFF on input line 4509.
Package hyperref Info: Link nesting OFF on input line 4514.
Package hyperref Info: Hyper index ON on input line 4517.
Package hyperref Info: Plain pages OFF on input line 4524.
Package hyperref Info: Backreferencing OFF on input line 4529.
Package hyperref Info: Implicit mode ON; LaTeX internals redefined.
Package hyperref Info: Bookmarks ON on input line 4762.
\c@Hy@tempcnt=\count281

("D:/Programmi/MiKTeX 2.9/tex/latex/url/url.sty"
\Urlmuskip=\muskip17
Package: url 2013/09/16  ver 3.4  Verb mode for urls, etc.
)
LaTeX Info: Redefining \url on input line 5115.
\XeTeXLinkMargin=\dimen165
\Fld@menulength=\count282
\Field@Width=\dimen166
\Fld@charsize=\dimen167
Package hyperref Info: Hyper figures OFF on input line 6369.
Package hyperref Info: Link nesting OFF on input line 6374.
Package hyperref Info: Hyper index ON on input line 6377.
Package hyperref Info: backreferencing OFF on input line 6384.
Package hyperref Info: Link coloring ON on input line 6387.
Package hyperref Info: Link coloring with OCG OFF on input line 6394.
Package hyperref Info: PDF/A mode OFF on input line 6399.
LaTeX Info: Redefining \ref on input line 6439.
LaTeX Info: Redefining \pageref on input line 6443.
\Hy@abspage=\count283
\c@Item=\count284
\c@Hfootnote=\count285
)
Package hyperref Info: Driver (autodetected): hluatex.

("D:/Programmi/MiKTeX 2.9/tex/latex/hyperref/hluatex.def"
File: hluatex.def 2018/02/06 v6.86b Hyperref driver for luaTeX
\Fld@listcount=\count286
\c@bookmark@seq@number=\count287

("D:/Programmi/MiKTeX 2.9/tex/latex/oberdiek/rerunfilecheck.sty"
Package: rerunfilecheck 2016/05/16 v1.8 Rerun checks for auxiliary files (HO)
Package uniquecounter Info: New unique counter `rerunfilecheck' on input line 28
2.
)
\Hy@SectionHShift=\skip65
)
("D:/Programmi/MiKTeX 2.9/tex/latex/multirow/multirow.sty"
Package: multirow 2016/11/25 v2.2 Span multiple rows of a table
\multirow@colwidth=\skip66
\multirow@cntb=\count288
\multirow@dima=\skip67
\bigstrutjot=\dimen168
)
("D:/Programmi/MiKTeX 2.9/tex/latex/caption/caption.sty"
Package: caption 2018/05/01 v3.3-147 Customizing captions (AR)

("D:/Programmi/MiKTeX 2.9/tex/latex/caption/caption3.sty"
Package: caption3 2018/05/27 v1.8a caption3 kernel (AR)
Package caption3 Info: TeX engine: e-TeX on input line 64.
\captionmargin=\dimen169
\captionmargin@=\dimen170
\captionwidth=\dimen171
\caption@tempdima=\dimen172
\caption@indent=\dimen173
\caption@parindent=\dimen174
\caption@hangindent=\dimen175
)
\c@ContinuedFloat=\count289
Package caption Info: float package is loaded.
Package caption Info: hyperref package is loaded.
Package caption Info: subfigure package is loaded.
)
("D:/Programmi/MiKTeX 2.9/tex/latex/tools/multicol.sty"
Package: multicol 2018/04/20 v1.8s multicolumn formatting (FMi)
\c@tracingmulticols=\count290
\mult@box=\box54
\multicol@leftmargin=\dimen176
\c@unbalance=\count291
\c@collectmore=\count292
\doublecol@number=\count293
\multicoltolerance=\count294
\multicolpretolerance=\count295
\full@width=\dimen177
\page@free=\dimen178
\premulticols=\dimen179
\postmulticols=\dimen180
\multicolsep=\skip68
\multicolbaselineskip=\skip69
\partial@page=\box55
\last@line=\box56
\maxbalancingoverflow=\dimen181
\mult@rightbox=\box57
\mult@grightbox=\box58
\mult@gfirstbox=\box59
\mult@firstbox=\box60
\@tempa=\box61
\@tempa=\box62
\@tempa=\box63
\@tempa=\box64
\@tempa=\box65
\@tempa=\box66
\@tempa=\box67
\@tempa=\box68
\@tempa=\box69
\@tempa=\box70
\@tempa=\box71
\@tempa=\box72
\@tempa=\box73
\@tempa=\box74
\@tempa=\box75
\@tempa=\box76
\@tempa=\box77
\c@columnbadness=\count296
\c@finalcolumnbadness=\count297
\last@try=\dimen182
\multicolovershoot=\dimen183
\multicolundershoot=\dimen184
\mult@nat@firstbox=\box78
\colbreak@box=\box79
\mc@col@check@num=\count298
)
("D:/Programmi/MiKTeX 2.9/tex/latex/listings/listings.sty"
\lst@mode=\count299
\lst@gtempboxa=\box80
\lst@token=\toks30
\lst@length=\count300
\lst@currlwidth=\dimen185
\lst@column=\count301
\lst@pos=\count302
\lst@lostspace=\dimen186
\lst@width=\dimen187
\lst@newlines=\count303
\lst@lineno=\count304
\lst@maxwidth=\dimen188

("D:/Programmi/MiKTeX 2.9/tex/latex/listings/lstmisc.sty"
File: lstmisc.sty 2015/06/04 1.6 (Carsten Heinz)
\c@lstnumber=\count305
\lst@skipnumbers=\count306
\lst@framebox=\box81
)
("D:/Programmi/MiKTeX 2.9/tex/latex/listings/listings.cfg"
File: listings.cfg 2015/06/04 1.6 listings configuration
))
Package: listings 2015/06/04 1.6 (Carsten Heinz)

("D:/Programmi/MiKTeX 2.9/tex/latex/makecell/makecell.sty"
Package: makecell 2009/08/03 V0.1e Managing of Tab Column Heads and Cells
\rotheadsize=\dimen189
\c@nlinenum=\count307
\TeXr@lab=\toks31
)
("D:/Programmi/MiKTeX 2.9/tex/latex/enumitem/enumitem.sty"
Package: enumitem 2011/09/28 v3.5.2 Customized lists
\labelindent=\skip70
\enit@outerparindent=\dimen190
\enit@toks=\toks32
\enit@inbox=\box82
\enitdp@description=\count308
)
("D:/Programmi/MiKTeX 2.9/tex/latex/titlesec/titletoc.sty"
Package: titletoc 2011/12/15 v1.6 TOC entries
\ttl@leftsep=\dimen191
)
("D:/Programmi/MiKTeX 2.9/tex/latex/minted/minted.sty"
Package: minted 2017/07/19 v2.5 Yet another Pygments shim for LaTeX

("D:/Programmi/MiKTeX 2.9/tex/latex/fvextra/fvextra.sty"
Package: fvextra 2017/07/08 v1.3.1 fvextra - extensions and patches for fancyvrb


("D:/Programmi/MiKTeX 2.9/tex/latex/base/ifthen.sty"
Package: ifthen 2014/09/29 v1.1c Standard LaTeX ifthen package (DPC)
)
("D:/Programmi/MiKTeX 2.9/tex/latex/etoolbox/etoolbox.sty"
Package: etoolbox 2018/02/11 v2.5e e-TeX tools for LaTeX (JAW)
\etb@tempcnta=\count309
)
("D:/Programmi/MiKTeX 2.9/tex/latex/fancyvrb/fancyvrb.sty"
Package: fancyvrb 2008/02/07

Style option: `fancyvrb' v2.7a, with DG/SPQR fixes, and firstline=lastline fix 
<2008/02/07> (tvz)
\FV@CodeLineNo=\count310
\FV@InFile=\read3
\FV@TabBox=\box83
\c@FancyVerbLine=\count311
\FV@StepNumber=\count312
\FV@OutFile=\write3
) ("D:/Programmi/MiKTeX 2.9/tex/latex/upquote/upquote.sty"
Package: upquote 2012/04/19 v1.3 upright-quote and grave-accent glyphs in verbat
im
)
("D:/Programmi/MiKTeX 2.9/tex/latex/lineno/lineno.sty"
Package: lineno 2005/11/02 line numbers on paragraphs v4.41
\linenopenalty=\count313
\output=\toks33
\linenoprevgraf=\count314
\linenumbersep=\dimen192
\linenumberwidth=\dimen193
\c@linenumber=\count315
\c@pagewiselinenumber=\count316
\c@LN@truepage=\count317
\c@internallinenumber=\count318
\c@internallinenumbers=\count319
\quotelinenumbersep=\dimen194
\bframerule=\dimen195
\bframesep=\dimen196
\bframebox=\box84
LaTeX Info: Redefining \\ on input line 3056.
)
\c@FV@TrueTabGroupLevel=\count320
\c@FV@TrueTabCounter=\count321
\FV@TabBox@Group=\box85
\FV@TmpLength=\skip71
\c@FV@HighlightLinesStart=\count322
\c@FV@HighlightLinesStop=\count323
\FV@LoopCount=\count324
\FV@NCharsBox=\box86
\FV@BreakIndent=\dimen197
\FV@BreakIndentNChars=\count325
\FV@BreakSymbolSepLeft=\dimen198
\FV@BreakSymbolSepLeftNChars=\count326
\FV@BreakSymbolSepRight=\dimen199
\FV@BreakSymbolSepRightNChars=\count327
\FV@BreakSymbolIndentLeft=\dimen256
\FV@BreakSymbolIndentLeftNChars=\count328
\FV@BreakSymbolIndentRight=\dimen257
\FV@BreakSymbolIndentRightNChars=\count329
\c@FancyVerbLineBreakLast=\count330
\FV@LineBox=\box87
\FV@LineIndentBox=\box88
)
("D:/Programmi/MiKTeX 2.9/tex/latex/tools/calc.sty"
Package: calc 2017/05/25 v4.3 Infix arithmetic (KKT,FJ)
\calc@Acount=\count331
\calc@Bcount=\count332
\calc@Adimen=\dimen258
\calc@Bdimen=\dimen259
\calc@Askip=\skip72
\calc@Bskip=\skip73
LaTeX Info: Redefining \setlength on input line 80.
LaTeX Info: Redefining \addtolength on input line 81.
\calc@Ccount=\count333
\calc@Cskip=\skip74
)
("D:/Programmi/MiKTeX 2.9/tex/latex/tools/shellesc.sty"
Package: shellesc 2016/06/07 v0.02a unified shell escape interface for LaTeX
Package shellesc Info: Unrestricted shell escape enabled on input line 67.
)
("D:/Programmi/MiKTeX 2.9/tex/latex/ifplatform/ifplatform.sty"
Package: ifplatform 2017/10/13 v0.4a Testing for the operating system

("D:/Programmi/MiKTeX 2.9/tex/generic/oberdiek/catchfile.sty"
Package: catchfile 2016/05/16 v1.7 Catch the contents of a file (HO)
))
("D:/Programmi/MiKTeX 2.9/tex/latex/xstring/xstring.sty"
("D:/Programmi/MiKTeX 2.9/tex/generic/xstring/xstring.tex"
\@xs@message=\write4
\integerpart=\count334
\decimalpart=\count335
)
Package: xstring 2013/10/13  v1.7c  String manipulations (C Tellechea)
)
("D:/Programmi/MiKTeX 2.9/tex/latex/framed/framed.sty"
Package: framed 2011/10/22 v 0.96: framed or shaded text with page breaks
\OuterFrameSep=\skip75
\fb@frw=\dimen260
\fb@frh=\dimen261
\FrameRule=\dimen262
\FrameSep=\dimen263
)
\minted@appexistsfile=\read4
\minted@bgbox=\box89
\minted@code=\write5
\c@minted@FancyVerbLineTemp=\count336
\c@minted@pygmentizecounter=\count337
\@float@every@listing=\toks34
\c@listing=\count338
)
("D:/Programmi/MiKTeX 2.9/tex/latex/fancyhdr/fancyhdr.sty"
Package: fancyhdr 2017/06/30 v3.9a Extensive control of page headers and footers

\f@nch@headwidth=\skip76
\f@nch@O@elh=\skip77
\f@nch@O@erh=\skip78
\f@nch@O@olh=\skip79
\f@nch@O@orh=\skip80
\f@nch@O@elf=\skip81
\f@nch@O@erf=\skip82
\f@nch@O@olf=\skip83
\f@nch@O@orf=\skip84
)
("D:/Programmi/MiKTeX 2.9/tex/latex/listings/lstlang1.sty"
File: lstlang1.sty 2015/06/04 1.6 listings language file
)
("D:/Programmi/MiKTeX 2.9/tex/latex/titlesec/titlesec.sty"
Package: titlesec 2016/03/21 v2.10.2 Sectioning titles
\ttl@box=\box90
\beforetitleunit=\skip85
\aftertitleunit=\skip86
\ttl@plus=\dimen264
\ttl@minus=\dimen265
\ttl@toksa=\toks35
\titlewidth=\dimen266
\titlewidthlast=\dimen267
\titlewidthfirst=\dimen268
)
("D:/Programmi/MiKTeX 2.9/tex/latex/blindtext/blindtext.sty"
Package: blindtext 2012/01/06 V2.0 blindtext-Package

("D:/Programmi/MiKTeX 2.9/tex/latex/tools/xspace.sty"
Package: xspace 2014/10/28 v1.13 Space after command names (DPC,MH)
)
\c@blindtext=\count339
\c@Blindtext=\count340
\c@blind@countparstart=\count341
\blind@countxx=\count342
\blindtext@numBlindtext=\count343
\blind@countyy=\count344
\c@blindlist=\count345
\c@blindlistlevel=\count346
\c@blindlist@level=\count347
\blind@listitem=\count348
\c@blind@listcount=\count349
\c@blind@levelcount=\count350
\blind@mathformula=\count351
\blind@Mathformula=\count352
\c@blind@randomcount=\count353
\c@blind@randommax=\count354
\c@blind@pangramcount=\count355
\c@blind@pangrammax=\count356
)
("D:/Programmi/MiKTeX 2.9/tex/latex/geometry/geometry.sty"
Package: geometry 2018/04/16 v5.8 Page Geometry
\Gm@cnth=\count357
\Gm@cntv=\count358
\c@Gm@tempcnt=\count359
\Gm@bindingoffset=\dimen269
\Gm@wd@mp=\dimen270
\Gm@odd@mp=\dimen271
\Gm@even@mp=\dimen272
\Gm@layoutwidth=\dimen273
\Gm@layoutheight=\dimen274
\Gm@layouthoffset=\dimen275
\Gm@layoutvoffset=\dimen276
\Gm@dimlist=\toks36

("D:/Programmi/MiKTeX 2.9/tex/latex/geometry/geometry.cfg"))
(./IST_Report_RegisterFile.aux

LaTeX Warning: Label `subsec:dec_capacitance' multiply defined.

)
\openout1 = IST_Report_RegisterFile.aux

LaTeX Font Info:    Checking defaults for OML/cmm/m/it on input line 165.
LaTeX Font Info:    ... okay on input line 165.
LaTeX Font Info:    Checking defaults for T1/cmr/m/n on input line 165.
LaTeX Font Info:    ... okay on input line 165.
LaTeX Font Info:    Checking defaults for OT1/cmr/m/n on input line 165.
LaTeX Font Info:    ... okay on input line 165.
LaTeX Font Info:    Checking defaults for OMS/cmsy/m/n on input line 165.
LaTeX Font Info:    ... okay on input line 165.
LaTeX Font Info:    Checking defaults for TU/lmr/m/n on input line 165.
LaTeX Font Info:    ... okay on input line 165.
LaTeX Font Info:    Checking defaults for OMX/cmex/m/n on input line 165.
LaTeX Font Info:    ... okay on input line 165.
LaTeX Font Info:    Checking defaults for U/cmr/m/n on input line 165.
LaTeX Font Info:    ... okay on input line 165.
LaTeX Font Info:    Checking defaults for TS1/cmr/m/n on input line 165.
LaTeX Font Info:    Try loading font information for TS1+cmr on input line 165.
 ("D:/Programmi/MiKTeX 2.9/tex/latex/base/ts1cmr.fd"
File: ts1cmr.fd 2014/09/29 v2.5h Standard LaTeX font definitions
)
LaTeX Font Info:    ... okay on input line 165.
LaTeX Font Info:    Checking defaults for PD1/pdf/m/n on input line 165.
LaTeX Font Info:    ... okay on input line 165.

("D:/Programmi/MiKTeX 2.9/tex/context/base/supp-pdf.mkii"
[Loading MPS to PDF converter (version 2006.09.02).]
\scratchcounter=\count360
\scratchdimen=\dimen277
\scratchbox=\box91
\nofMPsegments=\count361
\nofMParguments=\count362
\everyMPshowfont=\toks37
\MPscratchCnt=\count363
\MPscratchDim=\dimen278
\MPnumerator=\count364
\makeMPintoPDFobject=\count365
\everyMPtoPDFconversion=\toks38
) ("D:/Programmi/MiKTeX 2.9/tex/latex/oberdiek/epstopdf-base.sty"
Package: epstopdf-base 2016/05/15 v2.6 Base part for package epstopdf

("D:/Programmi/MiKTeX 2.9/tex/latex/oberdiek/grfext.sty"
Package: grfext 2016/05/16 v1.2 Manage graphics extensions (HO)
)
Package epstopdf-base Info: Redefining graphics rule for `.eps' on input line 43
8.
Package grfext Info: Graphics extension search list:
(grfext)             [.pdf,.png,.jpg,.mps,.jpeg,.jbig2,.jb2,.PDF,.PNG,.JPG,.JPEG
,.JBIG2,.JB2,.eps]
(grfext)             \AppendGraphicsExtensions on input line 456.
)
("D:/Programmi/MiKTeX 2.9/tex/latex/translator/translator-basic-dictionary-Engl
ish.dict"
Dictionary: translator-basic-dictionary, Language: English 
) ("D:/Programmi/MiKTeX 2.9/tex/latex/siunitx/siunitx-abbreviations.cfg"
File: siunitx-abbreviations.cfg 2017/11/26 v2.7k siunitx: Abbreviated units
)
\AtBeginShipoutBox=\box92
Package hyperref Info: Link coloring ON on input line 165.
 ("D:/Programmi/MiKTeX 2.9/tex/latex/hyperref/nameref.sty"
Package: nameref 2016/05/21 v2.44 Cross-referencing by name of section

("D:/Programmi/MiKTeX 2.9/tex/generic/oberdiek/gettitlestring.sty"
Package: gettitlestring 2016/05/16 v1.5 Cleanup title references (HO)
)
\c@section@level=\count366
)
LaTeX Info: Redefining \ref on input line 165.
LaTeX Info: Redefining \pageref on input line 165.
LaTeX Info: Redefining \nameref on input line 165.

(./IST_Report_RegisterFile.out) (./IST_Report_RegisterFile.out)
\@outlinefile=\write6

\openout6 = IST_Report_RegisterFile.out
Package caption Info: Begin \AtBeginDocument code.
Package caption Info: listings package is loaded.
Package caption Info: End \AtBeginDocument code.
\c@lstlisting=\count367

*geometry* driver: auto-detecting
*geometry* detected driver: luatex
*geometry* verbose mode - [ preamble ] result:
* driver: luatex
* paper: a4paper
* layout: <same size as paper>
* layoutoffset:(h,v)=(0.0pt,0.0pt)
* modes: 
* h-part:(L,W,R)=(71.13188pt, 455.24411pt, 71.13188pt)
* v-part:(T,H,B)=(113.81102pt, 631.65118pt, 99.58464pt)
* \paperwidth=597.50787pt
* \paperheight=845.04684pt
* \textwidth=455.24411pt
* \textheight=631.65118pt
* \oddsidemargin=-1.1381pt
* \evensidemargin=-1.1381pt
* \topmargin=9.66724pt
* \headheight=12.0pt
* \headsep=19.8738pt
* \topskip=12.0pt
* \footskip=30.0pt
* \marginparwidth=38.0pt
* \marginparsep=7.0pt
* \columnsep=10.0pt
* \skip\footins=10.8pt plus 4.0pt minus 2.0pt
* \hoffset=0.0pt
* \voffset=0.0pt
* \mag=1000
* \@twocolumnfalse
* \@twosidefalse
* \@mparswitchfalse
* \@reversemarginfalse
* (1in=72.27pt=25.4mm, 1cm=28.453pt)

LaTeX Font Info:    Try loading font information for U+msa on input line 165.
("D:/Programmi/MiKTeX 2.9/tex/latex/amsfonts/umsa.fd"
File: umsa.fd 2013/01/14 v3.01 AMS symbols A
)
LaTeX Font Info:    Try loading font information for U+msb on input line 165.

("D:/Programmi/MiKTeX 2.9/tex/latex/amsfonts/umsb.fd"
File: umsb.fd 2013/01/14 v3.01 AMS symbols B
)
(./IST_Report_RegisterFile.toc [1


{C:/Users/chiar/AppData/Local/MiKTeX/2.9/pdftex/config/pdftex.map}])
\tf@toc=\write7

\openout7 = IST_Report_RegisterFile.toc


Package Fancyhdr Warning: \headheight is too small (12.0pt): 
 Make it at least 14.49998pt.
 We now make it that large for the rest of the document.
 This may cause the page layout to be inconsistent, however.

[2] (./IST_Report_RegisterFile.lof)
\tf@lof=\write8

\openout8 = IST_Report_RegisterFile.lof
 [3

] (./Chapters/Chapter1.tex
Chapter 1.

Overfull \hbox (0.53226pt too wide) in paragraph at lines 1--1
[]\chapterNumber 1 
 []


Overfull \hbox (2.81497pt too wide) in paragraph at lines 3--3
|[]\T1/lmr/bx/n/20.74 In-tro-duc-tion to the lab-o-ra-tory ex-pe-ri-ence| 
 []

LaTeX Font Info:    Try loading font information for TS1+lmr on input line 8.
("D:/Programmi/MiKTeX 2.9/tex/latex/lm/ts1lmr.fd"
File: ts1lmr.fd 2009/10/30 v1.6 Font defs for Latin Modern
)
<foto/Chap1/REG_FILE-GENERAL_SCHEME.pdf, id=297, 817.13275pt x 572.1375pt>
File: foto/Chap1/REG_FILE-GENERAL_SCHEME.pdf Graphic file (type pdf)
<use foto/Chap1/REG_FILE-GENERAL_SCHEME.pdf>
Package luatex.def Info: foto/Chap1/REG_FILE-GENERAL_SCHEME.pdf  used on input l
ine 19.
(luatex.def)             Requested size: 326.8473pt x 228.85094pt.

warning  (pdf backend): ignoring duplicate destination with the name 'page.1'
[1


]
<foto/Chap1/sramcell.png, id=305, 877.77937pt x 573.64313pt>
File: foto/Chap1/sramcell.png Graphic file (type png)
<use foto/Chap1/sramcell.png>
Package luatex.def Info: foto/Chap1/sramcell.png  used on input line 27.
(luatex.def)             Requested size: 263.33585pt x 172.09425pt.


Package Fancyhdr Warning: \headheight is too small (12.0pt): 
 Make it at least 14.49998pt.
 We now make it that large for the rest of the document.
 This may cause the page layout to be inconsistent, however.


warning  (pdf backend): ignoring duplicate destination with the name 'page.2'
[2<./foto/Chap1/REG_FILE-GENERAL_SCHEME.pdf><./foto/Chap1/sramcell.png>]
<foto/Chap1/REG_FILE-BLOCK_SCHEME.png, id=347, 2704.1025pt x 2307.62125pt>
File: foto/Chap1/REG_FILE-BLOCK_SCHEME.png Graphic file (type png)
<use foto/Chap1/REG_FILE-BLOCK_SCHEME.png>
Package luatex.def Info: foto/Chap1/REG_FILE-BLOCK_SCHEME.png  used on input lin
e 42.
(luatex.def)             Requested size: 386.96027pt x 330.21269pt.


Package Fancyhdr Warning: \headheight is too small (12.0pt): 
 Make it at least 14.49998pt.
 We now make it that large for the rest of the document.
 This may cause the page layout to be inconsistent, however.


warning  (pdf backend): ignoring duplicate destination with the name 'page.3'
[3<./foto/Chap1/REG_FILE-BLOCK_SCHEME.png>]) (./Chapters/Chapter2.tex

Package Fancyhdr Warning: \headheight is too small (12.0pt): 
 Make it at least 14.49998pt.
 We now make it that large for the rest of the document.
 This may cause the page layout to be inconsistent, however.

[4]
Chapter 2.

Overfull \hbox (0.53226pt too wide) in paragraph at lines 1--1
[]\chapterNumber 2 
 []

<foto/Chap2/prechargeunit.png, id=363, 121.95563pt x 171.64125pt>
File: foto/Chap2/prechargeunit.png Graphic file (type png)
<use foto/Chap2/prechargeunit.png>
Package luatex.def Info: foto/Chap2/prechargeunit.png  used on input line 17.
(luatex.def)             Requested size: 97.5646pt x 137.31316pt.
[5

<./foto/Chap2/prechargeunit.png>]
Underfull \hbox (badness 10000) in paragraph at lines 23--24

 []

<foto/Chap2/NANDdec.png, id=368, 372.64218pt x 325.215pt>
File: foto/Chap2/NANDdec.png Graphic file (type png)
<use foto/Chap2/NANDdec.png>
Package luatex.def Info: foto/Chap2/NANDdec.png  used on input line 35.
(luatex.def)             Requested size: 223.58702pt x 195.1305pt.

Package Fancyhdr Warning: \headheight is too small (12.0pt): 
 Make it at least 14.49998pt.
 We now make it that large for the rest of the document.
 This may cause the page layout to be inconsistent, however.

[6]
<foto/Chap2/REG_FILE-BLOCK_SCHEME.png, id=373, 2704.1025pt x 2307.62125pt>
File: foto/Chap2/REG_FILE-BLOCK_SCHEME.png Graphic file (type png)
<use foto/Chap2/REG_FILE-BLOCK_SCHEME.png>
Package luatex.def Info: foto/Chap2/REG_FILE-BLOCK_SCHEME.png  used on input lin
e 47.
(luatex.def)             Requested size: 405.59787pt x 346.12825pt.


Package Fancyhdr Warning: \headheight is too small (12.0pt): 
 Make it at least 14.49998pt.
 We now make it that large for the rest of the document.
 This may cause the page layout to be inconsistent, however.

[7<./foto/Chap2/NANDdec.png>]

Package Fancyhdr Warning: \headheight is too small (12.0pt): 
 Make it at least 14.49998pt.
 We now make it that large for the rest of the document.
 This may cause the page layout to be inconsistent, however.

[8<./foto/Chap2/REG_FILE-BLOCK_SCHEME.png>]
<foto/Chap2/blockrowdec.png, id=385, 622.325pt x 185.69376pt>
File: foto/Chap2/blockrowdec.png Graphic file (type png)
<use foto/Chap2/blockrowdec.png>
Package luatex.def Info: foto/Chap2/blockrowdec.png  used on input line 70.
(luatex.def)             Requested size: 373.39787pt x 111.4171pt.


Package Fancyhdr Warning: \headheight is too small (12.0pt): 
 Make it at least 14.49998pt.
 We now make it that large for the rest of the document.
 This may cause the page layout to be inconsistent, however.

[9]
<foto/Chap2/wordlinedelay.png, id=390, 514.92375pt x 286.06876pt>
File: foto/Chap2/wordlinedelay.png Graphic file (type png)
<use foto/Chap2/wordlinedelay.png>
Package luatex.def Info: foto/Chap2/wordlinedelay.png  used on input line 85.
(luatex.def)             Requested size: 308.95662pt x 171.64258pt.


Package Fancyhdr Warning: \headheight is too small (12.0pt): 
 Make it at least 14.49998pt.
 We now make it that large for the rest of the document.
 This may cause the page layout to be inconsistent, however.

[10<./foto/Chap2/blockrowdec.png><./foto/Chap2/wordlinedelay.png>]
Underfull \hbox (badness 10000) in paragraph at lines 93--95

 []

<foto/Chap2/sramcell.png, id=397, 877.77937pt x 573.64313pt>
File: foto/Chap2/sramcell.png Graphic file (type png)
<use foto/Chap2/sramcell.png>
Package luatex.def Info: foto/Chap2/sramcell.png  used on input line 105.
(luatex.def)             Requested size: 351.10553pt x 229.45319pt.

Package Fancyhdr Warning: \headheight is too small (12.0pt): 
 Make it at least 14.49998pt.
 We now make it that large for the rest of the document.
 This may cause the page layout to be inconsistent, however.

[11<./foto/Chap2/sramcell.png>]
<foto/Chap2/senseamplifier.png, id=403, 295.1025pt x 500.62032pt>
File: foto/Chap2/senseamplifier.png Graphic file (type png)
<use foto/Chap2/senseamplifier.png>
Package luatex.def Info: foto/Chap2/senseamplifier.png  used on input line 130.
(luatex.def)             Requested size: 118.0389pt x 200.24457pt.


LaTeX Warning: `h' float specifier changed to `ht'.


Package Fancyhdr Warning: \headheight is too small (12.0pt): 
 Make it at least 14.49998pt.
 We now make it that large for the rest of the document.
 This may cause the page layout to be inconsistent, however.

[12]

Package Fancyhdr Warning: \headheight is too small (12.0pt): 
 Make it at least 14.49998pt.
 We now make it that large for the rest of the document.
 This may cause the page layout to be inconsistent, however.

[13<./foto/Chap2/senseamplifier.png>]
<foto/Chap2/writecell.png, id=417, 540.51938pt x 256.70906pt>
File: foto/Chap2/writecell.png Graphic file (type png)
<use foto/Chap2/writecell.png>
Package luatex.def Info: foto/Chap2/writecell.png  used on input line 168.
(luatex.def)             Requested size: 162.15706pt x 77.0133pt.

Overfull \hbox (25.58244pt too wide) in paragraph at lines 168--169
 [] 
 []


Underfull \hbox (badness 10000) in paragraph at lines 170--170
 [][]|\T1/lmr/m/n/10.95 Equiv-a-lent 
 []

File: foto/Chap2/sramcell.png Graphic file (type png)
<use foto/Chap2/sramcell.png>
Package luatex.def Info: foto/Chap2/sramcell.png  used on input line 177.
(luatex.def)             Requested size: 263.33585pt x 172.09425pt.

Overfull \hbox (18.0pt too wide) in paragraph at lines 163--183
[]$[]$ 
 []


Underfull \hbox (badness 10000) in paragraph at lines 163--183

 []


Package Fancyhdr Warning: \headheight is too small (12.0pt): 
 Make it at least 14.49998pt.
 We now make it that large for the rest of the document.
 This may cause the page layout to be inconsistent, however.

[14]
Underfull \hbox (badness 10000) in paragraph at lines 192--193

 []


Package Fancyhdr Warning: \headheight is too small (12.0pt): 
 Make it at least 14.49998pt.
 We now make it that large for the rest of the document.
 This may cause the page layout to be inconsistent, however.

[15<./foto/Chap2/writecell.png>]
Package epstopdf Info: Source file: <foto/Chap2/delay_read.eps>
(epstopdf)                    date: 2019-06-04 16:57:04
(epstopdf)                    size: 22402 bytes
(epstopdf)             Output file: <foto/Chap2/delay_read-eps-converted-to.pdf>

(epstopdf)                    date: 2019-06-04 16:57:30
(epstopdf)                    size: 5119 bytes
(epstopdf)             Command: <epstopdf --outfile=foto/Chap2/delay_read-eps-co
nverted-to.pdf foto/Chap2/delay_read.eps>
(epstopdf)             \includegraphics on input line 200.
Package epstopdf Info: Output file is already uptodate.
<foto/Chap2/delay_read-eps-converted-to.pdf, id=431, 937.5025pt x 507.8975pt>
File: foto/Chap2/delay_read-eps-converted-to.pdf Graphic file (type pdf)
<use foto/Chap2/delay_read-eps-converted-to.pdf>
Package luatex.def Info: foto/Chap2/delay_read-eps-converted-to.pdf  used on inp
ut line 200.
(luatex.def)             Requested size: 374.99435pt x 203.1554pt.
Package epstopdf Info: Source file: <foto/Chap2/delay_write.eps>
(epstopdf)                    date: 2019-06-04 16:57:06
(epstopdf)                    size: 22072 bytes
(epstopdf)             Output file: <foto/Chap2/delay_write-eps-converted-to.pdf
>
(epstopdf)                    date: 2019-06-04 16:57:30
(epstopdf)                    size: 5098 bytes
(epstopdf)             Command: <epstopdf --outfile=foto/Chap2/delay_write-eps-c
onverted-to.pdf foto/Chap2/delay_write.eps>
(epstopdf)             \includegraphics on input line 210.
Package epstopdf Info: Output file is already uptodate.
<foto/Chap2/delay_write-eps-converted-to.pdf, id=433, 937.5025pt x 507.8975pt>
File: foto/Chap2/delay_write-eps-converted-to.pdf Graphic file (type pdf)
<use foto/Chap2/delay_write-eps-converted-to.pdf>
Package luatex.def Info: foto/Chap2/delay_write-eps-converted-to.pdf  used on in
put line 210.
(luatex.def)             Requested size: 374.99435pt x 203.1554pt.


Package Fancyhdr Warning: \headheight is too small (12.0pt): 
 Make it at least 14.49998pt.
 We now make it that large for the rest of the document.
 This may cause the page layout to be inconsistent, however.

[16<./foto/Chap2/delay_read-eps-converted-to.pdf>]) (./Chapters/Chapter3.tex

Package Fancyhdr Warning: \headheight is too small (12.0pt): 
 Make it at least 14.49998pt.
 We now make it that large for the rest of the document.
 This may cause the page layout to be inconsistent, however.

[17<./foto/Chap2/delay_write-eps-converted-to.pdf>]
Chapter 3.

Overfull \hbox (0.53226pt too wide) in paragraph at lines 1--1
[]\chapterNumber 3 
 []

[18

]
Underfull \hbox (badness 10000) in paragraph at lines 58--59

 []


Package Fancyhdr Warning: \headheight is too small (12.0pt): 
 Make it at least 14.49998pt.
 We now make it that large for the rest of the document.
 This may cause the page layout to be inconsistent, however.

[19]
Underfull \hbox (badness 10000) in paragraph at lines 126--127

 []


Package Fancyhdr Warning: \headheight is too small (12.0pt): 
 Make it at least 14.49998pt.
 We now make it that large for the rest of the document.
 This may cause the page layout to be inconsistent, however.

[20]

Package Fancyhdr Warning: \headheight is too small (12.0pt): 
 Make it at least 14.49998pt.
 We now make it that large for the rest of the document.
 This may cause the page layout to be inconsistent, however.

[21]
<foto/Chap3/read_test.png, id=478, 526.96875pt x 395.22656pt>
File: foto/Chap3/read_test.png Graphic file (type png)
<use foto/Chap3/read_test.png>
Package luatex.def Info: foto/Chap3/read_test.png  used on input line 193.
(luatex.def)             Requested size: 210.78375pt x 158.08781pt.

Overfull \hbox (28.68889pt too wide) in paragraph at lines 193--194
 [] 
 []


Underfull \hbox (badness 6675) in paragraph at lines 195--195
 [][]|\T1/lmr/m/n/10.95 Dy-namic Power Con- 
 []

<foto/Chap3/write_test.png, id=479, 526.96875pt x 395.22656pt>
File: foto/Chap3/write_test.png Graphic file (type png)
<use foto/Chap3/write_test.png>
Package luatex.def Info: foto/Chap3/write_test.png  used on input line 203.
(luatex.def)             Requested size: 210.78375pt x 158.08781pt.

Overfull \hbox (5.9253pt too wide) in paragraph at lines 203--204
 [] 
 []


Underfull \hbox (badness 3514) in paragraph at lines 205--205
 [][]|\T1/lmr/m/n/10.95 Dy-namic Power Con-sump- 
 []


Overfull \hbox (18.0pt too wide) in paragraph at lines 188--211
[]$[]$
 []

) (./Chapters/Chapter4.tex
Underfull \hbox (badness 10000) in paragraph at lines 212--1

 []


Package Fancyhdr Warning: \headheight is too small (12.0pt): 
 Make it at least 14.49998pt.
 We now make it that large for the rest of the document.
 This may cause the page layout to be inconsistent, however.

[22<./foto/Chap3/read_test.png><./foto/Chap3/write_test.png>]
Chapter 4.

Overfull \hbox (0.53226pt too wide) in paragraph at lines 1--1
[]\chapterNumber 4 
 []

<foto/Chap4/cube.png, id=485, 676.02562pt x 472.01344pt>
File: foto/Chap4/cube.png Graphic file (type png)
<use foto/Chap4/cube.png>
Package luatex.def Info: foto/Chap4/cube.png  used on input line 11.
(luatex.def)             Requested size: 352.345pt x 296.77196pt.
[23

<./foto/Chap4/cube.png>]
<foto/Chap4/section_pillars.png, id=495, 1022.82124pt x 750.805pt>
File: foto/Chap4/section_pillars.png Graphic file (type png)
<use foto/Chap4/section_pillars.png>
Package luatex.def Info: foto/Chap4/section_pillars.png  used on input line 58.
(luatex.def)             Requested size: 409.12125pt x 300.31668pt.


Package Fancyhdr Warning: \headheight is too small (12.0pt): 
 Make it at least 14.49998pt.
 We now make it that large for the rest of the document.
 This may cause the page layout to be inconsistent, however.

[24]
Underfull \hbox (badness 10000) in paragraph at lines 76--78

 []


Package Fancyhdr Warning: \headheight is too small (12.0pt): 
 Make it at least 14.49998pt.
 We now make it that large for the rest of the document.
 This may cause the page layout to be inconsistent, however.

[25<./foto/Chap4/section_pillars.png>]
Underfull \hbox (badness 10000) in paragraph at lines 95--97

 []


Overfull \hbox (25.78622pt too wide) detected at line 99
[] \OT1/cmr/m/n/12 = (\OML/cmm/m/it/12 N[]port[]Wr \OT1/cmr/m/n/12 + \OML/cmm/m
/it/12 N[]port[]Rd\OT1/cmr/m/n/12 ) \OMS/cmsy/m/n/12  \OT1/cmr/m/n/12 (#\OML/c
mm/m/it/12 Tr[]n[]Row[]Dec \OMS/cmsy/m/n/12  \OML/cmm/m/it/12 Tr[]n[]Area\OT1/
cmr/m/n/12 +
 []


Package Fancyhdr Warning: \headheight is too small (12.0pt): 
 Make it at least 14.49998pt.
 We now make it that large for the rest of the document.
 This may cause the page layout to be inconsistent, however.

[26]

Package hyperref Warning: Token not allowed in a PDF string (PDFDocEncoding):
(hyperref)                removing `\\' on input line 125.


Package Fancyhdr Warning: \headheight is too small (12.0pt): 
 Make it at least 14.49998pt.
 We now make it that large for the rest of the document.
 This may cause the page layout to be inconsistent, however.

[27]
Underfull \hbox (badness 10000) in paragraph at lines 182--184

 []


Overfull \hbox (23.17815pt too wide) detected at line 205
[] \OT1/cmr/m/n/12 = \OML/cmm/m/it/12 Memory[]Array[]Volume \OT1/cmr/m/n/12 + \
OML/cmm/m/it/12 Block[]Dec[]Volume \OT1/cmr/m/n/12 + \OML/cmm/m/it/12 Row[]Dec[
]Volume\OT1/cmr/m/n/12 +
 []


Package Fancyhdr Warning: \headheight is too small (12.0pt): 
 Make it at least 14.49998pt.
 We now make it that large for the rest of the document.
 This may cause the page layout to be inconsistent, however.

[28]
<foto/Chap4/Total_Area.png, id=521, 562.1pt x 421.575pt>
File: foto/Chap4/Total_Area.png Graphic file (type png)
<use foto/Chap4/Total_Area.png>
Package luatex.def Info: foto/Chap4/Total_Area.png  used on input line 220.
(luatex.def)             Requested size: 224.83601pt x 168.627pt.
<foto/Chap4/Total_Volume.png, id=522, 562.1pt x 421.575pt>
File: foto/Chap4/Total_Volume.png Graphic file (type png)
<use foto/Chap4/Total_Volume.png>
Package luatex.def Info: foto/Chap4/Total_Volume.png  used on input line 229.
(luatex.def)             Requested size: 224.83601pt x 168.627pt.
) (./Chapters/Chapter5.tex

Package Fancyhdr Warning: \headheight is too small (12.0pt): 
 Make it at least 14.49998pt.
 We now make it that large for the rest of the document.
 This may cause the page layout to be inconsistent, however.

[29<./foto/Chap4/Total_Area.png><./foto/Chap4/Total_Volume.png>]
Chapter 5.

Overfull \hbox (0.53226pt too wide) in paragraph at lines 1--1
[]\chapterNumber 5 
 []

(./_minted-IST_Report_RegisterFile/default-pyg-prefix.pygstyle)
(./_minted-IST_Report_RegisterFile/manni.pygstyle)
(./_minted-IST_Report_RegisterFile/578CC54DAE9E684837FA7D09B7BF37D6DA2E5CDFE4C5
D0AEAA863DFEDE3C382B.pygtex
LaTeX Font Info:    Try loading font information for T1+lmtt on input line 1.
 ("D:/Programmi/MiKTeX 2.9/tex/latex/lm/t1lmtt.fd"
File: t1lmtt.fd 2009/10/30 v1.6 Font defs for Latin Modern
)
Overfull \hbox (30.24062pt too wide) in paragraph at lines 153--153
|| ||[]\T1/lmtt/m/it/10 %%%%%%%%%%%%%%%%%%%%%%%%%%%%%%%%%%%%%%%%%%%%%%%%%%%%%%%
%%%%%%%%%%%%%%%%%%%%%%%%%%%%%%%%%%%%[]|  
 []


Overfull \hbox (30.24062pt too wide) in paragraph at lines 154--154
|| ||[]\T1/lmtt/m/it/10 %%%%%%%%%%%%%%%%%%%%%%%%%%%%%%%%%%%%%%%%%%%%%%%%%%%%%%%
%%%%%%%%%%%%%%%%%%%%%%%%%%%%%%%%%%%%[]|  
 []

LaTeX Font Info:    Font shape `T1/lmtt/bx/n' in size <10> not available
(Font)              Font shape `T1/lmtt/b/n' tried instead on input line 158.
LaTeX Font Info:    Try loading font information for TS1+lmtt on input line 241.

("D:/Programmi/MiKTeX 2.9/tex/latex/lm/ts1lmtt.fd"
File: ts1lmtt.fd 2009/10/30 v1.6 Font defs for Latin Modern
)) [30

]
Underfull \vbox (badness 10000) detected at line 11
 []


Underfull \vbox (badness 10000) detected at line 11
 []


Package Fancyhdr Warning: \headheight is too small (12.0pt): 
 Make it at least 14.49998pt.
 We now make it that large for the rest of the document.
 This may cause the page layout to be inconsistent, however.

[31]
Underfull \vbox (badness 10000) detected at line 11
 []


Underfull \vbox (badness 10000) detected at line 11
 []


Package Fancyhdr Warning: \headheight is too small (12.0pt): 
 Make it at least 14.49998pt.
 We now make it that large for the rest of the document.
 This may cause the page layout to be inconsistent, however.

[32]
Underfull \vbox (badness 10000) detected at line 11
 []


Underfull \vbox (badness 10000) detected at line 11
 []


Package Fancyhdr Warning: \headheight is too small (12.0pt): 
 Make it at least 14.49998pt.
 We now make it that large for the rest of the document.
 This may cause the page layout to be inconsistent, however.

[33]
Underfull \vbox (badness 10000) detected at line 11
 []


Underfull \vbox (badness 10000) detected at line 11
 []


Package Fancyhdr Warning: \headheight is too small (12.0pt): 
 Make it at least 14.49998pt.
 We now make it that large for the rest of the document.
 This may cause the page layout to be inconsistent, however.

[34]
Underfull \vbox (badness 10000) detected at line 11
 []


Underfull \vbox (badness 10000) detected at line 11
 []


Package Fancyhdr Warning: \headheight is too small (12.0pt): 
 Make it at least 14.49998pt.
 We now make it that large for the rest of the document.
 This may cause the page layout to be inconsistent, however.

[35]
Underfull \vbox (badness 10000) detected at line 11
 []


Underfull \vbox (badness 10000) detected at line 11
 []


Package Fancyhdr Warning: \headheight is too small (12.0pt): 
 Make it at least 14.49998pt.
 We now make it that large for the rest of the document.
 This may cause the page layout to be inconsistent, however.

[36]
(./_minted-IST_Report_RegisterFile/502214F4FEDDDFD522EA212AA036F5C800743F9F46BB
ABC979078FB681B07A9C.pygtex
Overfull \hbox (18.00453pt too wide) in paragraph at lines 82--82
|| | |[]\T1/lmtt/m/n/10 W=([]2[][]*[](N_port_Wr[]+[]N_port_Rd)[]*[]Pitch_pp[]+[
][]sqrt[](Area_BitCell))[]*[]N_bit[]+[]Pitch_pp[]*[](N_bit[]-[][]1[]);|  
 []


Overfull \hbox (7.50456pt too wide) in paragraph at lines 86--86
|| | |[]\T1/lmtt/m/n/10 H=((N_port_Wr[]+[]N_port_Rd)[]*[]Pitch_pp[]+[][]sqrt[](
Area_BitCell))[]*[]N_bit[]+[]Pitch_pp[]*[](N_bit[]-[][]1[]);|  
 []


Overfull \hbox (54.75443pt too wide) in paragraph at lines 140--140
|| | |[]\T1/lmtt/m/n/10 total_read_energy=[]0.5[][]*[]Cd_row_dec[]*[](V_sel^[]2
[][]+[](N_wl[]-[][]1[])[]*[]V_unsel^[]2[])[]*[]N_block[]+[]total_read_energy;| 
 
 []


Overfull \hbox (154.50414pt too wide) in paragraph at lines 153--153
|| | |[]\T1/lmtt/m/n/10 total_read_energy=[]0.5[][]*[]C_bl[]*[]V_bl_prec[]*[]([
]abs[](V_bl_prec[]-[]V_rd_0)[]+[][]abs[](V_bl_prec[]-[]V_rd_1))[]*[]N_bit[]+[]t
otal_read_energy;|  
 []


Overfull \hbox (123.00423pt too wide) in paragraph at lines 156--156
[]\T1/lmtt/m/n/10 0.5[][]*[]Cd_blockpass[]*[]V_bl_prec[]*[]([]abs[](V_bl_prec[]
-[]V_rd_0)[]+[][]abs[](V_bl_prec[]-[]V_rd_1))[]*[]N_bit[]+[]total_read_energy;|
  
 []


Overfull \hbox (39.00447pt too wide) in paragraph at lines 171--171
|| | |[]\T1/lmtt/m/n/10 total_write_energy=[]0.5[][]*[]C_bl_write[]*[]((V_prog)
^[]2[][]+[](V_unprog)^[]2[])[]*[]N_bit[]+[]total_write_energy;|  
 []


Overfull \hbox (65.2544pt too wide) in paragraph at lines 187--187
|| | |[]\T1/lmtt/m/n/10 total_write_energy=[]0.5[][]*[]Cd_row_dec[]*[](V_sel^[]
2[][]+[](N_wl[]-[][]1[])[]*[]V_unsel^[]2[])[]*[]N_block[]+[]total_write_energy;
|  
 []


Overfull \hbox (33.75449pt too wide) in paragraph at lines 263--263
\T1/lmtt/m/n/10 Req_sa_mod_parallel[]*[](Cd_sa_p[]+[]Cd_sa_n[]+[]Cg_sa_p[]+[]Cg
_sa_n[]+[](BL_c[]*[]BL_length)[]+[]Cd_blockpass);|  
 []


Overfull \hbox (23.25452pt too wide) in paragraph at lines 340--340
|| ||\T1/lmtt/m/n/10 tau_1=[]1[][]/[]([]1[][]/[]Req_cell_p[]+[][]1[][]/[]Req_ac
cess_n)[]*[](Cg_cell_p[]+[]Cg_cell_n[]+[]Cd_cell_p[]+[]Cd_cell_n[]+[]Cs_access)
;|  
 []


Overfull \hbox (170.25409pt too wide) in paragraph at lines 354--354
\T1/lmtt/m/n/10 Row_Address[]*[]N_wl[]+[]N_wl[]+[]Row_Address;[][][][][][][][][
]|  
 []


Overfull \hbox (123.00423pt too wide) in paragraph at lines 358--358
\T1/lmtt/m/n/10 N_bit[]*[]Tr_p_Area);[][][][][][][][][][]|  
 []


Overfull \hbox (228.00392pt too wide) in paragraph at lines 360--360
\T1/lmtt/m/n/10 (N_port_Wr[]+[]N_port_Rd)[]*[]N_wl[]*[]Tr_n_Area;[][][][][][][]
[][][]|  
 []


Overfull \hbox (222.75394pt too wide) in paragraph at lines 362--362
\T1/lmtt/m/n/10 N_block[]*[]N_port_Rd[]*[]Tr_n_Area;[][][][][][][][][][][]|  
 []


Overfull \hbox (191.25403pt too wide) in paragraph at lines 364--364
\T1/lmtt/m/n/10 N_port_Rd[]*[]N_bit[]*[]([]3[][]*[]Tr_p_Area);[][][][][][][][][
][]|  
 []


Overfull \hbox (18.00453pt too wide) in paragraph at lines 368--368
\T1/lmtt/m/n/10 n_Tr_p_SA[]*[]Tr_p_Area);[][][][][][][]|  
 []

)

Package Fancyhdr Warning: \headheight is too small (12.0pt): 
 Make it at least 14.49998pt.
 We now make it that large for the rest of the document.
 This may cause the page layout to be inconsistent, however.

[37]
Underfull \vbox (badness 10000) detected at line 21
 []


Underfull \vbox (badness 10000) detected at line 21
 []


Package Fancyhdr Warning: \headheight is too small (12.0pt): 
 Make it at least 14.49998pt.
 We now make it that large for the rest of the document.
 This may cause the page layout to be inconsistent, however.

[38]
Underfull \vbox (badness 10000) detected at line 21
 []


Underfull \vbox (badness 10000) detected at line 21
 []


Package Fancyhdr Warning: \headheight is too small (12.0pt): 
 Make it at least 14.49998pt.
 We now make it that large for the rest of the document.
 This may cause the page layout to be inconsistent, however.

[39]
Underfull \vbox (badness 10000) detected at line 21
 []


Underfull \vbox (badness 10000) detected at line 21
 []


Package Fancyhdr Warning: \headheight is too small (12.0pt): 
 Make it at least 14.49998pt.
 We now make it that large for the rest of the document.
 This may cause the page layout to be inconsistent, however.

[40]
Underfull \vbox (badness 10000) detected at line 21
 []


Underfull \vbox (badness 10000) detected at line 21
 []


Package Fancyhdr Warning: \headheight is too small (12.0pt): 
 Make it at least 14.49998pt.
 We now make it that large for the rest of the document.
 This may cause the page layout to be inconsistent, however.

[41]
Underfull \vbox (badness 10000) detected at line 21
 []


Underfull \vbox (badness 10000) detected at line 21
 []


Package Fancyhdr Warning: \headheight is too small (12.0pt): 
 Make it at least 14.49998pt.
 We now make it that large for the rest of the document.
 This may cause the page layout to be inconsistent, however.

[42]
Underfull \vbox (badness 10000) detected at line 21
 []


Underfull \vbox (badness 10000) detected at line 21
 []


Package Fancyhdr Warning: \headheight is too small (12.0pt): 
 Make it at least 14.49998pt.
 We now make it that large for the rest of the document.
 This may cause the page layout to be inconsistent, however.

[43]
Underfull \vbox (badness 10000) detected at line 21
 []


Underfull \vbox (badness 10000) detected at line 21
 []


Package Fancyhdr Warning: \headheight is too small (12.0pt): 
 Make it at least 14.49998pt.
 We now make it that large for the rest of the document.
 This may cause the page layout to be inconsistent, however.

[44]
Underfull \vbox (badness 10000) detected at line 21
 []


Underfull \vbox (badness 10000) detected at line 21
 []


Package Fancyhdr Warning: \headheight is too small (12.0pt): 
 Make it at least 14.49998pt.
 We now make it that large for the rest of the document.
 This may cause the page layout to be inconsistent, however.

[45]
Underfull \vbox (badness 10000) detected at line 21
 []


Underfull \vbox (badness 10000) detected at line 21
 []


Package Fancyhdr Warning: \headheight is too small (12.0pt): 
 Make it at least 14.49998pt.
 We now make it that large for the rest of the document.
 This may cause the page layout to be inconsistent, however.

[46])
Package atveryend Info: Empty hook `BeforeClearDocument' on input line 195.


Package Fancyhdr Warning: \headheight is too small (12.0pt): 
 Make it at least 14.49998pt.
 We now make it that large for the rest of the document.
 This may cause the page layout to be inconsistent, however.

[47]
Package atveryend Info: Empty hook `AfterLastShipout' on input line 195.
 (./IST_Report_RegisterFile.aux)
Package atveryend Info: Executing hook `AtVeryEndDocument' on input line 195.
Package atveryend Info: Executing hook `AtEndAfterFileList' on input line 195.
Package rerunfilecheck Info: File `IST_Report_RegisterFile.out' has not changed.

(rerunfilecheck)             Checksum: CCD8CE614BB0DEE34CEFF431E81C4ACD;3286.


LaTeX Warning: There were multiply-defined labels.

Package atveryend Info: Empty hook `AtVeryVeryEnd' on input line 195.
)

Here is how much of LuaTeX's memory you used:
 27257 strings out of 494412
 244187,794899 words of node,token memory allocated
 1521 words of node memory still in use:
   16 hlist, 12 vlist, 7 rule, 5 local_par, 27 glue, 1 kern, 10 penalty, 5 glyph
, 111 attribute, 73 glue_spec, 111 attribute_list, 1 write, 1 pdf_action, 10 pdf
_colorstack nodes
   avail lists: 1:3,2:17508,3:1041,4:1376,5:1196,6:422,7:16295,8:944,9:2836,10:1
9,11:216
 30274 multiletter control sequences out of 65536+200000
 82 fonts using 7926615 bytes
 40i,12n,63p,1542b,925s stack positions out of 5000i,500n,10000p,200000b,50000s
{D:/Programmi/MiKTeX 2.9/fonts/enc/dvips/lm/lm-ts1.enc}{D:/Programmi/MiKTeX 2.9/
fonts/enc/dvips/lm/lm-ec.enc}<D:/Programmi/MiKTeX 2.9/fonts/type1/public/amsfont
s/cm/cmex10.pfb><D:/Programmi/MiKTeX 2.9/fonts/type1/public/amsfonts/cm/cmmi12.p
fb><D:/Programmi/MiKTeX 2.9/fonts/type1/public/amsfonts/cm/cmmi6.pfb><D:/Program
mi/MiKTeX 2.9/fonts/type1/public/amsfonts/cm/cmmi8.pfb><D:/Programmi/MiKTeX 2.9/
fonts/type1/public/amsfonts/cm/cmr12.pfb><D:/Programmi/MiKTeX 2.9/fonts/type1/pu
blic/amsfonts/cm/cmr8.pfb><D:/Programmi/MiKTeX 2.9/fonts/type1/public/amsfonts/c
m/cmsy10.pfb><D:/Programmi/MiKTeX 2.9/fonts/type1/public/amsfonts/cm/cmsy6.pfb><
D:/Programmi/MiKTeX 2.9/fonts/type1/public/amsfonts/cm/cmsy8.pfb><D:/Programmi/M
iKTeX 2.9/fonts/type1/public/amsfonts/euler/eurb10.pfb><D:/Programmi/MiKTeX 2.9/
fonts/type1/public/lm/lmbx10.pfb><D:/Programmi/MiKTeX 2.9/fonts/type1/public/lm/
lmbx12.pfb><D:/Programmi/MiKTeX 2.9/fonts/type1/public/lm/lmr10.pfb><D:/Programm
i/MiKTeX 2.9/fonts/type1/public/lm/lmr12.pfb><D:/Programmi/MiKTeX 2.9/fonts/type
1/public/lm/lmr6.pfb><D:/Programmi/MiKTeX 2.9/fonts/type1/public/lm/lmr8.pfb><D:
/Programmi/MiKTeX 2.9/fonts/type1/public/lm/lmri12.pfb><D:/Programmi/MiKTeX 2.9/
fonts/type1/public/lm/lmro12.pfb><D:/Programmi/MiKTeX 2.9/fonts/type1/public/lm/
lmtk10.pfb><D:/Programmi/MiKTeX 2.9/fonts/type1/public/lm/lmtt10.pfb><D:/Program
mi/MiKTeX 2.9/fonts/type1/public/lm/lmtti10.pfb>
Output written on IST_Report_RegisterFile.pdf (50 pages, 1322685 bytes).

PDF statistics: 685 PDF objects out of 1000 (max. 8388607)
 116 named destinations out of 1000 (max. 131072)
 379 words of extra memory for PDF output out of 10000 (max. 100000000)

